Using these command line args: --workers 4 --checkpoint-epochs 10 --evaluation-epochs 5 --resume /scratch/ijh216/ssl/ssl_shake_mini_augment/2019-05-06_18-04-18/10/transient/checkpoint.325.ckpt --dataset sslMini --train-subdir supervised/train --unsup-subdir unsupervised --eval-subdir supervised/val --augment-unlabeled-init True --arch cifar_shakeshake26 --ema-decay 0.999 --consistency-type mse --consistency-rampup 150 --consistency 1000.0 --logit-distance-cost 0.01 --weight-decay 0.0002 --innovate False --epochs 350 --augment-unlabeled-epoch -1 --start-epoch 0 --lr 0.1 --lr-rampup 0 --lr-rampdown-epochs 25 --nesterov True --num-cycles 10 --cycle-interval 10 --fastswa-frequencies 3 --device cuda --batch-size 256 --labeled-batch-size 65
=> creating model 'cifar_shakeshake26'
=> creating model 'cifar_shakeshake26'
=> creating model 'cifar_shakeshake26'
=> creating model 'cifar_shakeshake26'

List of model parameters:
=========================
module.conv1.weight                            16 * 3 * 3 * 3 =         432
module.layer1.0.conv_a1.weight                96 * 16 * 3 * 3 =      13,824
module.layer1.0.bn_a1.weight                               96 =          96
module.layer1.0.bn_a1.bias                                 96 =          96
module.layer1.0.conv_a2.weight                96 * 96 * 3 * 3 =      82,944
module.layer1.0.bn_a2.weight                               96 =          96
module.layer1.0.bn_a2.bias                                 96 =          96
module.layer1.0.conv_b1.weight                96 * 16 * 3 * 3 =      13,824
module.layer1.0.bn_b1.weight                               96 =          96
module.layer1.0.bn_b1.bias                                 96 =          96
module.layer1.0.conv_b2.weight                96 * 96 * 3 * 3 =      82,944
module.layer1.0.bn_b2.weight                               96 =          96
module.layer1.0.bn_b2.bias                                 96 =          96
module.layer1.0.downsample.0.weight           96 * 16 * 1 * 1 =       1,536
module.layer1.0.downsample.1.weight                        96 =          96
module.layer1.0.downsample.1.bias                          96 =          96
module.layer1.1.conv_a1.weight                96 * 96 * 3 * 3 =      82,944
module.layer1.1.bn_a1.weight                               96 =          96
module.layer1.1.bn_a1.bias                                 96 =          96
module.layer1.1.conv_a2.weight                96 * 96 * 3 * 3 =      82,944
module.layer1.1.bn_a2.weight                               96 =          96
module.layer1.1.bn_a2.bias                                 96 =          96
module.layer1.1.conv_b1.weight                96 * 96 * 3 * 3 =      82,944
module.layer1.1.bn_b1.weight                               96 =          96
module.layer1.1.bn_b1.bias                                 96 =          96
module.layer1.1.conv_b2.weight                96 * 96 * 3 * 3 =      82,944
module.layer1.1.bn_b2.weight                               96 =          96
module.layer1.1.bn_b2.bias                                 96 =          96
module.layer1.2.conv_a1.weight                96 * 96 * 3 * 3 =      82,944
module.layer1.2.bn_a1.weight                               96 =          96
module.layer1.2.bn_a1.bias                                 96 =          96
module.layer1.2.conv_a2.weight                96 * 96 * 3 * 3 =      82,944
module.layer1.2.bn_a2.weight                               96 =          96
module.layer1.2.bn_a2.bias                                 96 =          96
module.layer1.2.conv_b1.weight                96 * 96 * 3 * 3 =      82,944
module.layer1.2.bn_b1.weight                               96 =          96
module.layer1.2.bn_b1.bias                                 96 =          96
module.layer1.2.conv_b2.weight                96 * 96 * 3 * 3 =      82,944
module.layer1.2.bn_b2.weight                               96 =          96
module.layer1.2.bn_b2.bias                                 96 =          96
module.layer1.3.conv_a1.weight                96 * 96 * 3 * 3 =      82,944
module.layer1.3.bn_a1.weight                               96 =          96
module.layer1.3.bn_a1.bias                                 96 =          96
module.layer1.3.conv_a2.weight                96 * 96 * 3 * 3 =      82,944
module.layer1.3.bn_a2.weight                               96 =          96
module.layer1.3.bn_a2.bias                                 96 =          96
module.layer1.3.conv_b1.weight                96 * 96 * 3 * 3 =      82,944
module.layer1.3.bn_b1.weight                               96 =          96
module.layer1.3.bn_b1.bias                                 96 =          96
module.layer1.3.conv_b2.weight                96 * 96 * 3 * 3 =      82,944
module.layer1.3.bn_b2.weight                               96 =          96
module.layer1.3.bn_b2.bias                                 96 =          96
module.layer2.0.conv_a1.weight               192 * 96 * 3 * 3 =     165,888
module.layer2.0.bn_a1.weight                              192 =         192
module.layer2.0.bn_a1.bias                                192 =         192
module.layer2.0.conv_a2.weight              192 * 192 * 3 * 3 =     331,776
module.layer2.0.bn_a2.weight                              192 =         192
module.layer2.0.bn_a2.bias                                192 =         192
module.layer2.0.conv_b1.weight               192 * 96 * 3 * 3 =     165,888
module.layer2.0.bn_b1.weight                              192 =         192
module.layer2.0.bn_b1.bias                                192 =         192
module.layer2.0.conv_b2.weight              192 * 192 * 3 * 3 =     331,776
module.layer2.0.bn_b2.weight                              192 =         192
module.layer2.0.bn_b2.bias                                192 =         192
module.layer2.0.downsample.conv.weight       192 * 96 * 1 * 1 =      18,432
module.layer2.0.downsample.conv.bias                      192 =         192
module.layer2.0.downsample.bn.weight                      192 =         192
module.layer2.0.downsample.bn.bias                        192 =         192
module.layer2.1.conv_a1.weight              192 * 192 * 3 * 3 =     331,776
module.layer2.1.bn_a1.weight                              192 =         192
module.layer2.1.bn_a1.bias                                192 =         192
module.layer2.1.conv_a2.weight              192 * 192 * 3 * 3 =     331,776
module.layer2.1.bn_a2.weight                              192 =         192
module.layer2.1.bn_a2.bias                                192 =         192
module.layer2.1.conv_b1.weight              192 * 192 * 3 * 3 =     331,776
module.layer2.1.bn_b1.weight                              192 =         192
module.layer2.1.bn_b1.bias                                192 =         192
module.layer2.1.conv_b2.weight              192 * 192 * 3 * 3 =     331,776
module.layer2.1.bn_b2.weight                              192 =         192
module.layer2.1.bn_b2.bias                                192 =         192
module.layer2.2.conv_a1.weight              192 * 192 * 3 * 3 =     331,776
module.layer2.2.bn_a1.weight                              192 =         192
module.layer2.2.bn_a1.bias                                192 =         192
module.layer2.2.conv_a2.weight              192 * 192 * 3 * 3 =     331,776
module.layer2.2.bn_a2.weight                              192 =         192
module.layer2.2.bn_a2.bias                                192 =         192
module.layer2.2.conv_b1.weight              192 * 192 * 3 * 3 =     331,776
module.layer2.2.bn_b1.weight                              192 =         192
module.layer2.2.bn_b1.bias                                192 =         192
module.layer2.2.conv_b2.weight              192 * 192 * 3 * 3 =     331,776
module.layer2.2.bn_b2.weight                              192 =         192
module.layer2.2.bn_b2.bias                                192 =         192
module.layer2.3.conv_a1.weight              192 * 192 * 3 * 3 =     331,776
module.layer2.3.bn_a1.weight                              192 =         192
module.layer2.3.bn_a1.bias                                192 =         192
module.layer2.3.conv_a2.weight              192 * 192 * 3 * 3 =     331,776
module.layer2.3.bn_a2.weight                              192 =         192
module.layer2.3.bn_a2.bias                                192 =         192
module.layer2.3.conv_b1.weight              192 * 192 * 3 * 3 =     331,776
module.layer2.3.bn_b1.weight                              192 =         192
module.layer2.3.bn_b1.bias                                192 =         192
module.layer2.3.conv_b2.weight              192 * 192 * 3 * 3 =     331,776
module.layer2.3.bn_b2.weight                              192 =         192
module.layer2.3.bn_b2.bias                                192 =         192
module.layer3.0.conv_a1.weight              384 * 192 * 3 * 3 =     663,552
module.layer3.0.bn_a1.weight                              384 =         384
module.layer3.0.bn_a1.bias                                384 =         384
module.layer3.0.conv_a2.weight              384 * 384 * 3 * 3 =   1,327,104
module.layer3.0.bn_a2.weight                              384 =         384
module.layer3.0.bn_a2.bias                                384 =         384
module.layer3.0.conv_b1.weight              384 * 192 * 3 * 3 =     663,552
module.layer3.0.bn_b1.weight                              384 =         384
module.layer3.0.bn_b1.bias                                384 =         384
module.layer3.0.conv_b2.weight              384 * 384 * 3 * 3 =   1,327,104
module.layer3.0.bn_b2.weight                              384 =         384
module.layer3.0.bn_b2.bias                                384 =         384
module.layer3.0.downsample.conv.weight      384 * 192 * 1 * 1 =      73,728
module.layer3.0.downsample.conv.bias                      384 =         384
module.layer3.0.downsample.bn.weight                      384 =         384
module.layer3.0.downsample.bn.bias                        384 =         384
module.layer3.1.conv_a1.weight              384 * 384 * 3 * 3 =   1,327,104
module.layer3.1.bn_a1.weight                              384 =         384
module.layer3.1.bn_a1.bias                                384 =         384
module.layer3.1.conv_a2.weight              384 * 384 * 3 * 3 =   1,327,104
module.layer3.1.bn_a2.weight                              384 =         384
module.layer3.1.bn_a2.bias                                384 =         384
module.layer3.1.conv_b1.weight              384 * 384 * 3 * 3 =   1,327,104
module.layer3.1.bn_b1.weight                              384 =         384
module.layer3.1.bn_b1.bias                                384 =         384
module.layer3.1.conv_b2.weight              384 * 384 * 3 * 3 =   1,327,104
module.layer3.1.bn_b2.weight                              384 =         384
module.layer3.1.bn_b2.bias                                384 =         384
module.layer3.2.conv_a1.weight              384 * 384 * 3 * 3 =   1,327,104
module.layer3.2.bn_a1.weight                              384 =         384
module.layer3.2.bn_a1.bias                                384 =         384
module.layer3.2.conv_a2.weight              384 * 384 * 3 * 3 =   1,327,104
module.layer3.2.bn_a2.weight                              384 =         384
module.layer3.2.bn_a2.bias                                384 =         384
module.layer3.2.conv_b1.weight              384 * 384 * 3 * 3 =   1,327,104
module.layer3.2.bn_b1.weight                              384 =         384
module.layer3.2.bn_b1.bias                                384 =         384
module.layer3.2.conv_b2.weight              384 * 384 * 3 * 3 =   1,327,104
module.layer3.2.bn_b2.weight                              384 =         384
module.layer3.2.bn_b2.bias                                384 =         384
module.layer3.3.conv_a1.weight              384 * 384 * 3 * 3 =   1,327,104
module.layer3.3.bn_a1.weight                              384 =         384
module.layer3.3.bn_a1.bias                                384 =         384
module.layer3.3.conv_a2.weight              384 * 384 * 3 * 3 =   1,327,104
module.layer3.3.bn_a2.weight                              384 =         384
module.layer3.3.bn_a2.bias                                384 =         384
module.layer3.3.conv_b1.weight              384 * 384 * 3 * 3 =   1,327,104
module.layer3.3.bn_b1.weight                              384 =         384
module.layer3.3.bn_b1.bias                                384 =         384
module.layer3.3.conv_b2.weight              384 * 384 * 3 * 3 =   1,327,104
module.layer3.3.bn_b2.weight                              384 =         384
module.layer3.3.bn_b2.bias                                384 =         384
module.fc1.weight                                  1000 * 384 =     384,000
module.fc1.bias                                          1000 =       1,000
module.fc2.weight                                  1000 * 384 =     384,000
module.fc2.bias                                          1000 =       1,000
===========================================================================
all parameters                                   sum of above =  26,959,616

=> loading checkpoint '/scratch/ijh216/ssl/ssl_shake_mini_augment/2019-05-06_18-04-18/10/transient/checkpoint.325.ckpt'
Augmenting Labeled Data
[64000, 115200]
Frequent SWAs with frequencies = [3]



----------------  WARNING (start != ckpt) ----------------



checkpoint['epoch']= 325
Traceback (most recent call last):
  File "py_jobs/ssl_shake_mini_continue.py", line 74, in <module>
    run(**parameters())
  File "py_jobs/ssl_shake_mini_continue.py", line 70, in run
    main.main(context)
  File "./main_2.py", line 101, in main
    best_acc1 = checkpoint['best_acc1']
KeyError: 'best_acc1'
