Using these command line args: --workers 4 --checkpoint-epochs 5 --evaluation-epochs 3 --dataset ssl2 --train-subdir supervised/train --eval-subdir supervised/val --unsup-subdir unsupervised --augment-unlabeled-init False --augment-unlabeled-epoch 300 --arch cifar_shakeshake26 --ema-decay 0.999 --consistency-type mse --consistency-rampup 150 --consistency 10000.0 --logit-distance-cost 0.01 --weight-decay 0.0002 --innovate False --epochs 450 --start-epoch 0 --lr 0.2 --lr-rampup 0 --lr-rampdown-epochs 475 --nesterov True --num-cycles 10 --cycle-interval 10 --fastswa-frequencies 3 --device cuda --batch-size 512 --labeled-batch-size 130
=> creating model 'cifar_shakeshake26'
=> creating model 'cifar_shakeshake26'
=> creating model 'cifar_shakeshake26'
=> creating model 'cifar_shakeshake26'

List of model parameters:
=========================
module.conv1.weight                            16 * 3 * 3 * 3 =         432
module.layer1.0.conv_a1.weight                96 * 16 * 3 * 3 =      13,824
module.layer1.0.bn_a1.weight                               96 =          96
module.layer1.0.bn_a1.bias                                 96 =          96
module.layer1.0.conv_a2.weight                96 * 96 * 3 * 3 =      82,944
module.layer1.0.bn_a2.weight                               96 =          96
module.layer1.0.bn_a2.bias                                 96 =          96
module.layer1.0.conv_b1.weight                96 * 16 * 3 * 3 =      13,824
module.layer1.0.bn_b1.weight                               96 =          96
module.layer1.0.bn_b1.bias                                 96 =          96
module.layer1.0.conv_b2.weight                96 * 96 * 3 * 3 =      82,944
module.layer1.0.bn_b2.weight                               96 =          96
module.layer1.0.bn_b2.bias                                 96 =          96
module.layer1.0.downsample.0.weight           96 * 16 * 1 * 1 =       1,536
module.layer1.0.downsample.1.weight                        96 =          96
module.layer1.0.downsample.1.bias                          96 =          96
module.layer1.1.conv_a1.weight                96 * 96 * 3 * 3 =      82,944
module.layer1.1.bn_a1.weight                               96 =          96
module.layer1.1.bn_a1.bias                                 96 =          96
module.layer1.1.conv_a2.weight                96 * 96 * 3 * 3 =      82,944
module.layer1.1.bn_a2.weight                               96 =          96
module.layer1.1.bn_a2.bias                                 96 =          96
module.layer1.1.conv_b1.weight                96 * 96 * 3 * 3 =      82,944
module.layer1.1.bn_b1.weight                               96 =          96
module.layer1.1.bn_b1.bias                                 96 =          96
module.layer1.1.conv_b2.weight                96 * 96 * 3 * 3 =      82,944
module.layer1.1.bn_b2.weight                               96 =          96
module.layer1.1.bn_b2.bias                                 96 =          96
module.layer1.2.conv_a1.weight                96 * 96 * 3 * 3 =      82,944
module.layer1.2.bn_a1.weight                               96 =          96
module.layer1.2.bn_a1.bias                                 96 =          96
module.layer1.2.conv_a2.weight                96 * 96 * 3 * 3 =      82,944
module.layer1.2.bn_a2.weight                               96 =          96
module.layer1.2.bn_a2.bias                                 96 =          96
module.layer1.2.conv_b1.weight                96 * 96 * 3 * 3 =      82,944
module.layer1.2.bn_b1.weight                               96 =          96
module.layer1.2.bn_b1.bias                                 96 =          96
module.layer1.2.conv_b2.weight                96 * 96 * 3 * 3 =      82,944
module.layer1.2.bn_b2.weight                               96 =          96
module.layer1.2.bn_b2.bias                                 96 =          96
module.layer1.3.conv_a1.weight                96 * 96 * 3 * 3 =      82,944
module.layer1.3.bn_a1.weight                               96 =          96
module.layer1.3.bn_a1.bias                                 96 =          96
module.layer1.3.conv_a2.weight                96 * 96 * 3 * 3 =      82,944
module.layer1.3.bn_a2.weight                               96 =          96
module.layer1.3.bn_a2.bias                                 96 =          96
module.layer1.3.conv_b1.weight                96 * 96 * 3 * 3 =      82,944
module.layer1.3.bn_b1.weight                               96 =          96
module.layer1.3.bn_b1.bias                                 96 =          96
module.layer1.3.conv_b2.weight                96 * 96 * 3 * 3 =      82,944
module.layer1.3.bn_b2.weight                               96 =          96
module.layer1.3.bn_b2.bias                                 96 =          96
module.layer2.0.conv_a1.weight               192 * 96 * 3 * 3 =     165,888
module.layer2.0.bn_a1.weight                              192 =         192
module.layer2.0.bn_a1.bias                                192 =         192
module.layer2.0.conv_a2.weight              192 * 192 * 3 * 3 =     331,776
module.layer2.0.bn_a2.weight                              192 =         192
module.layer2.0.bn_a2.bias                                192 =         192
module.layer2.0.conv_b1.weight               192 * 96 * 3 * 3 =     165,888
module.layer2.0.bn_b1.weight                              192 =         192
module.layer2.0.bn_b1.bias                                192 =         192
module.layer2.0.conv_b2.weight              192 * 192 * 3 * 3 =     331,776
module.layer2.0.bn_b2.weight                              192 =         192
module.layer2.0.bn_b2.bias                                192 =         192
module.layer2.0.downsample.conv.weight       192 * 96 * 1 * 1 =      18,432
module.layer2.0.downsample.conv.bias                      192 =         192
module.layer2.0.downsample.bn.weight                      192 =         192
module.layer2.0.downsample.bn.bias                        192 =         192
module.layer2.1.conv_a1.weight              192 * 192 * 3 * 3 =     331,776
module.layer2.1.bn_a1.weight                              192 =         192
module.layer2.1.bn_a1.bias                                192 =         192
module.layer2.1.conv_a2.weight              192 * 192 * 3 * 3 =     331,776
module.layer2.1.bn_a2.weight                              192 =         192
module.layer2.1.bn_a2.bias                                192 =         192
module.layer2.1.conv_b1.weight              192 * 192 * 3 * 3 =     331,776
module.layer2.1.bn_b1.weight                              192 =         192
module.layer2.1.bn_b1.bias                                192 =         192
module.layer2.1.conv_b2.weight              192 * 192 * 3 * 3 =     331,776
module.layer2.1.bn_b2.weight                              192 =         192
module.layer2.1.bn_b2.bias                                192 =         192
module.layer2.2.conv_a1.weight              192 * 192 * 3 * 3 =     331,776
module.layer2.2.bn_a1.weight                              192 =         192
module.layer2.2.bn_a1.bias                                192 =         192
module.layer2.2.conv_a2.weight              192 * 192 * 3 * 3 =     331,776
module.layer2.2.bn_a2.weight                              192 =         192
module.layer2.2.bn_a2.bias                                192 =         192
module.layer2.2.conv_b1.weight              192 * 192 * 3 * 3 =     331,776
module.layer2.2.bn_b1.weight                              192 =         192
module.layer2.2.bn_b1.bias                                192 =         192
module.layer2.2.conv_b2.weight              192 * 192 * 3 * 3 =     331,776
module.layer2.2.bn_b2.weight                              192 =         192
module.layer2.2.bn_b2.bias                                192 =         192
module.layer2.3.conv_a1.weight              192 * 192 * 3 * 3 =     331,776
module.layer2.3.bn_a1.weight                              192 =         192
module.layer2.3.bn_a1.bias                                192 =         192
module.layer2.3.conv_a2.weight              192 * 192 * 3 * 3 =     331,776
module.layer2.3.bn_a2.weight                              192 =         192
module.layer2.3.bn_a2.bias                                192 =         192
module.layer2.3.conv_b1.weight              192 * 192 * 3 * 3 =     331,776
module.layer2.3.bn_b1.weight                              192 =         192
module.layer2.3.bn_b1.bias                                192 =         192
module.layer2.3.conv_b2.weight              192 * 192 * 3 * 3 =     331,776
module.layer2.3.bn_b2.weight                              192 =         192
module.layer2.3.bn_b2.bias                                192 =         192
module.layer3.0.conv_a1.weight              384 * 192 * 3 * 3 =     663,552
module.layer3.0.bn_a1.weight                              384 =         384
module.layer3.0.bn_a1.bias                                384 =         384
module.layer3.0.conv_a2.weight              384 * 384 * 3 * 3 =   1,327,104
module.layer3.0.bn_a2.weight                              384 =         384
module.layer3.0.bn_a2.bias                                384 =         384
module.layer3.0.conv_b1.weight              384 * 192 * 3 * 3 =     663,552
module.layer3.0.bn_b1.weight                              384 =         384
module.layer3.0.bn_b1.bias                                384 =         384
module.layer3.0.conv_b2.weight              384 * 384 * 3 * 3 =   1,327,104
module.layer3.0.bn_b2.weight                              384 =         384
module.layer3.0.bn_b2.bias                                384 =         384
module.layer3.0.downsample.conv.weight      384 * 192 * 1 * 1 =      73,728
module.layer3.0.downsample.conv.bias                      384 =         384
module.layer3.0.downsample.bn.weight                      384 =         384
module.layer3.0.downsample.bn.bias                        384 =         384
module.layer3.1.conv_a1.weight              384 * 384 * 3 * 3 =   1,327,104
module.layer3.1.bn_a1.weight                              384 =         384
module.layer3.1.bn_a1.bias                                384 =         384
module.layer3.1.conv_a2.weight              384 * 384 * 3 * 3 =   1,327,104
module.layer3.1.bn_a2.weight                              384 =         384
module.layer3.1.bn_a2.bias                                384 =         384
module.layer3.1.conv_b1.weight              384 * 384 * 3 * 3 =   1,327,104
module.layer3.1.bn_b1.weight                              384 =         384
module.layer3.1.bn_b1.bias                                384 =         384
module.layer3.1.conv_b2.weight              384 * 384 * 3 * 3 =   1,327,104
module.layer3.1.bn_b2.weight                              384 =         384
module.layer3.1.bn_b2.bias                                384 =         384
module.layer3.2.conv_a1.weight              384 * 384 * 3 * 3 =   1,327,104
module.layer3.2.bn_a1.weight                              384 =         384
module.layer3.2.bn_a1.bias                                384 =         384
module.layer3.2.conv_a2.weight              384 * 384 * 3 * 3 =   1,327,104
module.layer3.2.bn_a2.weight                              384 =         384
module.layer3.2.bn_a2.bias                                384 =         384
module.layer3.2.conv_b1.weight              384 * 384 * 3 * 3 =   1,327,104
module.layer3.2.bn_b1.weight                              384 =         384
module.layer3.2.bn_b1.bias                                384 =         384
module.layer3.2.conv_b2.weight              384 * 384 * 3 * 3 =   1,327,104
module.layer3.2.bn_b2.weight                              384 =         384
module.layer3.2.bn_b2.bias                                384 =         384
module.layer3.3.conv_a1.weight              384 * 384 * 3 * 3 =   1,327,104
module.layer3.3.bn_a1.weight                              384 =         384
module.layer3.3.bn_a1.bias                                384 =         384
module.layer3.3.conv_a2.weight              384 * 384 * 3 * 3 =   1,327,104
module.layer3.3.bn_a2.weight                              384 =         384
module.layer3.3.bn_a2.bias                                384 =         384
module.layer3.3.conv_b1.weight              384 * 384 * 3 * 3 =   1,327,104
module.layer3.3.bn_b1.weight                              384 =         384
module.layer3.3.bn_b1.bias                                384 =         384
module.layer3.3.conv_b2.weight              384 * 384 * 3 * 3 =   1,327,104
module.layer3.3.bn_b2.weight                              384 =         384
module.layer3.3.bn_b2.bias                                384 =         384
module.fc1.weight                                  1000 * 384 =     384,000
module.fc1.bias                                          1000 =       1,000
module.fc2.weight                                  1000 * 384 =     384,000
module.fc2.bias                                          1000 =       1,000
===========================================================================
all parameters                                   sum of above =  26,959,616

--- checkpoint saved to /scratch/ijh216/ssl//ssl2_new/2019-05-10_10-12-19/10/transient/checkpoint.0.ckpt ---
Frequent SWAs with frequencies = [3]
/home/ijh216/pytorch/py3.6.3/lib/python3.6/site-packages/torch/nn/_reduction.py:49: UserWarning: size_average and reduce args will be deprecated, please use reduction='sum' instead.
  warnings.warn(warning.format(ret))
Epoch: [0][0/250]	Time 23.516 (23.516)	Data 12.414 (12.414)	Class 6.9937 (6.9937)	Cons 0.0000 (0.0000)	Acc@1 0.000 (0.000)	Acc@5 0.391 (0.000)
Epoch: [0][10/250]	Time 2.878 (4.766)	Data 0.002 (1.166)	Class 6.8997 (6.9557)	Cons 0.0000 (0.0000)	Acc@1 0.391 (0.000)	Acc@5 2.734 (0.000)
Epoch: [0][20/250]	Time 2.905 (3.873)	Data 0.002 (0.612)	Class 6.7863 (6.9178)	Cons 0.0001 (0.0000)	Acc@1 0.586 (0.000)	Acc@5 2.734 (0.000)
Epoch: [0][30/250]	Time 2.907 (3.618)	Data 0.002 (0.468)	Class 6.7616 (6.8661)	Cons 0.0001 (0.0001)	Acc@1 0.781 (0.000)	Acc@5 3.125 (1.000)
Epoch: [0][40/250]	Time 3.089 (3.522)	Data 0.219 (0.437)	Class 6.5541 (6.8250)	Cons 0.0001 (0.0001)	Acc@1 0.977 (0.000)	Acc@5 5.078 (1.000)
Epoch: [0][50/250]	Time 2.857 (3.416)	Data 0.002 (0.374)	Class 6.6341 (6.7878)	Cons 0.0001 (0.0001)	Acc@1 1.758 (0.000)	Acc@5 4.102 (1.000)
Epoch: [0][60/250]	Time 2.863 (3.325)	Data 0.007 (0.313)	Class 6.5645 (6.7430)	Cons 0.0001 (0.0001)	Acc@1 1.367 (0.000)	Acc@5 4.102 (2.000)
Epoch: [0][70/250]	Time 2.845 (3.259)	Data 0.002 (0.269)	Class 6.4215 (6.7026)	Cons 0.0001 (0.0001)	Acc@1 1.367 (0.000)	Acc@5 4.688 (2.000)
Epoch: [0][80/250]	Time 2.871 (3.221)	Data 0.002 (0.250)	Class 6.3423 (6.6668)	Cons 0.0001 (0.0001)	Acc@1 1.953 (0.000)	Acc@5 5.859 (2.000)
Epoch: [0][90/250]	Time 2.846 (3.180)	Data 0.002 (0.223)	Class 6.3064 (6.6327)	Cons 0.0001 (0.0001)	Acc@1 1.562 (0.000)	Acc@5 5.859 (3.000)
Epoch: [0][100/250]	Time 3.205 (3.177)	Data 0.364 (0.231)	Class 6.2154 (6.5999)	Cons 0.0001 (0.0001)	Acc@1 1.758 (0.000)	Acc@5 6.641 (3.000)
Epoch: [0][110/250]	Time 2.866 (3.155)	Data 0.002 (0.217)	Class 6.2493 (6.5708)	Cons 0.0001 (0.0001)	Acc@1 1.367 (0.000)	Acc@5 7.227 (3.000)
Epoch: [0][120/250]	Time 2.873 (3.132)	Data 0.002 (0.199)	Class 6.1638 (6.5433)	Cons 0.0001 (0.0001)	Acc@1 3.516 (0.000)	Acc@5 7.812 (3.000)
Epoch: [0][130/250]	Time 2.865 (3.116)	Data 0.002 (0.189)	Class 6.1309 (6.5163)	Cons 0.0001 (0.0001)	Acc@1 2.539 (0.000)	Acc@5 8.594 (3.000)
Epoch: [0][140/250]	Time 2.884 (3.099)	Data 0.030 (0.176)	Class 6.1740 (6.4894)	Cons 0.0001 (0.0001)	Acc@1 1.562 (0.000)	Acc@5 5.273 (4.000)
Epoch: [0][150/250]	Time 2.882 (3.087)	Data 0.002 (0.168)	Class 6.0791 (6.4655)	Cons 0.0001 (0.0001)	Acc@1 1.758 (0.000)	Acc@5 8.203 (4.000)
Epoch: [0][160/250]	Time 3.325 (3.077)	Data 0.473 (0.161)	Class 6.0650 (6.4437)	Cons 0.0002 (0.0001)	Acc@1 1.562 (0.000)	Acc@5 7.617 (4.000)
Epoch: [0][170/250]	Time 2.885 (3.074)	Data 0.002 (0.160)	Class 6.0107 (6.4212)	Cons 0.0002 (0.0001)	Acc@1 3.320 (0.000)	Acc@5 10.352 (4.000)
Epoch: [0][180/250]	Time 3.317 (3.070)	Data 0.453 (0.158)	Class 6.0884 (6.4012)	Cons 0.0002 (0.0001)	Acc@1 1.758 (0.000)	Acc@5 7.227 (4.000)
Epoch: [0][190/250]	Time 2.875 (3.063)	Data 0.002 (0.153)	Class 6.0642 (6.3817)	Cons 0.0002 (0.0001)	Acc@1 1.758 (0.000)	Acc@5 9.375 (5.000)
Epoch: [0][200/250]	Time 3.728 (3.081)	Data 0.869 (0.173)	Class 6.0336 (6.3632)	Cons 0.0002 (0.0001)	Acc@1 2.344 (0.000)	Acc@5 9.180 (5.000)
Epoch: [0][210/250]	Time 2.869 (3.091)	Data 0.002 (0.185)	Class 6.0247 (6.3454)	Cons 0.0002 (0.0001)	Acc@1 3.516 (1.000)	Acc@5 8.984 (5.000)
Epoch: [0][220/250]	Time 3.514 (3.099)	Data 0.664 (0.194)	Class 5.9769 (6.3278)	Cons 0.0002 (0.0001)	Acc@1 1.953 (1.000)	Acc@5 8.789 (5.000)
Epoch: [0][230/250]	Time 2.884 (3.107)	Data 0.002 (0.204)	Class 5.8967 (6.3113)	Cons 0.0002 (0.0001)	Acc@1 2.930 (1.000)	Acc@5 10.938 (5.000)
Epoch: [0][240/250]	Time 5.076 (3.113)	Data 2.223 (0.212)	Class 5.9587 (6.2942)	Cons 0.0002 (0.0001)	Acc@1 3.125 (1.000)	Acc@5 10.938 (5.000)
--- training epoch in 778.5404663085938 seconds ---
Epoch: [1][0/250]	Time 15.888 (15.888)	Data 12.977 (12.977)	Class 5.7741 (5.7741)	Cons 0.0002 (0.0002)	Acc@1 4.102 (4.000)	Acc@5 12.109 (12.000)
Epoch: [1][10/250]	Time 2.862 (4.227)	Data 0.002 (1.368)	Class 5.8461 (5.8043)	Cons 0.0002 (0.0002)	Acc@1 3.906 (3.000)	Acc@5 11.914 (11.000)
Epoch: [1][20/250]	Time 2.870 (3.587)	Data 0.002 (0.726)	Class 5.7184 (5.8016)	Cons 0.0002 (0.0002)	Acc@1 2.734 (3.000)	Acc@5 11.523 (11.000)
Epoch: [1][30/250]	Time 2.870 (3.360)	Data 0.002 (0.494)	Class 5.7852 (5.8054)	Cons 0.0002 (0.0002)	Acc@1 4.102 (3.000)	Acc@5 12.305 (11.000)
Epoch: [1][40/250]	Time 4.410 (3.280)	Data 1.551 (0.412)	Class 5.7938 (5.8098)	Cons 0.0002 (0.0002)	Acc@1 5.078 (3.000)	Acc@5 11.914 (11.000)
Epoch: [1][50/250]	Time 2.866 (3.268)	Data 0.002 (0.402)	Class 5.7592 (5.7941)	Cons 0.0002 (0.0002)	Acc@1 2.539 (3.000)	Acc@5 12.500 (11.000)
Epoch: [1][60/250]	Time 5.012 (3.302)	Data 2.154 (0.435)	Class 5.7731 (5.7816)	Cons 0.0002 (0.0002)	Acc@1 5.078 (3.000)	Acc@5 13.086 (11.000)
Epoch: [1][70/250]	Time 2.863 (3.281)	Data 0.002 (0.414)	Class 5.7155 (5.7746)	Cons 0.0002 (0.0002)	Acc@1 5.664 (3.000)	Acc@5 14.258 (11.000)
Epoch: [1][80/250]	Time 3.503 (3.259)	Data 0.654 (0.393)	Class 5.7454 (5.7704)	Cons 0.0003 (0.0002)	Acc@1 3.320 (3.000)	Acc@5 12.695 (11.000)
Epoch: [1][90/250]	Time 2.860 (3.243)	Data 0.002 (0.376)	Class 5.6970 (5.7593)	Cons 0.0002 (0.0002)	Acc@1 3.516 (3.000)	Acc@5 16.016 (12.000)
Epoch: [1][100/250]	Time 3.419 (3.252)	Data 0.572 (0.386)	Class 5.6806 (5.7528)	Cons 0.0003 (0.0002)	Acc@1 4.297 (3.000)	Acc@5 16.016 (12.000)
Epoch: [1][110/250]	Time 2.866 (3.246)	Data 0.003 (0.380)	Class 5.6697 (5.7469)	Cons 0.0003 (0.0002)	Acc@1 5.078 (3.000)	Acc@5 14.258 (12.000)
Epoch: [1][120/250]	Time 3.418 (3.220)	Data 0.569 (0.354)	Class 5.7590 (5.7431)	Cons 0.0003 (0.0002)	Acc@1 5.273 (3.000)	Acc@5 15.625 (12.000)
Epoch: [1][130/250]	Time 2.871 (3.196)	Data 0.002 (0.331)	Class 5.5908 (5.7387)	Cons 0.0003 (0.0002)	Acc@1 4.688 (3.000)	Acc@5 15.234 (12.000)
Epoch: [1][140/250]	Time 6.884 (3.205)	Data 3.980 (0.339)	Class 5.6407 (5.7343)	Cons 0.0003 (0.0002)	Acc@1 5.273 (3.000)	Acc@5 13.672 (12.000)
Epoch: [1][150/250]	Time 2.857 (3.206)	Data 0.002 (0.340)	Class 5.5811 (5.7277)	Cons 0.0003 (0.0002)	Acc@1 6.836 (3.000)	Acc@5 14.453 (12.000)
Epoch: [1][160/250]	Time 4.960 (3.224)	Data 2.115 (0.359)	Class 5.6030 (5.7224)	Cons 0.0003 (0.0002)	Acc@1 4.492 (3.000)	Acc@5 14.062 (12.000)
Epoch: [1][170/250]	Time 2.869 (3.209)	Data 0.002 (0.345)	Class 5.6510 (5.7180)	Cons 0.0003 (0.0003)	Acc@1 6.250 (3.000)	Acc@5 14.844 (12.000)
Epoch: [1][180/250]	Time 2.860 (3.208)	Data 0.003 (0.344)	Class 5.6403 (5.7138)	Cons 0.0003 (0.0003)	Acc@1 5.469 (3.000)	Acc@5 14.844 (12.000)
Epoch: [1][190/250]	Time 2.868 (3.226)	Data 0.002 (0.362)	Class 5.6267 (5.7063)	Cons 0.0003 (0.0003)	Acc@1 5.859 (3.000)	Acc@5 14.453 (13.000)
Epoch: [1][200/250]	Time 3.019 (3.225)	Data 0.169 (0.361)	Class 5.5846 (5.7020)	Cons 0.0003 (0.0003)	Acc@1 5.078 (3.000)	Acc@5 15.234 (13.000)
Epoch: [1][210/250]	Time 2.867 (3.229)	Data 0.002 (0.365)	Class 5.5703 (5.6971)	Cons 0.0003 (0.0003)	Acc@1 5.273 (3.000)	Acc@5 14.648 (13.000)
Epoch: [1][220/250]	Time 2.857 (3.226)	Data 0.022 (0.363)	Class 5.6112 (5.6913)	Cons 0.0003 (0.0003)	Acc@1 5.469 (3.000)	Acc@5 15.430 (13.000)
Epoch: [1][230/250]	Time 2.863 (3.219)	Data 0.002 (0.356)	Class 5.5038 (5.6848)	Cons 0.0004 (0.0003)	Acc@1 7.031 (4.000)	Acc@5 18.164 (13.000)
Epoch: [1][240/250]	Time 4.858 (3.214)	Data 2.009 (0.351)	Class 5.5228 (5.6790)	Cons 0.0003 (0.0003)	Acc@1 6.445 (4.000)	Acc@5 17.188 (13.000)
--- training epoch in 803.5406382083893 seconds ---
Epoch: [2][0/250]	Time 15.302 (15.302)	Data 12.411 (12.411)	Class 5.4406 (5.4406)	Cons 0.0004 (0.0004)	Acc@1 7.031 (7.000)	Acc@5 17.578 (17.000)
Epoch: [2][10/250]	Time 2.863 (4.255)	Data 0.002 (1.396)	Class 5.5555 (5.4457)	Cons 0.0004 (0.0004)	Acc@1 6.641 (6.000)	Acc@5 16.016 (17.000)
Epoch: [2][20/250]	Time 2.882 (3.597)	Data 0.002 (0.735)	Class 5.4604 (5.4451)	Cons 0.0004 (0.0004)	Acc@1 7.227 (5.000)	Acc@5 18.164 (17.000)
Epoch: [2][30/250]	Time 2.899 (3.366)	Data 0.002 (0.499)	Class 5.4705 (5.4410)	Cons 0.0004 (0.0004)	Acc@1 5.664 (5.000)	Acc@5 15.820 (17.000)
Epoch: [2][40/250]	Time 2.885 (3.250)	Data 0.002 (0.378)	Class 5.5618 (5.4462)	Cons 0.0004 (0.0004)	Acc@1 6.445 (5.000)	Acc@5 16.016 (16.000)
Epoch: [2][50/250]	Time 2.915 (3.181)	Data 0.002 (0.305)	Class 5.3652 (5.4431)	Cons 0.0004 (0.0004)	Acc@1 7.227 (5.000)	Acc@5 18.164 (17.000)
Epoch: [2][60/250]	Time 3.329 (3.142)	Data 0.447 (0.263)	Class 5.2326 (5.4374)	Cons 0.0004 (0.0004)	Acc@1 8.594 (5.000)	Acc@5 22.266 (17.000)
Epoch: [2][70/250]	Time 2.909 (3.168)	Data 0.002 (0.285)	Class 5.3604 (5.4366)	Cons 0.0004 (0.0004)	Acc@1 6.055 (5.000)	Acc@5 18.359 (17.000)
Epoch: [2][80/250]	Time 5.037 (3.229)	Data 2.172 (0.345)	Class 5.5765 (5.4333)	Cons 0.0004 (0.0004)	Acc@1 5.273 (5.000)	Acc@5 16.016 (17.000)
Epoch: [2][90/250]	Time 2.883 (3.223)	Data 0.002 (0.338)	Class 5.4807 (5.4307)	Cons 0.0004 (0.0004)	Acc@1 6.055 (5.000)	Acc@5 17.188 (17.000)
Epoch: [2][100/250]	Time 5.207 (3.229)	Data 2.339 (0.344)	Class 5.4057 (5.4309)	Cons 0.0004 (0.0004)	Acc@1 6.836 (5.000)	Acc@5 18.750 (17.000)
Epoch: [2][110/250]	Time 2.868 (3.278)	Data 0.002 (0.393)	Class 5.3605 (5.4276)	Cons 0.0004 (0.0004)	Acc@1 8.203 (5.000)	Acc@5 20.312 (17.000)
Epoch: [2][120/250]	Time 5.088 (3.299)	Data 2.225 (0.414)	Class 5.4699 (5.4245)	Cons 0.0004 (0.0004)	Acc@1 7.617 (5.000)	Acc@5 15.820 (17.000)
Epoch: [2][130/250]	Time 2.892 (3.288)	Data 0.002 (0.403)	Class 5.3256 (5.4221)	Cons 0.0005 (0.0004)	Acc@1 6.055 (6.000)	Acc@5 19.922 (17.000)
Epoch: [2][140/250]	Time 4.962 (3.297)	Data 2.097 (0.412)	Class 5.3867 (5.4196)	Cons 0.0005 (0.0004)	Acc@1 6.250 (5.000)	Acc@5 18.750 (17.000)
Epoch: [2][150/250]	Time 2.887 (3.297)	Data 0.002 (0.411)	Class 5.4208 (5.4191)	Cons 0.0005 (0.0004)	Acc@1 7.227 (5.000)	Acc@5 18.164 (17.000)
Epoch: [2][160/250]	Time 4.652 (3.309)	Data 1.798 (0.424)	Class 5.3047 (5.4172)	Cons 0.0005 (0.0004)	Acc@1 6.836 (5.000)	Acc@5 19.141 (17.000)
Epoch: [2][170/250]	Time 2.873 (3.323)	Data 0.002 (0.439)	Class 5.4284 (5.4145)	Cons 0.0005 (0.0004)	Acc@1 6.641 (5.000)	Acc@5 18.359 (17.000)
Epoch: [2][180/250]	Time 2.910 (3.311)	Data 0.002 (0.428)	Class 5.4330 (5.4117)	Cons 0.0004 (0.0004)	Acc@1 4.883 (5.000)	Acc@5 16.797 (17.000)
Epoch: [2][190/250]	Time 2.872 (3.329)	Data 0.002 (0.445)	Class 5.2812 (5.4092)	Cons 0.0005 (0.0004)	Acc@1 7.031 (5.000)	Acc@5 18.750 (17.000)
Epoch: [2][200/250]	Time 2.872 (3.343)	Data 0.002 (0.460)	Class 5.0964 (5.4029)	Cons 0.0006 (0.0004)	Acc@1 8.594 (6.000)	Acc@5 20.508 (17.000)
Epoch: [2][210/250]	Time 2.875 (3.363)	Data 0.002 (0.481)	Class 5.4596 (5.3995)	Cons 0.0005 (0.0004)	Acc@1 5.859 (6.000)	Acc@5 16.016 (17.000)
Epoch: [2][220/250]	Time 2.881 (3.360)	Data 0.002 (0.478)	Class 5.2893 (5.3979)	Cons 0.0005 (0.0004)	Acc@1 7.617 (6.000)	Acc@5 19.727 (17.000)
Epoch: [2][230/250]	Time 2.878 (3.371)	Data 0.002 (0.489)	Class 5.3916 (5.3955)	Cons 0.0005 (0.0004)	Acc@1 8.398 (6.000)	Acc@5 22.852 (17.000)
Epoch: [2][240/250]	Time 4.384 (3.389)	Data 1.517 (0.507)	Class 5.3180 (5.3909)	Cons 0.0005 (0.0004)	Acc@1 6.445 (6.000)	Acc@5 20.898 (17.000)
--- training epoch in 853.4346151351929 seconds ---
Evaluating the primary model:
Test: [0/125]	Time 15.184 (15.184)	Data 14.425 (14.425)	Class 4.3089 (4.0000)	Acc@1 14.453 (14.000)	Acc@5 36.523 (36.000)
Test: [10/125]	Time 0.695 (3.115)	Data 0.000 (2.416)	Class 4.9723 (4.0000)	Acc@1 4.883 (9.000)	Acc@5 20.703 (28.000)
Test: [20/125]	Time 0.695 (2.317)	Data 0.000 (1.622)	Class 5.6817 (4.0000)	Acc@1 1.172 (10.000)	Acc@5 8.594 (27.000)
Test: [30/125]	Time 0.697 (2.126)	Data 0.000 (1.430)	Class 4.7500 (4.0000)	Acc@1 15.234 (10.000)	Acc@5 28.516 (27.000)
Test: [40/125]	Time 8.234 (2.161)	Data 7.548 (1.466)	Class 5.8864 (4.0000)	Acc@1 2.148 (9.000)	Acc@5 10.352 (26.000)
Test: [50/125]	Time 0.699 (2.131)	Data 0.000 (1.436)	Class 4.7823 (4.0000)	Acc@1 10.156 (9.000)	Acc@5 25.586 (24.000)
Test: [60/125]	Time 0.701 (2.019)	Data 0.000 (1.323)	Class 5.3242 (4.0000)	Acc@1 4.297 (8.000)	Acc@5 12.695 (23.000)
Test: [70/125]	Time 0.693 (1.991)	Data 0.000 (1.295)	Class 5.7311 (4.0000)	Acc@1 4.102 (8.000)	Acc@5 9.570 (23.000)
Test: [80/125]	Time 7.450 (2.034)	Data 6.767 (1.338)	Class 5.6570 (4.0000)	Acc@1 2.148 (8.000)	Acc@5 16.016 (23.000)
Test: [90/125]	Time 0.697 (2.055)	Data 0.000 (1.359)	Class 5.4255 (4.0000)	Acc@1 5.273 (8.000)	Acc@5 17.969 (23.000)
Test: [100/125]	Time 0.699 (2.034)	Data 0.000 (1.337)	Class 5.3900 (4.0000)	Acc@1 3.320 (8.000)	Acc@5 17.773 (23.000)
Test: [110/125]	Time 0.700 (2.011)	Data 0.000 (1.313)	Class 4.6566 (4.0000)	Acc@1 10.742 (8.000)	Acc@5 33.398 (23.000)
Test: [120/125]	Time 7.133 (2.034)	Data 6.397 (1.336)	Class 4.0323 (4.0000)	Acc@1 19.141 (9.000)	Acc@5 46.875 (24.000)
 * Acc@1 9.000\Acc@5 24.000
Evaluating the EMA model:
Test: [0/125]	Time 14.567 (14.567)	Data 13.877 (13.877)	Class 5.0217 (5.0000)	Acc@1 12.500 (12.000)	Acc@5 30.469 (30.000)
Test: [10/125]	Time 0.699 (2.713)	Data 0.000 (2.014)	Class 5.3211 (4.0000)	Acc@1 3.320 (9.000)	Acc@5 21.094 (23.000)
Test: [20/125]	Time 0.694 (2.043)	Data 0.000 (1.341)	Class 5.7850 (4.0000)	Acc@1 1.758 (7.000)	Acc@5 7.617 (21.000)
Test: [30/125]	Time 0.759 (1.858)	Data 0.009 (1.154)	Class 5.2115 (4.0000)	Acc@1 10.742 (8.000)	Acc@5 25.781 (22.000)
Test: [40/125]	Time 7.909 (1.888)	Data 7.200 (1.184)	Class 5.7889 (4.0000)	Acc@1 6.055 (7.000)	Acc@5 13.672 (21.000)
Test: [50/125]	Time 0.704 (1.888)	Data 0.000 (1.182)	Class 5.0121 (4.0000)	Acc@1 12.109 (7.000)	Acc@5 28.516 (20.000)
Test: [60/125]	Time 0.697 (1.780)	Data 0.000 (1.075)	Class 5.4730 (4.0000)	Acc@1 1.172 (7.000)	Acc@5 12.305 (20.000)
Test: [70/125]	Time 0.712 (1.720)	Data 0.000 (1.015)	Class 5.7631 (4.0000)	Acc@1 5.664 (7.000)	Acc@5 9.961 (19.000)
Test: [80/125]	Time 3.990 (1.714)	Data 3.248 (1.009)	Class 5.6245 (4.0000)	Acc@1 6.055 (7.000)	Acc@5 15.820 (19.000)
Test: [90/125]	Time 0.702 (1.711)	Data 0.000 (1.006)	Class 4.9604 (4.0000)	Acc@1 10.156 (7.000)	Acc@5 26.562 (20.000)
Test: [100/125]	Time 0.700 (1.685)	Data 0.000 (0.980)	Class 5.1988 (4.0000)	Acc@1 7.227 (8.000)	Acc@5 20.508 (21.000)
Test: [110/125]	Time 0.699 (1.643)	Data 0.000 (0.939)	Class 4.1567 (4.0000)	Acc@1 15.820 (8.000)	Acc@5 44.922 (22.000)
Test: [120/125]	Time 1.977 (1.637)	Data 1.280 (0.932)	Class 3.9253 (4.0000)	Acc@1 21.094 (9.000)	Acc@5 50.586 (24.000)
 * Acc@1 9.000\Acc@5 24.000
--- validation in 454.8287003040314 seconds ---
Epoch: [3][0/250]	Time 14.642 (14.642)	Data 11.769 (11.769)	Class 5.1371 (5.1371)	Cons 0.0006 (0.0006)	Acc@1 7.617 (7.000)	Acc@5 19.727 (19.000)
Epoch: [3][10/250]	Time 2.910 (4.245)	Data 0.002 (1.356)	Class 5.2147 (5.1978)	Cons 0.0006 (0.0006)	Acc@1 6.641 (7.000)	Acc@5 20.312 (20.000)
Epoch: [3][20/250]	Time 5.918 (4.003)	Data 3.019 (1.103)	Class 5.1480 (5.1990)	Cons 0.0006 (0.0006)	Acc@1 10.156 (7.000)	Acc@5 26.172 (21.000)
Epoch: [3][30/250]	Time 2.926 (3.743)	Data 0.002 (0.839)	Class 5.1161 (5.2143)	Cons 0.0006 (0.0006)	Acc@1 11.523 (7.000)	Acc@5 25.000 (20.000)
Epoch: [3][40/250]	Time 2.901 (3.682)	Data 0.002 (0.776)	Class 5.0732 (5.2120)	Cons 0.0006 (0.0006)	Acc@1 8.984 (7.000)	Acc@5 21.289 (20.000)
Epoch: [3][50/250]	Time 2.926 (3.532)	Data 0.002 (0.625)	Class 5.1664 (5.2019)	Cons 0.0006 (0.0006)	Acc@1 9.375 (7.000)	Acc@5 22.266 (21.000)
Epoch: [3][60/250]	Time 2.979 (3.502)	Data 0.080 (0.595)	Class 5.1199 (5.1953)	Cons 0.0007 (0.0006)	Acc@1 8.008 (7.000)	Acc@5 23.047 (21.000)
Epoch: [3][70/250]	Time 2.891 (3.455)	Data 0.004 (0.548)	Class 5.2475 (5.1909)	Cons 0.0006 (0.0006)	Acc@1 8.789 (7.000)	Acc@5 21.094 (21.000)
Epoch: [3][80/250]	Time 7.156 (3.470)	Data 4.226 (0.564)	Class 5.1733 (5.1914)	Cons 0.0006 (0.0006)	Acc@1 8.008 (7.000)	Acc@5 20.898 (21.000)
Epoch: [3][90/250]	Time 2.887 (3.440)	Data 0.002 (0.536)	Class 5.0259 (5.1953)	Cons 0.0007 (0.0006)	Acc@1 8.008 (7.000)	Acc@5 23.242 (21.000)
Epoch: [3][100/250]	Time 4.167 (3.416)	Data 1.290 (0.515)	Class 5.1815 (5.1933)	Cons 0.0007 (0.0006)	Acc@1 8.984 (7.000)	Acc@5 23.633 (21.000)
Epoch: [3][110/250]	Time 2.890 (3.397)	Data 0.002 (0.497)	Class 5.1659 (5.1932)	Cons 0.0006 (0.0006)	Acc@1 7.617 (7.000)	Acc@5 23.828 (21.000)
Epoch: [3][120/250]	Time 4.150 (3.389)	Data 1.276 (0.490)	Class 5.1309 (5.1887)	Cons 0.0007 (0.0006)	Acc@1 7.422 (7.000)	Acc@5 20.117 (21.000)
Epoch: [3][130/250]	Time 2.880 (3.393)	Data 0.002 (0.494)	Class 5.1307 (5.1855)	Cons 0.0006 (0.0006)	Acc@1 8.203 (7.000)	Acc@5 23.828 (21.000)
Epoch: [3][140/250]	Time 3.699 (3.375)	Data 0.817 (0.477)	Class 5.2117 (5.1820)	Cons 0.0007 (0.0006)	Acc@1 6.250 (7.000)	Acc@5 20.117 (21.000)
Epoch: [3][150/250]	Time 2.875 (3.349)	Data 0.002 (0.454)	Class 5.1144 (5.1766)	Cons 0.0007 (0.0006)	Acc@1 7.617 (7.000)	Acc@5 22.070 (21.000)
Epoch: [3][160/250]	Time 3.981 (3.339)	Data 1.108 (0.445)	Class 5.1416 (5.1736)	Cons 0.0007 (0.0006)	Acc@1 7.812 (7.000)	Acc@5 20.703 (21.000)
Epoch: [3][170/250]	Time 2.896 (3.317)	Data 0.002 (0.424)	Class 5.1388 (5.1717)	Cons 0.0007 (0.0006)	Acc@1 8.789 (7.000)	Acc@5 23.438 (21.000)
Epoch: [3][180/250]	Time 3.905 (3.299)	Data 1.039 (0.407)	Class 5.0430 (5.1722)	Cons 0.0008 (0.0007)	Acc@1 9.375 (7.000)	Acc@5 25.195 (21.000)
Epoch: [3][190/250]	Time 2.882 (3.294)	Data 0.002 (0.402)	Class 4.9762 (5.1687)	Cons 0.0008 (0.0007)	Acc@1 8.984 (7.000)	Acc@5 22.852 (21.000)
Epoch: [3][200/250]	Time 3.375 (3.283)	Data 0.516 (0.392)	Class 4.9406 (5.1683)	Cons 0.0009 (0.0007)	Acc@1 9.180 (7.000)	Acc@5 25.781 (21.000)
Epoch: [3][210/250]	Time 2.878 (3.264)	Data 0.002 (0.373)	Class 5.0971 (5.1658)	Cons 0.0008 (0.0007)	Acc@1 7.617 (7.000)	Acc@5 24.805 (21.000)
Epoch: [3][220/250]	Time 4.892 (3.261)	Data 2.021 (0.372)	Class 4.9127 (5.1625)	Cons 0.0009 (0.0007)	Acc@1 11.914 (7.000)	Acc@5 26.953 (21.000)
Epoch: [3][230/250]	Time 2.880 (3.256)	Data 0.002 (0.367)	Class 5.0753 (5.1596)	Cons 0.0009 (0.0007)	Acc@1 10.547 (7.000)	Acc@5 24.023 (21.000)
Epoch: [3][240/250]	Time 5.200 (3.263)	Data 2.349 (0.375)	Class 5.0416 (5.1562)	Cons 0.0008 (0.0007)	Acc@1 7.227 (7.000)	Acc@5 24.414 (21.000)
--- training epoch in 815.9205553531647 seconds ---
Epoch: [4][0/250]	Time 15.397 (15.397)	Data 12.507 (12.507)	Class 4.8934 (4.8934)	Cons 0.0008 (0.0008)	Acc@1 9.766 (9.000)	Acc@5 27.344 (27.000)
Epoch: [4][10/250]	Time 2.874 (4.094)	Data 0.002 (1.229)	Class 4.9921 (4.9779)	Cons 0.0009 (0.0009)	Acc@1 10.938 (9.000)	Acc@5 24.609 (24.000)
Epoch: [4][20/250]	Time 5.474 (3.798)	Data 2.587 (0.934)	Class 4.9096 (4.9838)	Cons 0.0009 (0.0009)	Acc@1 9.961 (9.000)	Acc@5 26.758 (25.000)
Epoch: [4][30/250]	Time 2.871 (3.576)	Data 0.002 (0.714)	Class 5.1649 (4.9890)	Cons 0.0008 (0.0009)	Acc@1 8.789 (9.000)	Acc@5 24.219 (25.000)
Epoch: [4][40/250]	Time 6.228 (3.577)	Data 3.320 (0.714)	Class 4.9512 (4.9919)	Cons 0.0009 (0.0009)	Acc@1 11.523 (9.000)	Acc@5 25.391 (24.000)
Epoch: [4][50/250]	Time 2.876 (3.498)	Data 0.002 (0.634)	Class 5.0367 (4.9949)	Cons 0.0010 (0.0009)	Acc@1 10.156 (9.000)	Acc@5 25.000 (24.000)
Epoch: [4][60/250]	Time 3.526 (3.431)	Data 0.672 (0.567)	Class 5.0517 (4.9927)	Cons 0.0010 (0.0009)	Acc@1 6.055 (9.000)	Acc@5 21.094 (24.000)
Epoch: [4][70/250]	Time 2.861 (3.396)	Data 0.002 (0.531)	Class 5.1287 (4.9912)	Cons 0.0010 (0.0009)	Acc@1 10.156 (9.000)	Acc@5 22.656 (24.000)
Epoch: [4][80/250]	Time 4.291 (3.402)	Data 1.442 (0.538)	Class 4.9535 (4.9889)	Cons 0.0010 (0.0009)	Acc@1 9.766 (9.000)	Acc@5 25.586 (24.000)
Epoch: [4][90/250]	Time 2.867 (3.369)	Data 0.003 (0.505)	Class 5.0857 (4.9943)	Cons 0.0009 (0.0009)	Acc@1 9.375 (9.000)	Acc@5 25.391 (24.000)
Epoch: [4][100/250]	Time 3.043 (3.321)	Data 0.179 (0.457)	Class 4.9922 (4.9948)	Cons 0.0010 (0.0009)	Acc@1 10.938 (9.000)	Acc@5 23.828 (24.000)
Epoch: [4][110/250]	Time 2.865 (3.280)	Data 0.002 (0.416)	Class 4.9029 (4.9946)	Cons 0.0010 (0.0009)	Acc@1 9.766 (9.000)	Acc@5 26.758 (24.000)
Epoch: [4][120/250]	Time 2.868 (3.254)	Data 0.002 (0.390)	Class 4.9361 (4.9915)	Cons 0.0009 (0.0009)	Acc@1 9.570 (9.000)	Acc@5 24.023 (24.000)
Epoch: [4][130/250]	Time 2.879 (3.235)	Data 0.003 (0.371)	Class 4.9878 (4.9888)	Cons 0.0012 (0.0009)	Acc@1 10.156 (9.000)	Acc@5 23.242 (24.000)
Epoch: [4][140/250]	Time 3.217 (3.224)	Data 0.366 (0.360)	Class 4.9822 (4.9911)	Cons 0.0010 (0.0009)	Acc@1 8.789 (9.000)	Acc@5 22.656 (24.000)
Epoch: [4][150/250]	Time 2.869 (3.206)	Data 0.002 (0.341)	Class 4.9291 (4.9874)	Cons 0.0011 (0.0010)	Acc@1 10.742 (9.000)	Acc@5 25.781 (24.000)
Epoch: [4][160/250]	Time 2.860 (3.189)	Data 0.002 (0.324)	Class 4.9568 (4.9851)	Cons 0.0010 (0.0010)	Acc@1 9.961 (9.000)	Acc@5 24.609 (24.000)
Epoch: [4][170/250]	Time 2.881 (3.186)	Data 0.002 (0.321)	Class 4.9176 (4.9849)	Cons 0.0011 (0.0010)	Acc@1 9.961 (9.000)	Acc@5 25.586 (24.000)
Epoch: [4][180/250]	Time 3.067 (3.179)	Data 0.214 (0.314)	Class 4.9012 (4.9865)	Cons 0.0011 (0.0010)	Acc@1 11.523 (9.000)	Acc@5 26.758 (24.000)
Epoch: [4][190/250]	Time 2.870 (3.176)	Data 0.002 (0.311)	Class 4.9726 (4.9849)	Cons 0.0010 (0.0010)	Acc@1 8.594 (9.000)	Acc@5 22.656 (24.000)
Epoch: [4][200/250]	Time 2.861 (3.171)	Data 0.002 (0.307)	Class 5.0542 (4.9843)	Cons 0.0010 (0.0010)	Acc@1 8.594 (9.000)	Acc@5 24.023 (24.000)
Epoch: [4][210/250]	Time 3.921 (3.162)	Data 1.074 (0.298)	Class 5.0681 (4.9831)	Cons 0.0012 (0.0010)	Acc@1 8.984 (9.000)	Acc@5 25.000 (24.000)
Epoch: [4][220/250]	Time 2.875 (3.166)	Data 0.002 (0.302)	Class 4.8821 (4.9820)	Cons 0.0015 (0.0010)	Acc@1 13.281 (9.000)	Acc@5 29.492 (24.000)
Epoch: [4][230/250]	Time 3.114 (3.156)	Data 0.257 (0.292)	Class 4.7862 (4.9803)	Cons 0.0012 (0.0010)	Acc@1 13.086 (9.000)	Acc@5 27.539 (24.000)
Epoch: [4][240/250]	Time 2.864 (3.154)	Data 0.002 (0.290)	Class 4.7258 (4.9778)	Cons 0.0012 (0.0010)	Acc@1 12.695 (9.000)	Acc@5 31.250 (25.000)
--- training epoch in 785.9625005722046 seconds ---
--- checkpoint saved to /scratch/ijh216/ssl//ssl2_new/2019-05-10_10-12-19/10/transient/checkpoint.5.ckpt ---
Epoch: [5][0/250]	Time 13.122 (13.122)	Data 10.232 (10.232)	Class 4.8877 (4.8877)	Cons 0.0012 (0.0012)	Acc@1 9.766 (9.000)	Acc@5 26.172 (26.000)
Epoch: [5][10/250]	Time 2.864 (3.797)	Data 0.002 (0.934)	Class 4.8765 (4.7834)	Cons 0.0013 (0.0013)	Acc@1 9.961 (11.000)	Acc@5 26.758 (27.000)
Epoch: [5][20/250]	Time 2.871 (3.354)	Data 0.002 (0.491)	Class 4.6001 (4.7619)	Cons 0.0013 (0.0013)	Acc@1 13.086 (11.000)	Acc@5 32.227 (28.000)
Epoch: [5][30/250]	Time 2.878 (3.200)	Data 0.002 (0.334)	Class 4.8505 (4.7749)	Cons 0.0015 (0.0013)	Acc@1 9.180 (11.000)	Acc@5 28.711 (28.000)
Epoch: [5][40/250]	Time 2.906 (3.122)	Data 0.005 (0.253)	Class 4.7795 (4.7771)	Cons 0.0014 (0.0013)	Acc@1 11.328 (11.000)	Acc@5 28.906 (28.000)
Epoch: [5][50/250]	Time 2.894 (3.076)	Data 0.002 (0.204)	Class 4.8677 (4.7943)	Cons 0.0013 (0.0013)	Acc@1 11.133 (11.000)	Acc@5 29.883 (28.000)
Epoch: [5][60/250]	Time 2.890 (3.045)	Data 0.002 (0.172)	Class 4.8138 (4.8032)	Cons 0.0014 (0.0013)	Acc@1 10.156 (11.000)	Acc@5 27.148 (27.000)
Epoch: [5][70/250]	Time 2.889 (3.023)	Data 0.002 (0.148)	Class 4.6483 (4.8034)	Cons 0.0013 (0.0013)	Acc@1 14.258 (11.000)	Acc@5 33.789 (28.000)
Epoch: [5][80/250]	Time 2.887 (3.008)	Data 0.003 (0.130)	Class 4.7036 (4.8038)	Cons 0.0015 (0.0013)	Acc@1 13.672 (11.000)	Acc@5 28.906 (27.000)
Epoch: [5][90/250]	Time 2.903 (2.995)	Data 0.005 (0.116)	Class 4.9197 (4.8096)	Cons 0.0014 (0.0013)	Acc@1 11.523 (11.000)	Acc@5 26.758 (27.000)
Epoch: [5][100/250]	Time 2.889 (2.985)	Data 0.004 (0.105)	Class 4.8743 (4.8141)	Cons 0.0013 (0.0014)	Acc@1 12.891 (11.000)	Acc@5 29.492 (27.000)
Epoch: [5][110/250]	Time 2.892 (2.983)	Data 0.002 (0.103)	Class 4.8414 (4.8149)	Cons 0.0016 (0.0014)	Acc@1 10.352 (11.000)	Acc@5 25.586 (27.000)
Epoch: [5][120/250]	Time 3.063 (2.979)	Data 0.181 (0.098)	Class 4.9508 (4.8105)	Cons 0.0013 (0.0014)	Acc@1 12.695 (11.000)	Acc@5 26.953 (27.000)
Epoch: [5][130/250]	Time 2.887 (2.973)	Data 0.002 (0.092)	Class 4.8526 (4.8150)	Cons 0.0015 (0.0014)	Acc@1 12.695 (11.000)	Acc@5 28.320 (27.000)
Epoch: [5][140/250]	Time 2.889 (2.967)	Data 0.002 (0.085)	Class 4.8476 (4.8174)	Cons 0.0014 (0.0014)	Acc@1 10.742 (11.000)	Acc@5 27.930 (27.000)
Epoch: [5][150/250]	Time 2.890 (2.962)	Data 0.002 (0.080)	Class 4.8217 (4.8178)	Cons 0.0015 (0.0014)	Acc@1 12.695 (11.000)	Acc@5 28.125 (27.000)
Epoch: [5][160/250]	Time 2.989 (2.980)	Data 0.113 (0.098)	Class 4.7383 (4.8186)	Cons 0.0016 (0.0014)	Acc@1 13.867 (11.000)	Acc@5 31.836 (27.000)
Epoch: [5][170/250]	Time 2.884 (2.978)	Data 0.003 (0.096)	Class 4.7640 (4.8210)	Cons 0.0017 (0.0014)	Acc@1 12.305 (11.000)	Acc@5 31.250 (27.000)
Epoch: [5][180/250]	Time 2.884 (2.979)	Data 0.003 (0.097)	Class 4.8985 (4.8215)	Cons 0.0014 (0.0014)	Acc@1 13.281 (11.000)	Acc@5 27.734 (27.000)
Epoch: [5][190/250]	Time 2.897 (2.977)	Data 0.002 (0.095)	Class 4.8921 (4.8204)	Cons 0.0021 (0.0014)	Acc@1 11.328 (11.000)	Acc@5 27.734 (27.000)
Epoch: [5][200/250]	Time 6.319 (3.005)	Data 3.428 (0.123)	Class 4.8401 (4.8221)	Cons 0.0016 (0.0015)	Acc@1 12.500 (11.000)	Acc@5 28.906 (27.000)
Epoch: [5][210/250]	Time 2.892 (3.016)	Data 0.002 (0.135)	Class 4.5901 (4.8203)	Cons 0.0019 (0.0015)	Acc@1 13.867 (11.000)	Acc@5 33.203 (27.000)
Epoch: [5][220/250]	Time 2.879 (3.026)	Data 0.002 (0.144)	Class 4.7978 (4.8190)	Cons 0.0016 (0.0015)	Acc@1 13.867 (11.000)	Acc@5 31.055 (27.000)
Epoch: [5][230/250]	Time 2.873 (3.036)	Data 0.003 (0.154)	Class 4.9266 (4.8182)	Cons 0.0014 (0.0015)	Acc@1 9.766 (11.000)	Acc@5 26.758 (27.000)
Epoch: [5][240/250]	Time 2.877 (3.034)	Data 0.002 (0.153)	Class 4.8855 (4.8164)	Cons 0.0016 (0.0015)	Acc@1 11.914 (11.000)	Acc@5 29.297 (27.000)
--- training epoch in 763.1596727371216 seconds ---
Evaluating the primary model:
Test: [0/125]	Time 13.144 (13.144)	Data 12.397 (12.397)	Class 3.8828 (3.0000)	Acc@1 25.000 (25.000)	Acc@5 43.750 (43.000)
Test: [10/125]	Time 0.695 (2.467)	Data 0.000 (1.765)	Class 4.5630 (3.0000)	Acc@1 7.617 (18.000)	Acc@5 26.758 (40.000)
Test: [20/125]	Time 0.692 (1.954)	Data 0.000 (1.257)	Class 4.8924 (3.0000)	Acc@1 5.859 (17.000)	Acc@5 22.070 (38.000)
Test: [30/125]	Time 0.697 (1.765)	Data 0.000 (1.069)	Class 4.5620 (3.0000)	Acc@1 16.406 (17.000)	Acc@5 34.961 (39.000)
Test: [40/125]	Time 6.779 (1.807)	Data 6.094 (1.111)	Class 5.0397 (3.0000)	Acc@1 10.938 (16.000)	Acc@5 25.000 (36.000)
Test: [50/125]	Time 0.689 (1.747)	Data 0.000 (1.051)	Class 3.8452 (3.0000)	Acc@1 25.391 (15.000)	Acc@5 49.023 (35.000)
Test: [60/125]	Time 0.683 (1.711)	Data 0.000 (1.015)	Class 4.6732 (3.0000)	Acc@1 8.203 (15.000)	Acc@5 26.562 (34.000)
Test: [70/125]	Time 0.693 (1.656)	Data 0.000 (0.960)	Class 5.1637 (3.0000)	Acc@1 6.250 (15.000)	Acc@5 17.773 (34.000)
Test: [80/125]	Time 5.587 (1.693)	Data 4.880 (0.998)	Class 5.0142 (3.0000)	Acc@1 10.156 (14.000)	Acc@5 24.609 (33.000)
Test: [90/125]	Time 0.694 (1.688)	Data 0.000 (0.993)	Class 3.9422 (3.0000)	Acc@1 22.656 (14.000)	Acc@5 45.508 (34.000)
Test: [100/125]	Time 0.695 (1.657)	Data 0.000 (0.961)	Class 4.5646 (3.0000)	Acc@1 12.305 (15.000)	Acc@5 32.422 (34.000)
Test: [110/125]	Time 0.693 (1.633)	Data 0.000 (0.938)	Class 3.5945 (3.0000)	Acc@1 23.242 (15.000)	Acc@5 49.023 (34.000)
Test: [120/125]	Time 3.866 (1.631)	Data 3.125 (0.935)	Class 3.1544 (3.0000)	Acc@1 30.664 (16.000)	Acc@5 58.203 (36.000)
 * Acc@1 16.000\Acc@5 37.000
Evaluating the EMA model:
Test: [0/125]	Time 11.218 (11.218)	Data 10.517 (10.517)	Class 4.1507 (4.0000)	Acc@1 22.070 (22.000)	Acc@5 45.703 (45.000)
Test: [10/125]	Time 0.695 (2.233)	Data 0.000 (1.538)	Class 4.8183 (3.0000)	Acc@1 6.250 (16.000)	Acc@5 28.125 (37.000)
Test: [20/125]	Time 0.699 (1.744)	Data 0.000 (1.049)	Class 5.3045 (3.0000)	Acc@1 4.883 (15.000)	Acc@5 17.578 (35.000)
Test: [30/125]	Time 0.693 (1.610)	Data 0.000 (0.914)	Class 4.5509 (3.0000)	Acc@1 19.336 (15.000)	Acc@5 38.086 (35.000)
Test: [40/125]	Time 5.720 (1.621)	Data 5.035 (0.925)	Class 5.2662 (4.0000)	Acc@1 8.008 (14.000)	Acc@5 20.312 (33.000)
Test: [50/125]	Time 0.704 (1.559)	Data 0.000 (0.862)	Class 4.3196 (4.0000)	Acc@1 17.578 (14.000)	Acc@5 40.039 (32.000)
Test: [60/125]	Time 0.695 (1.492)	Data 0.000 (0.796)	Class 4.8367 (4.0000)	Acc@1 5.859 (14.000)	Acc@5 23.828 (31.000)
Test: [70/125]	Time 0.695 (1.449)	Data 0.000 (0.752)	Class 5.2556 (4.0000)	Acc@1 7.617 (13.000)	Acc@5 19.336 (31.000)
Test: [80/125]	Time 4.222 (1.462)	Data 3.535 (0.765)	Class 5.1811 (4.0000)	Acc@1 8.203 (13.000)	Acc@5 21.484 (31.000)
Test: [90/125]	Time 0.698 (1.448)	Data 0.000 (0.751)	Class 4.3641 (4.0000)	Acc@1 16.797 (14.000)	Acc@5 39.453 (31.000)
Test: [100/125]	Time 0.691 (1.431)	Data 0.000 (0.734)	Class 4.7585 (4.0000)	Acc@1 10.547 (14.000)	Acc@5 26.758 (32.000)
Test: [110/125]	Time 0.688 (1.413)	Data 0.000 (0.715)	Class 3.6664 (4.0000)	Acc@1 21.875 (14.000)	Acc@5 52.148 (33.000)
Test: [120/125]	Time 2.718 (1.406)	Data 2.021 (0.709)	Class 3.2255 (3.0000)	Acc@1 33.984 (16.000)	Acc@5 60.547 (35.000)
 * Acc@1 16.000\Acc@5 35.000
--- validation in 378.2968852519989 seconds ---
Epoch: [6][0/250]	Time 15.361 (15.361)	Data 12.485 (12.485)	Class 4.8060 (4.8060)	Cons 0.0018 (0.0018)	Acc@1 13.086 (13.000)	Acc@5 28.906 (28.000)
Epoch: [6][10/250]	Time 2.892 (4.200)	Data 0.002 (1.328)	Class 4.6060 (4.6406)	Cons 0.0020 (0.0019)	Acc@1 16.406 (13.000)	Acc@5 35.156 (31.000)
Epoch: [6][20/250]	Time 5.337 (3.873)	Data 2.442 (0.994)	Class 4.8282 (4.6504)	Cons 0.0018 (0.0019)	Acc@1 11.719 (13.000)	Acc@5 28.711 (30.000)
Epoch: [6][30/250]	Time 2.893 (3.583)	Data 0.002 (0.700)	Class 4.5979 (4.6504)	Cons 0.0021 (0.0019)	Acc@1 12.891 (12.000)	Acc@5 32.031 (30.000)
Epoch: [6][40/250]	Time 2.894 (3.415)	Data 0.002 (0.530)	Class 4.7595 (4.6613)	Cons 0.0021 (0.0019)	Acc@1 11.914 (12.000)	Acc@5 27.148 (30.000)
Epoch: [6][50/250]	Time 2.901 (3.312)	Data 0.002 (0.427)	Class 4.6727 (4.6615)	Cons 0.0019 (0.0019)	Acc@1 13.477 (12.000)	Acc@5 32.227 (30.000)
Epoch: [6][60/250]	Time 2.892 (3.245)	Data 0.002 (0.358)	Class 4.4782 (4.6616)	Cons 0.0021 (0.0020)	Acc@1 15.820 (12.000)	Acc@5 32.227 (30.000)
Epoch: [6][70/250]	Time 2.895 (3.195)	Data 0.002 (0.308)	Class 4.6682 (4.6633)	Cons 0.0017 (0.0020)	Acc@1 11.914 (12.000)	Acc@5 30.859 (30.000)
Epoch: [6][80/250]	Time 2.893 (3.158)	Data 0.002 (0.271)	Class 4.6246 (4.6762)	Cons 0.0023 (0.0020)	Acc@1 15.039 (12.000)	Acc@5 31.445 (30.000)
Epoch: [6][90/250]	Time 2.877 (3.129)	Data 0.008 (0.241)	Class 4.6427 (4.6767)	Cons 0.0021 (0.0020)	Acc@1 11.328 (12.000)	Acc@5 30.469 (30.000)
Epoch: [6][100/250]	Time 2.885 (3.105)	Data 0.002 (0.218)	Class 4.7469 (4.6808)	Cons 0.0020 (0.0020)	Acc@1 13.281 (12.000)	Acc@5 30.859 (30.000)
Epoch: [6][110/250]	Time 2.886 (3.085)	Data 0.002 (0.199)	Class 4.6509 (4.6817)	Cons 0.0019 (0.0020)	Acc@1 12.500 (12.000)	Acc@5 29.492 (30.000)
Epoch: [6][120/250]	Time 2.886 (3.069)	Data 0.002 (0.183)	Class 4.6352 (4.6794)	Cons 0.0021 (0.0020)	Acc@1 12.305 (12.000)	Acc@5 30.469 (30.000)
Epoch: [6][130/250]	Time 2.883 (3.055)	Data 0.002 (0.169)	Class 4.8301 (4.6792)	Cons 0.0022 (0.0020)	Acc@1 11.719 (12.000)	Acc@5 27.734 (30.000)
Epoch: [6][140/250]	Time 2.887 (3.043)	Data 0.002 (0.157)	Class 4.8173 (4.6820)	Cons 0.0022 (0.0021)	Acc@1 14.453 (12.000)	Acc@5 28.906 (30.000)
Epoch: [6][150/250]	Time 2.883 (3.032)	Data 0.003 (0.147)	Class 4.7840 (4.6843)	Cons 0.0021 (0.0021)	Acc@1 12.305 (12.000)	Acc@5 26.562 (30.000)
Epoch: [6][160/250]	Time 2.877 (3.023)	Data 0.002 (0.138)	Class 4.6558 (4.6847)	Cons 0.0025 (0.0021)	Acc@1 14.844 (12.000)	Acc@5 31.641 (30.000)
Epoch: [6][170/250]	Time 2.910 (3.015)	Data 0.002 (0.130)	Class 4.6631 (4.6847)	Cons 0.0025 (0.0021)	Acc@1 15.039 (12.000)	Acc@5 29.102 (30.000)
Epoch: [6][180/250]	Time 2.893 (3.008)	Data 0.002 (0.123)	Class 4.7197 (4.6837)	Cons 0.0023 (0.0021)	Acc@1 12.891 (12.000)	Acc@5 28.711 (30.000)
Epoch: [6][190/250]	Time 2.879 (3.002)	Data 0.002 (0.117)	Class 4.5647 (4.6856)	Cons 0.0025 (0.0021)	Acc@1 14.062 (12.000)	Acc@5 31.055 (30.000)
Epoch: [6][200/250]	Time 2.886 (2.996)	Data 0.002 (0.112)	Class 4.7810 (4.6848)	Cons 0.0027 (0.0021)	Acc@1 11.719 (12.000)	Acc@5 27.734 (30.000)
Epoch: [6][210/250]	Time 2.877 (2.990)	Data 0.002 (0.106)	Class 4.6752 (4.6835)	Cons 0.0026 (0.0021)	Acc@1 13.281 (12.000)	Acc@5 30.273 (30.000)
slurmstepd: error: *** JOB 1135685 ON gpu-05 CANCELLED AT 2019-05-10T11:57:02 ***
