Using these command line args: --workers 4 --checkpoint-epochs 25 --evaluation-epochs 5 --dataset sslK --train-subdir train_2 --unsup-subdir unsupervised --eval-subdir supervised/val --augment-unlabeled-init True --augment-unlabeled-epoch -1 --arch cifar_shakeshake26 --ema-decay 0.999 --consistency-type mse --consistency-rampup 150 --consistency 1000.0 --logit-distance-cost 0.01 --weight-decay 0.0002 --innovate False --epochs 50 --start-epoch 0 --lr 0.1 --lr-rampup 0 --lr-rampdown-epochs 75 --nesterov True --num-cycles 3 --cycle-interval 3 --fastswa-frequencies 3 --device cuda --batch-size 384 --labeled-batch-size 153
=> creating model 'cifar_shakeshake26'
=> creating model 'cifar_shakeshake26'
=> creating model 'cifar_shakeshake26'
=> creating model 'cifar_shakeshake26'

List of model parameters:
=========================
module.conv1.weight                            16 * 3 * 3 * 3 =         432
module.layer1.0.conv_a1.weight                96 * 16 * 3 * 3 =      13,824
module.layer1.0.bn_a1.weight                               96 =          96
module.layer1.0.bn_a1.bias                                 96 =          96
module.layer1.0.conv_a2.weight                96 * 96 * 3 * 3 =      82,944
module.layer1.0.bn_a2.weight                               96 =          96
module.layer1.0.bn_a2.bias                                 96 =          96
module.layer1.0.conv_b1.weight                96 * 16 * 3 * 3 =      13,824
module.layer1.0.bn_b1.weight                               96 =          96
module.layer1.0.bn_b1.bias                                 96 =          96
module.layer1.0.conv_b2.weight                96 * 96 * 3 * 3 =      82,944
module.layer1.0.bn_b2.weight                               96 =          96
module.layer1.0.bn_b2.bias                                 96 =          96
module.layer1.0.downsample.0.weight           96 * 16 * 1 * 1 =       1,536
module.layer1.0.downsample.1.weight                        96 =          96
module.layer1.0.downsample.1.bias                          96 =          96
module.layer1.1.conv_a1.weight                96 * 96 * 3 * 3 =      82,944
module.layer1.1.bn_a1.weight                               96 =          96
module.layer1.1.bn_a1.bias                                 96 =          96
module.layer1.1.conv_a2.weight                96 * 96 * 3 * 3 =      82,944
module.layer1.1.bn_a2.weight                               96 =          96
module.layer1.1.bn_a2.bias                                 96 =          96
module.layer1.1.conv_b1.weight                96 * 96 * 3 * 3 =      82,944
module.layer1.1.bn_b1.weight                               96 =          96
module.layer1.1.bn_b1.bias                                 96 =          96
module.layer1.1.conv_b2.weight                96 * 96 * 3 * 3 =      82,944
module.layer1.1.bn_b2.weight                               96 =          96
module.layer1.1.bn_b2.bias                                 96 =          96
module.layer1.2.conv_a1.weight                96 * 96 * 3 * 3 =      82,944
module.layer1.2.bn_a1.weight                               96 =          96
module.layer1.2.bn_a1.bias                                 96 =          96
module.layer1.2.conv_a2.weight                96 * 96 * 3 * 3 =      82,944
module.layer1.2.bn_a2.weight                               96 =          96
module.layer1.2.bn_a2.bias                                 96 =          96
module.layer1.2.conv_b1.weight                96 * 96 * 3 * 3 =      82,944
module.layer1.2.bn_b1.weight                               96 =          96
module.layer1.2.bn_b1.bias                                 96 =          96
module.layer1.2.conv_b2.weight                96 * 96 * 3 * 3 =      82,944
module.layer1.2.bn_b2.weight                               96 =          96
module.layer1.2.bn_b2.bias                                 96 =          96
module.layer1.3.conv_a1.weight                96 * 96 * 3 * 3 =      82,944
module.layer1.3.bn_a1.weight                               96 =          96
module.layer1.3.bn_a1.bias                                 96 =          96
module.layer1.3.conv_a2.weight                96 * 96 * 3 * 3 =      82,944
module.layer1.3.bn_a2.weight                               96 =          96
module.layer1.3.bn_a2.bias                                 96 =          96
module.layer1.3.conv_b1.weight                96 * 96 * 3 * 3 =      82,944
module.layer1.3.bn_b1.weight                               96 =          96
module.layer1.3.bn_b1.bias                                 96 =          96
module.layer1.3.conv_b2.weight                96 * 96 * 3 * 3 =      82,944
module.layer1.3.bn_b2.weight                               96 =          96
module.layer1.3.bn_b2.bias                                 96 =          96
module.layer2.0.conv_a1.weight               192 * 96 * 3 * 3 =     165,888
module.layer2.0.bn_a1.weight                              192 =         192
module.layer2.0.bn_a1.bias                                192 =         192
module.layer2.0.conv_a2.weight              192 * 192 * 3 * 3 =     331,776
module.layer2.0.bn_a2.weight                              192 =         192
module.layer2.0.bn_a2.bias                                192 =         192
module.layer2.0.conv_b1.weight               192 * 96 * 3 * 3 =     165,888
module.layer2.0.bn_b1.weight                              192 =         192
module.layer2.0.bn_b1.bias                                192 =         192
module.layer2.0.conv_b2.weight              192 * 192 * 3 * 3 =     331,776
module.layer2.0.bn_b2.weight                              192 =         192
module.layer2.0.bn_b2.bias                                192 =         192
module.layer2.0.downsample.conv.weight       192 * 96 * 1 * 1 =      18,432
module.layer2.0.downsample.conv.bias                      192 =         192
module.layer2.0.downsample.bn.weight                      192 =         192
module.layer2.0.downsample.bn.bias                        192 =         192
module.layer2.1.conv_a1.weight              192 * 192 * 3 * 3 =     331,776
module.layer2.1.bn_a1.weight                              192 =         192
module.layer2.1.bn_a1.bias                                192 =         192
module.layer2.1.conv_a2.weight              192 * 192 * 3 * 3 =     331,776
module.layer2.1.bn_a2.weight                              192 =         192
module.layer2.1.bn_a2.bias                                192 =         192
module.layer2.1.conv_b1.weight              192 * 192 * 3 * 3 =     331,776
module.layer2.1.bn_b1.weight                              192 =         192
module.layer2.1.bn_b1.bias                                192 =         192
module.layer2.1.conv_b2.weight              192 * 192 * 3 * 3 =     331,776
module.layer2.1.bn_b2.weight                              192 =         192
module.layer2.1.bn_b2.bias                                192 =         192
module.layer2.2.conv_a1.weight              192 * 192 * 3 * 3 =     331,776
module.layer2.2.bn_a1.weight                              192 =         192
module.layer2.2.bn_a1.bias                                192 =         192
module.layer2.2.conv_a2.weight              192 * 192 * 3 * 3 =     331,776
module.layer2.2.bn_a2.weight                              192 =         192
module.layer2.2.bn_a2.bias                                192 =         192
module.layer2.2.conv_b1.weight              192 * 192 * 3 * 3 =     331,776
module.layer2.2.bn_b1.weight                              192 =         192
module.layer2.2.bn_b1.bias                                192 =         192
module.layer2.2.conv_b2.weight              192 * 192 * 3 * 3 =     331,776
module.layer2.2.bn_b2.weight                              192 =         192
module.layer2.2.bn_b2.bias                                192 =         192
module.layer2.3.conv_a1.weight              192 * 192 * 3 * 3 =     331,776
module.layer2.3.bn_a1.weight                              192 =         192
module.layer2.3.bn_a1.bias                                192 =         192
module.layer2.3.conv_a2.weight              192 * 192 * 3 * 3 =     331,776
module.layer2.3.bn_a2.weight                              192 =         192
module.layer2.3.bn_a2.bias                                192 =         192
module.layer2.3.conv_b1.weight              192 * 192 * 3 * 3 =     331,776
module.layer2.3.bn_b1.weight                              192 =         192
module.layer2.3.bn_b1.bias                                192 =         192
module.layer2.3.conv_b2.weight              192 * 192 * 3 * 3 =     331,776
module.layer2.3.bn_b2.weight                              192 =         192
module.layer2.3.bn_b2.bias                                192 =         192
module.layer3.0.conv_a1.weight              384 * 192 * 3 * 3 =     663,552
module.layer3.0.bn_a1.weight                              384 =         384
module.layer3.0.bn_a1.bias                                384 =         384
module.layer3.0.conv_a2.weight              384 * 384 * 3 * 3 =   1,327,104
module.layer3.0.bn_a2.weight                              384 =         384
module.layer3.0.bn_a2.bias                                384 =         384
module.layer3.0.conv_b1.weight              384 * 192 * 3 * 3 =     663,552
module.layer3.0.bn_b1.weight                              384 =         384
module.layer3.0.bn_b1.bias                                384 =         384
module.layer3.0.conv_b2.weight              384 * 384 * 3 * 3 =   1,327,104
module.layer3.0.bn_b2.weight                              384 =         384
module.layer3.0.bn_b2.bias                                384 =         384
module.layer3.0.downsample.conv.weight      384 * 192 * 1 * 1 =      73,728
module.layer3.0.downsample.conv.bias                      384 =         384
module.layer3.0.downsample.bn.weight                      384 =         384
module.layer3.0.downsample.bn.bias                        384 =         384
module.layer3.1.conv_a1.weight              384 * 384 * 3 * 3 =   1,327,104
module.layer3.1.bn_a1.weight                              384 =         384
module.layer3.1.bn_a1.bias                                384 =         384
module.layer3.1.conv_a2.weight              384 * 384 * 3 * 3 =   1,327,104
module.layer3.1.bn_a2.weight                              384 =         384
module.layer3.1.bn_a2.bias                                384 =         384
module.layer3.1.conv_b1.weight              384 * 384 * 3 * 3 =   1,327,104
module.layer3.1.bn_b1.weight                              384 =         384
module.layer3.1.bn_b1.bias                                384 =         384
module.layer3.1.conv_b2.weight              384 * 384 * 3 * 3 =   1,327,104
module.layer3.1.bn_b2.weight                              384 =         384
module.layer3.1.bn_b2.bias                                384 =         384
module.layer3.2.conv_a1.weight              384 * 384 * 3 * 3 =   1,327,104
module.layer3.2.bn_a1.weight                              384 =         384
module.layer3.2.bn_a1.bias                                384 =         384
module.layer3.2.conv_a2.weight              384 * 384 * 3 * 3 =   1,327,104
module.layer3.2.bn_a2.weight                              384 =         384
module.layer3.2.bn_a2.bias                                384 =         384
module.layer3.2.conv_b1.weight              384 * 384 * 3 * 3 =   1,327,104
module.layer3.2.bn_b1.weight                              384 =         384
module.layer3.2.bn_b1.bias                                384 =         384
module.layer3.2.conv_b2.weight              384 * 384 * 3 * 3 =   1,327,104
module.layer3.2.bn_b2.weight                              384 =         384
module.layer3.2.bn_b2.bias                                384 =         384
module.layer3.3.conv_a1.weight              384 * 384 * 3 * 3 =   1,327,104
module.layer3.3.bn_a1.weight                              384 =         384
module.layer3.3.bn_a1.bias                                384 =         384
module.layer3.3.conv_a2.weight              384 * 384 * 3 * 3 =   1,327,104
module.layer3.3.bn_a2.weight                              384 =         384
module.layer3.3.bn_a2.bias                                384 =         384
module.layer3.3.conv_b1.weight              384 * 384 * 3 * 3 =   1,327,104
module.layer3.3.bn_b1.weight                              384 =         384
module.layer3.3.bn_b1.bias                                384 =         384
module.layer3.3.conv_b2.weight              384 * 384 * 3 * 3 =   1,327,104
module.layer3.3.bn_b2.weight                              384 =         384
module.layer3.3.bn_b2.bias                                384 =         384
module.fc1.weight                                  1000 * 384 =     384,000
module.fc1.bias                                          1000 =       1,000
module.fc2.weight                                  1000 * 384 =     384,000
module.fc2.bias                                          1000 =       1,000
===========================================================================
all parameters                                   sum of above =  26,959,616

--- checkpoint saved to /scratch/ijh216/ssl//sslK_2/2019-05-12_14-29-19/10/transient/checkpoint.0.ckpt ---
Augmenting Labeled Data
[2000, 130000]
Frequent SWAs with frequencies = [3]
/home/ijh216/pytorch/py3.6.3/lib/python3.6/site-packages/torch/nn/_reduction.py:49: UserWarning: size_average and reduce args will be deprecated, please use reduction='sum' instead.
  warnings.warn(warning.format(ret))
Epoch: [0][0/554]	Time 22.054 (22.054)	Data 11.882 (11.882)	Class 6.9785 (6.9785)	Cons 0.0000 (0.0000)	Acc@1 0.000 (0.000)	Acc@5 0.000 (0.000)
Epoch: [0][10/554]	Time 3.944 (5.576)	Data 0.000 (1.092)	Class 6.9924 (7.0000)	Cons 0.0000 (0.0000)	Acc@1 0.000 (0.000)	Acc@5 0.000 (0.000)
Epoch: [0][20/554]	Time 3.964 (4.804)	Data 0.000 (0.573)	Class 6.9636 (6.9926)	Cons 0.0000 (0.0000)	Acc@1 0.000 (0.000)	Acc@5 0.260 (0.000)
Epoch: [0][30/554]	Time 3.979 (4.536)	Data 0.000 (0.389)	Class 6.9264 (6.9858)	Cons 0.0000 (0.0000)	Acc@1 0.260 (0.000)	Acc@5 0.781 (0.000)
Epoch: [0][40/554]	Time 3.994 (4.402)	Data 0.000 (0.294)	Class 6.8681 (6.9799)	Cons 0.0000 (0.0000)	Acc@1 0.260 (0.000)	Acc@5 1.562 (0.000)
Epoch: [0][50/554]	Time 3.970 (4.322)	Data 0.000 (0.237)	Class 6.9422 (6.9692)	Cons 0.0000 (0.0000)	Acc@1 0.000 (0.000)	Acc@5 1.562 (0.000)
Epoch: [0][60/554]	Time 3.974 (4.265)	Data 0.000 (0.198)	Class 6.8442 (6.9545)	Cons 0.0000 (0.0000)	Acc@1 0.000 (0.000)	Acc@5 1.823 (0.000)
Epoch: [0][70/554]	Time 3.972 (4.223)	Data 0.001 (0.171)	Class 6.9091 (6.9350)	Cons 0.0000 (0.0000)	Acc@1 0.260 (0.000)	Acc@5 0.521 (0.000)
Epoch: [0][80/554]	Time 3.958 (4.191)	Data 0.000 (0.150)	Class 6.7991 (6.9180)	Cons 0.0000 (0.0000)	Acc@1 0.521 (0.000)	Acc@5 1.823 (0.000)
Epoch: [0][90/554]	Time 3.946 (4.166)	Data 0.000 (0.134)	Class 6.8048 (6.8983)	Cons 0.0000 (0.0000)	Acc@1 0.781 (0.000)	Acc@5 1.302 (0.000)
Epoch: [0][100/554]	Time 3.969 (4.146)	Data 0.000 (0.121)	Class 6.6729 (6.8767)	Cons 0.0000 (0.0000)	Acc@1 0.781 (0.000)	Acc@5 1.562 (1.000)
Epoch: [0][110/554]	Time 3.970 (4.130)	Data 0.000 (0.110)	Class 6.6111 (6.8556)	Cons 0.0000 (0.0000)	Acc@1 0.781 (0.000)	Acc@5 2.865 (1.000)
Epoch: [0][120/554]	Time 3.967 (4.116)	Data 0.000 (0.101)	Class 6.4981 (6.8332)	Cons 0.0000 (0.0000)	Acc@1 1.823 (0.000)	Acc@5 3.646 (1.000)
Epoch: [0][130/554]	Time 3.964 (4.105)	Data 0.000 (0.094)	Class 6.5791 (6.8135)	Cons 0.0000 (0.0000)	Acc@1 1.302 (0.000)	Acc@5 3.646 (1.000)
Epoch: [0][140/554]	Time 3.969 (4.095)	Data 0.000 (0.087)	Class 6.6358 (6.7918)	Cons 0.0000 (0.0000)	Acc@1 1.042 (0.000)	Acc@5 2.865 (1.000)
Epoch: [0][150/554]	Time 3.969 (4.086)	Data 0.000 (0.081)	Class 6.4933 (6.7724)	Cons 0.0000 (0.0000)	Acc@1 1.042 (0.000)	Acc@5 3.385 (1.000)
Epoch: [0][160/554]	Time 3.963 (4.079)	Data 0.000 (0.076)	Class 6.4490 (6.7523)	Cons 0.0000 (0.0000)	Acc@1 2.865 (0.000)	Acc@5 8.594 (1.000)
Epoch: [0][170/554]	Time 3.968 (4.072)	Data 0.000 (0.072)	Class 6.3644 (6.7345)	Cons 0.0000 (0.0000)	Acc@1 3.125 (0.000)	Acc@5 7.292 (2.000)
Epoch: [0][180/554]	Time 3.958 (4.066)	Data 0.000 (0.068)	Class 6.4932 (6.7170)	Cons 0.0000 (0.0000)	Acc@1 2.083 (0.000)	Acc@5 5.208 (2.000)
Epoch: [0][190/554]	Time 3.965 (4.061)	Data 0.000 (0.065)	Class 6.3609 (6.6994)	Cons 0.0000 (0.0000)	Acc@1 1.042 (0.000)	Acc@5 7.552 (2.000)
Epoch: [0][200/554]	Time 3.961 (4.056)	Data 0.000 (0.062)	Class 6.3014 (6.6819)	Cons 0.0000 (0.0000)	Acc@1 2.604 (0.000)	Acc@5 6.771 (2.000)
Epoch: [0][210/554]	Time 3.968 (4.052)	Data 0.000 (0.059)	Class 6.3865 (6.6661)	Cons 0.0000 (0.0000)	Acc@1 4.167 (0.000)	Acc@5 8.854 (2.000)
Epoch: [0][220/554]	Time 3.971 (4.048)	Data 0.000 (0.056)	Class 6.3790 (6.6514)	Cons 0.0000 (0.0000)	Acc@1 2.344 (0.000)	Acc@5 8.333 (3.000)
Epoch: [0][230/554]	Time 3.961 (4.044)	Data 0.000 (0.054)	Class 6.3735 (6.6368)	Cons 0.0000 (0.0000)	Acc@1 2.344 (0.000)	Acc@5 7.031 (3.000)
Epoch: [0][240/554]	Time 3.968 (4.041)	Data 0.001 (0.052)	Class 6.2785 (6.6219)	Cons 0.0000 (0.0000)	Acc@1 3.906 (0.000)	Acc@5 10.156 (3.000)
Epoch: [0][250/554]	Time 3.961 (4.038)	Data 0.000 (0.050)	Class 6.1668 (6.6073)	Cons 0.0000 (0.0000)	Acc@1 6.250 (0.000)	Acc@5 13.281 (3.000)
Epoch: [0][260/554]	Time 3.966 (4.035)	Data 0.000 (0.048)	Class 6.3145 (6.5939)	Cons 0.0000 (0.0000)	Acc@1 3.385 (1.000)	Acc@5 9.115 (3.000)
Epoch: [0][270/554]	Time 3.963 (4.033)	Data 0.000 (0.046)	Class 6.2426 (6.5790)	Cons 0.0000 (0.0000)	Acc@1 2.344 (1.000)	Acc@5 9.896 (4.000)
Epoch: [0][280/554]	Time 3.963 (4.030)	Data 0.000 (0.045)	Class 6.2272 (6.5657)	Cons 0.0000 (0.0000)	Acc@1 3.906 (1.000)	Acc@5 13.281 (4.000)
Epoch: [0][290/554]	Time 3.968 (4.028)	Data 0.000 (0.043)	Class 6.1104 (6.5526)	Cons 0.0000 (0.0000)	Acc@1 4.167 (1.000)	Acc@5 14.063 (4.000)
