Using these command line args: --workers 4 --checkpoint-epochs 25 --evaluation-epochs 5 --dataset sslK --train-subdir train_8 --unsup-subdir unsupervised --eval-subdir supervised/val --augment-unlabeled-init True --augment-unlabeled-epoch -1 --arch cifar_shakeshake26 --ema-decay 0.999 --consistency-type mse --consistency-rampup 150 --consistency 1000.0 --logit-distance-cost 0.01 --weight-decay 0.0002 --innovate False --epochs 50 --start-epoch 0 --lr 0.1 --lr-rampup 0 --lr-rampdown-epochs 75 --nesterov True --num-cycles 3 --cycle-interval 3 --fastswa-frequencies 3 --device cuda --batch-size 384 --labeled-batch-size 153
=> creating model 'cifar_shakeshake26'
=> creating model 'cifar_shakeshake26'
=> creating model 'cifar_shakeshake26'
=> creating model 'cifar_shakeshake26'

List of model parameters:
=========================
module.conv1.weight                            16 * 3 * 3 * 3 =         432
module.layer1.0.conv_a1.weight                96 * 16 * 3 * 3 =      13,824
module.layer1.0.bn_a1.weight                               96 =          96
module.layer1.0.bn_a1.bias                                 96 =          96
module.layer1.0.conv_a2.weight                96 * 96 * 3 * 3 =      82,944
module.layer1.0.bn_a2.weight                               96 =          96
module.layer1.0.bn_a2.bias                                 96 =          96
module.layer1.0.conv_b1.weight                96 * 16 * 3 * 3 =      13,824
module.layer1.0.bn_b1.weight                               96 =          96
module.layer1.0.bn_b1.bias                                 96 =          96
module.layer1.0.conv_b2.weight                96 * 96 * 3 * 3 =      82,944
module.layer1.0.bn_b2.weight                               96 =          96
module.layer1.0.bn_b2.bias                                 96 =          96
module.layer1.0.downsample.0.weight           96 * 16 * 1 * 1 =       1,536
module.layer1.0.downsample.1.weight                        96 =          96
module.layer1.0.downsample.1.bias                          96 =          96
module.layer1.1.conv_a1.weight                96 * 96 * 3 * 3 =      82,944
module.layer1.1.bn_a1.weight                               96 =          96
module.layer1.1.bn_a1.bias                                 96 =          96
module.layer1.1.conv_a2.weight                96 * 96 * 3 * 3 =      82,944
module.layer1.1.bn_a2.weight                               96 =          96
module.layer1.1.bn_a2.bias                                 96 =          96
module.layer1.1.conv_b1.weight                96 * 96 * 3 * 3 =      82,944
module.layer1.1.bn_b1.weight                               96 =          96
module.layer1.1.bn_b1.bias                                 96 =          96
module.layer1.1.conv_b2.weight                96 * 96 * 3 * 3 =      82,944
module.layer1.1.bn_b2.weight                               96 =          96
module.layer1.1.bn_b2.bias                                 96 =          96
module.layer1.2.conv_a1.weight                96 * 96 * 3 * 3 =      82,944
module.layer1.2.bn_a1.weight                               96 =          96
module.layer1.2.bn_a1.bias                                 96 =          96
module.layer1.2.conv_a2.weight                96 * 96 * 3 * 3 =      82,944
module.layer1.2.bn_a2.weight                               96 =          96
module.layer1.2.bn_a2.bias                                 96 =          96
module.layer1.2.conv_b1.weight                96 * 96 * 3 * 3 =      82,944
module.layer1.2.bn_b1.weight                               96 =          96
module.layer1.2.bn_b1.bias                                 96 =          96
module.layer1.2.conv_b2.weight                96 * 96 * 3 * 3 =      82,944
module.layer1.2.bn_b2.weight                               96 =          96
module.layer1.2.bn_b2.bias                                 96 =          96
module.layer1.3.conv_a1.weight                96 * 96 * 3 * 3 =      82,944
module.layer1.3.bn_a1.weight                               96 =          96
module.layer1.3.bn_a1.bias                                 96 =          96
module.layer1.3.conv_a2.weight                96 * 96 * 3 * 3 =      82,944
module.layer1.3.bn_a2.weight                               96 =          96
module.layer1.3.bn_a2.bias                                 96 =          96
module.layer1.3.conv_b1.weight                96 * 96 * 3 * 3 =      82,944
module.layer1.3.bn_b1.weight                               96 =          96
module.layer1.3.bn_b1.bias                                 96 =          96
module.layer1.3.conv_b2.weight                96 * 96 * 3 * 3 =      82,944
module.layer1.3.bn_b2.weight                               96 =          96
module.layer1.3.bn_b2.bias                                 96 =          96
module.layer2.0.conv_a1.weight               192 * 96 * 3 * 3 =     165,888
module.layer2.0.bn_a1.weight                              192 =         192
module.layer2.0.bn_a1.bias                                192 =         192
module.layer2.0.conv_a2.weight              192 * 192 * 3 * 3 =     331,776
module.layer2.0.bn_a2.weight                              192 =         192
module.layer2.0.bn_a2.bias                                192 =         192
module.layer2.0.conv_b1.weight               192 * 96 * 3 * 3 =     165,888
module.layer2.0.bn_b1.weight                              192 =         192
module.layer2.0.bn_b1.bias                                192 =         192
module.layer2.0.conv_b2.weight              192 * 192 * 3 * 3 =     331,776
module.layer2.0.bn_b2.weight                              192 =         192
module.layer2.0.bn_b2.bias                                192 =         192
module.layer2.0.downsample.conv.weight       192 * 96 * 1 * 1 =      18,432
module.layer2.0.downsample.conv.bias                      192 =         192
module.layer2.0.downsample.bn.weight                      192 =         192
module.layer2.0.downsample.bn.bias                        192 =         192
module.layer2.1.conv_a1.weight              192 * 192 * 3 * 3 =     331,776
module.layer2.1.bn_a1.weight                              192 =         192
module.layer2.1.bn_a1.bias                                192 =         192
module.layer2.1.conv_a2.weight              192 * 192 * 3 * 3 =     331,776
module.layer2.1.bn_a2.weight                              192 =         192
module.layer2.1.bn_a2.bias                                192 =         192
module.layer2.1.conv_b1.weight              192 * 192 * 3 * 3 =     331,776
module.layer2.1.bn_b1.weight                              192 =         192
module.layer2.1.bn_b1.bias                                192 =         192
module.layer2.1.conv_b2.weight              192 * 192 * 3 * 3 =     331,776
module.layer2.1.bn_b2.weight                              192 =         192
module.layer2.1.bn_b2.bias                                192 =         192
module.layer2.2.conv_a1.weight              192 * 192 * 3 * 3 =     331,776
module.layer2.2.bn_a1.weight                              192 =         192
module.layer2.2.bn_a1.bias                                192 =         192
module.layer2.2.conv_a2.weight              192 * 192 * 3 * 3 =     331,776
module.layer2.2.bn_a2.weight                              192 =         192
module.layer2.2.bn_a2.bias                                192 =         192
module.layer2.2.conv_b1.weight              192 * 192 * 3 * 3 =     331,776
module.layer2.2.bn_b1.weight                              192 =         192
module.layer2.2.bn_b1.bias                                192 =         192
module.layer2.2.conv_b2.weight              192 * 192 * 3 * 3 =     331,776
module.layer2.2.bn_b2.weight                              192 =         192
module.layer2.2.bn_b2.bias                                192 =         192
module.layer2.3.conv_a1.weight              192 * 192 * 3 * 3 =     331,776
module.layer2.3.bn_a1.weight                              192 =         192
module.layer2.3.bn_a1.bias                                192 =         192
module.layer2.3.conv_a2.weight              192 * 192 * 3 * 3 =     331,776
module.layer2.3.bn_a2.weight                              192 =         192
module.layer2.3.bn_a2.bias                                192 =         192
module.layer2.3.conv_b1.weight              192 * 192 * 3 * 3 =     331,776
module.layer2.3.bn_b1.weight                              192 =         192
module.layer2.3.bn_b1.bias                                192 =         192
module.layer2.3.conv_b2.weight              192 * 192 * 3 * 3 =     331,776
module.layer2.3.bn_b2.weight                              192 =         192
module.layer2.3.bn_b2.bias                                192 =         192
module.layer3.0.conv_a1.weight              384 * 192 * 3 * 3 =     663,552
module.layer3.0.bn_a1.weight                              384 =         384
module.layer3.0.bn_a1.bias                                384 =         384
module.layer3.0.conv_a2.weight              384 * 384 * 3 * 3 =   1,327,104
module.layer3.0.bn_a2.weight                              384 =         384
module.layer3.0.bn_a2.bias                                384 =         384
module.layer3.0.conv_b1.weight              384 * 192 * 3 * 3 =     663,552
module.layer3.0.bn_b1.weight                              384 =         384
module.layer3.0.bn_b1.bias                                384 =         384
module.layer3.0.conv_b2.weight              384 * 384 * 3 * 3 =   1,327,104
module.layer3.0.bn_b2.weight                              384 =         384
module.layer3.0.bn_b2.bias                                384 =         384
module.layer3.0.downsample.conv.weight      384 * 192 * 1 * 1 =      73,728
module.layer3.0.downsample.conv.bias                      384 =         384
module.layer3.0.downsample.bn.weight                      384 =         384
module.layer3.0.downsample.bn.bias                        384 =         384
module.layer3.1.conv_a1.weight              384 * 384 * 3 * 3 =   1,327,104
module.layer3.1.bn_a1.weight                              384 =         384
module.layer3.1.bn_a1.bias                                384 =         384
module.layer3.1.conv_a2.weight              384 * 384 * 3 * 3 =   1,327,104
module.layer3.1.bn_a2.weight                              384 =         384
module.layer3.1.bn_a2.bias                                384 =         384
module.layer3.1.conv_b1.weight              384 * 384 * 3 * 3 =   1,327,104
module.layer3.1.bn_b1.weight                              384 =         384
module.layer3.1.bn_b1.bias                                384 =         384
module.layer3.1.conv_b2.weight              384 * 384 * 3 * 3 =   1,327,104
module.layer3.1.bn_b2.weight                              384 =         384
module.layer3.1.bn_b2.bias                                384 =         384
module.layer3.2.conv_a1.weight              384 * 384 * 3 * 3 =   1,327,104
module.layer3.2.bn_a1.weight                              384 =         384
module.layer3.2.bn_a1.bias                                384 =         384
module.layer3.2.conv_a2.weight              384 * 384 * 3 * 3 =   1,327,104
module.layer3.2.bn_a2.weight                              384 =         384
module.layer3.2.bn_a2.bias                                384 =         384
module.layer3.2.conv_b1.weight              384 * 384 * 3 * 3 =   1,327,104
module.layer3.2.bn_b1.weight                              384 =         384
module.layer3.2.bn_b1.bias                                384 =         384
module.layer3.2.conv_b2.weight              384 * 384 * 3 * 3 =   1,327,104
module.layer3.2.bn_b2.weight                              384 =         384
module.layer3.2.bn_b2.bias                                384 =         384
module.layer3.3.conv_a1.weight              384 * 384 * 3 * 3 =   1,327,104
module.layer3.3.bn_a1.weight                              384 =         384
module.layer3.3.bn_a1.bias                                384 =         384
module.layer3.3.conv_a2.weight              384 * 384 * 3 * 3 =   1,327,104
module.layer3.3.bn_a2.weight                              384 =         384
module.layer3.3.bn_a2.bias                                384 =         384
module.layer3.3.conv_b1.weight              384 * 384 * 3 * 3 =   1,327,104
module.layer3.3.bn_b1.weight                              384 =         384
module.layer3.3.bn_b1.bias                                384 =         384
module.layer3.3.conv_b2.weight              384 * 384 * 3 * 3 =   1,327,104
module.layer3.3.bn_b2.weight                              384 =         384
module.layer3.3.bn_b2.bias                                384 =         384
module.fc1.weight                                  1000 * 384 =     384,000
module.fc1.bias                                          1000 =       1,000
module.fc2.weight                                  1000 * 384 =     384,000
module.fc2.bias                                          1000 =       1,000
===========================================================================
all parameters                                   sum of above =  26,959,616

--- checkpoint saved to /scratch/ijh216/ssl//sslK_8/2019-05-12_14-42-43/10/transient/checkpoint.0.ckpt ---
Augmenting Labeled Data
[8000, 136000]
Frequent SWAs with frequencies = [3]
/home/ijh216/pytorch/py3.6.3/lib/python3.6/site-packages/torch/nn/_reduction.py:49: UserWarning: size_average and reduce args will be deprecated, please use reduction='sum' instead.
  warnings.warn(warning.format(ret))
Epoch: [0][0/554]	Time 13.878 (13.878)	Data 10.642 (10.642)	Class 7.0064 (7.0064)	Cons 0.0000 (0.0000)	Acc@1 0.000 (0.000)	Acc@5 0.000 (0.000)
Epoch: [0][10/554]	Time 1.269 (3.348)	Data 0.000 (1.899)	Class 7.0151 (6.9948)	Cons 0.0000 (0.0000)	Acc@1 0.260 (0.000)	Acc@5 0.521 (0.000)
Epoch: [0][20/554]	Time 9.256 (3.465)	Data 7.973 (2.102)	Class 6.9776 (6.9926)	Cons 0.0000 (0.0000)	Acc@1 0.000 (0.000)	Acc@5 0.521 (0.000)
Epoch: [0][30/554]	Time 1.272 (3.152)	Data 0.000 (1.819)	Class 6.9831 (6.9963)	Cons 0.0000 (0.0000)	Acc@1 0.260 (0.000)	Acc@5 0.781 (0.000)
Epoch: [0][40/554]	Time 7.696 (3.173)	Data 6.432 (1.856)	Class 6.9762 (7.0008)	Cons 0.0000 (0.0000)	Acc@1 0.000 (0.000)	Acc@5 0.521 (0.000)
Epoch: [0][50/554]	Time 1.271 (3.069)	Data 0.000 (1.761)	Class 6.9320 (6.9979)	Cons 0.0000 (0.0000)	Acc@1 0.260 (0.000)	Acc@5 0.781 (0.000)
Epoch: [0][60/554]	Time 7.089 (3.047)	Data 5.824 (1.745)	Class 6.9894 (6.9909)	Cons 0.0000 (0.0000)	Acc@1 0.781 (0.000)	Acc@5 1.042 (0.000)
Epoch: [0][70/554]	Time 1.271 (2.969)	Data 0.000 (1.672)	Class 6.8520 (6.9778)	Cons 0.0000 (0.0000)	Acc@1 0.000 (0.000)	Acc@5 0.260 (0.000)
Epoch: [0][80/554]	Time 7.569 (2.999)	Data 6.304 (1.705)	Class 6.8814 (6.9698)	Cons 0.0000 (0.0000)	Acc@1 0.260 (0.000)	Acc@5 1.042 (0.000)
Epoch: [0][90/554]	Time 1.270 (2.933)	Data 0.000 (1.641)	Class 6.8607 (6.9567)	Cons 0.0000 (0.0000)	Acc@1 0.000 (0.000)	Acc@5 0.781 (0.000)
Epoch: [0][100/554]	Time 7.088 (2.928)	Data 5.823 (1.639)	Class 6.8443 (6.9447)	Cons 0.0000 (0.0000)	Acc@1 0.521 (0.000)	Acc@5 1.302 (0.000)
Epoch: [0][110/554]	Time 1.271 (2.885)	Data 0.000 (1.598)	Class 6.7195 (6.9301)	Cons 0.0000 (0.0000)	Acc@1 0.260 (0.000)	Acc@5 1.823 (0.000)
Epoch: [0][120/554]	Time 6.420 (2.881)	Data 5.155 (1.595)	Class 6.7011 (6.9152)	Cons 0.0000 (0.0000)	Acc@1 0.260 (0.000)	Acc@5 1.302 (0.000)
