Using these command line args: --workers 4 --checkpoint-epochs 1 --evaluation-epochs 100 --resume /scratch/ijh216/ssl/ssl_shake_mini_augment/2019-05-06_18-04-18/10/transient/checkpoint.325.ckpt --dataset ssl4 --train-subdir supervised/train --unsup-subdir unsupervised --eval-subdir supervised/val --augment-unlabeled-init True --augment-unlabeled-epoch -1 --arch cifar_shakeshake26 --ema-decay 0.999 --consistency-type mse --consistency-rampup 150 --consistency 1000.0 --logit-distance-cost 0.01 --weight-decay 0.0002 --innovate False --epochs 325 --start-epoch 325 --lr 0.1 --lr-rampup 0 --lr-rampdown-epochs 330 --nesterov True --num-cycles 3 --cycle-interval 3 --fastswa-frequencies 3 --device cuda --batch-size 384 --labeled-batch-size 153
=> creating model 'cifar_shakeshake26'
=> creating model 'cifar_shakeshake26'
=> creating model 'cifar_shakeshake26'
=> creating model 'cifar_shakeshake26'

List of model parameters:
=========================
module.conv1.weight                            16 * 3 * 3 * 3 =         432
module.layer1.0.conv_a1.weight                96 * 16 * 3 * 3 =      13,824
module.layer1.0.bn_a1.weight                               96 =          96
module.layer1.0.bn_a1.bias                                 96 =          96
module.layer1.0.conv_a2.weight                96 * 96 * 3 * 3 =      82,944
module.layer1.0.bn_a2.weight                               96 =          96
module.layer1.0.bn_a2.bias                                 96 =          96
module.layer1.0.conv_b1.weight                96 * 16 * 3 * 3 =      13,824
module.layer1.0.bn_b1.weight                               96 =          96
module.layer1.0.bn_b1.bias                                 96 =          96
module.layer1.0.conv_b2.weight                96 * 96 * 3 * 3 =      82,944
module.layer1.0.bn_b2.weight                               96 =          96
module.layer1.0.bn_b2.bias                                 96 =          96
module.layer1.0.downsample.0.weight           96 * 16 * 1 * 1 =       1,536
module.layer1.0.downsample.1.weight                        96 =          96
module.layer1.0.downsample.1.bias                          96 =          96
module.layer1.1.conv_a1.weight                96 * 96 * 3 * 3 =      82,944
module.layer1.1.bn_a1.weight                               96 =          96
module.layer1.1.bn_a1.bias                                 96 =          96
module.layer1.1.conv_a2.weight                96 * 96 * 3 * 3 =      82,944
module.layer1.1.bn_a2.weight                               96 =          96
module.layer1.1.bn_a2.bias                                 96 =          96
module.layer1.1.conv_b1.weight                96 * 96 * 3 * 3 =      82,944
module.layer1.1.bn_b1.weight                               96 =          96
module.layer1.1.bn_b1.bias                                 96 =          96
module.layer1.1.conv_b2.weight                96 * 96 * 3 * 3 =      82,944
module.layer1.1.bn_b2.weight                               96 =          96
module.layer1.1.bn_b2.bias                                 96 =          96
module.layer1.2.conv_a1.weight                96 * 96 * 3 * 3 =      82,944
module.layer1.2.bn_a1.weight                               96 =          96
module.layer1.2.bn_a1.bias                                 96 =          96
module.layer1.2.conv_a2.weight                96 * 96 * 3 * 3 =      82,944
module.layer1.2.bn_a2.weight                               96 =          96
module.layer1.2.bn_a2.bias                                 96 =          96
module.layer1.2.conv_b1.weight                96 * 96 * 3 * 3 =      82,944
module.layer1.2.bn_b1.weight                               96 =          96
module.layer1.2.bn_b1.bias                                 96 =          96
module.layer1.2.conv_b2.weight                96 * 96 * 3 * 3 =      82,944
module.layer1.2.bn_b2.weight                               96 =          96
module.layer1.2.bn_b2.bias                                 96 =          96
module.layer1.3.conv_a1.weight                96 * 96 * 3 * 3 =      82,944
module.layer1.3.bn_a1.weight                               96 =          96
module.layer1.3.bn_a1.bias                                 96 =          96
module.layer1.3.conv_a2.weight                96 * 96 * 3 * 3 =      82,944
module.layer1.3.bn_a2.weight                               96 =          96
module.layer1.3.bn_a2.bias                                 96 =          96
module.layer1.3.conv_b1.weight                96 * 96 * 3 * 3 =      82,944
module.layer1.3.bn_b1.weight                               96 =          96
module.layer1.3.bn_b1.bias                                 96 =          96
module.layer1.3.conv_b2.weight                96 * 96 * 3 * 3 =      82,944
module.layer1.3.bn_b2.weight                               96 =          96
module.layer1.3.bn_b2.bias                                 96 =          96
module.layer2.0.conv_a1.weight               192 * 96 * 3 * 3 =     165,888
module.layer2.0.bn_a1.weight                              192 =         192
module.layer2.0.bn_a1.bias                                192 =         192
module.layer2.0.conv_a2.weight              192 * 192 * 3 * 3 =     331,776
module.layer2.0.bn_a2.weight                              192 =         192
module.layer2.0.bn_a2.bias                                192 =         192
module.layer2.0.conv_b1.weight               192 * 96 * 3 * 3 =     165,888
module.layer2.0.bn_b1.weight                              192 =         192
module.layer2.0.bn_b1.bias                                192 =         192
module.layer2.0.conv_b2.weight              192 * 192 * 3 * 3 =     331,776
module.layer2.0.bn_b2.weight                              192 =         192
module.layer2.0.bn_b2.bias                                192 =         192
module.layer2.0.downsample.conv.weight       192 * 96 * 1 * 1 =      18,432
module.layer2.0.downsample.conv.bias                      192 =         192
module.layer2.0.downsample.bn.weight                      192 =         192
module.layer2.0.downsample.bn.bias                        192 =         192
module.layer2.1.conv_a1.weight              192 * 192 * 3 * 3 =     331,776
module.layer2.1.bn_a1.weight                              192 =         192
module.layer2.1.bn_a1.bias                                192 =         192
module.layer2.1.conv_a2.weight              192 * 192 * 3 * 3 =     331,776
module.layer2.1.bn_a2.weight                              192 =         192
module.layer2.1.bn_a2.bias                                192 =         192
module.layer2.1.conv_b1.weight              192 * 192 * 3 * 3 =     331,776
module.layer2.1.bn_b1.weight                              192 =         192
module.layer2.1.bn_b1.bias                                192 =         192
module.layer2.1.conv_b2.weight              192 * 192 * 3 * 3 =     331,776
module.layer2.1.bn_b2.weight                              192 =         192
module.layer2.1.bn_b2.bias                                192 =         192
module.layer2.2.conv_a1.weight              192 * 192 * 3 * 3 =     331,776
module.layer2.2.bn_a1.weight                              192 =         192
module.layer2.2.bn_a1.bias                                192 =         192
module.layer2.2.conv_a2.weight              192 * 192 * 3 * 3 =     331,776
module.layer2.2.bn_a2.weight                              192 =         192
module.layer2.2.bn_a2.bias                                192 =         192
module.layer2.2.conv_b1.weight              192 * 192 * 3 * 3 =     331,776
module.layer2.2.bn_b1.weight                              192 =         192
module.layer2.2.bn_b1.bias                                192 =         192
module.layer2.2.conv_b2.weight              192 * 192 * 3 * 3 =     331,776
module.layer2.2.bn_b2.weight                              192 =         192
module.layer2.2.bn_b2.bias                                192 =         192
module.layer2.3.conv_a1.weight              192 * 192 * 3 * 3 =     331,776
module.layer2.3.bn_a1.weight                              192 =         192
module.layer2.3.bn_a1.bias                                192 =         192
module.layer2.3.conv_a2.weight              192 * 192 * 3 * 3 =     331,776
module.layer2.3.bn_a2.weight                              192 =         192
module.layer2.3.bn_a2.bias                                192 =         192
module.layer2.3.conv_b1.weight              192 * 192 * 3 * 3 =     331,776
module.layer2.3.bn_b1.weight                              192 =         192
module.layer2.3.bn_b1.bias                                192 =         192
module.layer2.3.conv_b2.weight              192 * 192 * 3 * 3 =     331,776
module.layer2.3.bn_b2.weight                              192 =         192
module.layer2.3.bn_b2.bias                                192 =         192
module.layer3.0.conv_a1.weight              384 * 192 * 3 * 3 =     663,552
module.layer3.0.bn_a1.weight                              384 =         384
module.layer3.0.bn_a1.bias                                384 =         384
module.layer3.0.conv_a2.weight              384 * 384 * 3 * 3 =   1,327,104
module.layer3.0.bn_a2.weight                              384 =         384
module.layer3.0.bn_a2.bias                                384 =         384
module.layer3.0.conv_b1.weight              384 * 192 * 3 * 3 =     663,552
module.layer3.0.bn_b1.weight                              384 =         384
module.layer3.0.bn_b1.bias                                384 =         384
module.layer3.0.conv_b2.weight              384 * 384 * 3 * 3 =   1,327,104
module.layer3.0.bn_b2.weight                              384 =         384
module.layer3.0.bn_b2.bias                                384 =         384
module.layer3.0.downsample.conv.weight      384 * 192 * 1 * 1 =      73,728
module.layer3.0.downsample.conv.bias                      384 =         384
module.layer3.0.downsample.bn.weight                      384 =         384
module.layer3.0.downsample.bn.bias                        384 =         384
module.layer3.1.conv_a1.weight              384 * 384 * 3 * 3 =   1,327,104
module.layer3.1.bn_a1.weight                              384 =         384
module.layer3.1.bn_a1.bias                                384 =         384
module.layer3.1.conv_a2.weight              384 * 384 * 3 * 3 =   1,327,104
module.layer3.1.bn_a2.weight                              384 =         384
module.layer3.1.bn_a2.bias                                384 =         384
module.layer3.1.conv_b1.weight              384 * 384 * 3 * 3 =   1,327,104
module.layer3.1.bn_b1.weight                              384 =         384
module.layer3.1.bn_b1.bias                                384 =         384
module.layer3.1.conv_b2.weight              384 * 384 * 3 * 3 =   1,327,104
module.layer3.1.bn_b2.weight                              384 =         384
module.layer3.1.bn_b2.bias                                384 =         384
module.layer3.2.conv_a1.weight              384 * 384 * 3 * 3 =   1,327,104
module.layer3.2.bn_a1.weight                              384 =         384
module.layer3.2.bn_a1.bias                                384 =         384
module.layer3.2.conv_a2.weight              384 * 384 * 3 * 3 =   1,327,104
module.layer3.2.bn_a2.weight                              384 =         384
module.layer3.2.bn_a2.bias                                384 =         384
module.layer3.2.conv_b1.weight              384 * 384 * 3 * 3 =   1,327,104
module.layer3.2.bn_b1.weight                              384 =         384
module.layer3.2.bn_b1.bias                                384 =         384
module.layer3.2.conv_b2.weight              384 * 384 * 3 * 3 =   1,327,104
module.layer3.2.bn_b2.weight                              384 =         384
module.layer3.2.bn_b2.bias                                384 =         384
module.layer3.3.conv_a1.weight              384 * 384 * 3 * 3 =   1,327,104
module.layer3.3.bn_a1.weight                              384 =         384
module.layer3.3.bn_a1.bias                                384 =         384
module.layer3.3.conv_a2.weight              384 * 384 * 3 * 3 =   1,327,104
module.layer3.3.bn_a2.weight                              384 =         384
module.layer3.3.bn_a2.bias                                384 =         384
module.layer3.3.conv_b1.weight              384 * 384 * 3 * 3 =   1,327,104
module.layer3.3.bn_b1.weight                              384 =         384
module.layer3.3.bn_b1.bias                                384 =         384
module.layer3.3.conv_b2.weight              384 * 384 * 3 * 3 =   1,327,104
module.layer3.3.bn_b2.weight                              384 =         384
module.layer3.3.bn_b2.bias                                384 =         384
module.fc1.weight                                  1000 * 384 =     384,000
module.fc1.bias                                          1000 =       1,000
module.fc2.weight                                  1000 * 384 =     384,000
module.fc2.bias                                          1000 =       1,000
===========================================================================
all parameters                                   sum of above =  26,959,616

=> loading checkpoint '/scratch/ijh216/ssl/ssl_shake_mini_augment/2019-05-06_18-04-18/10/transient/checkpoint.325.ckpt'
=> loaded checkpoint '/scratch/ijh216/ssl/ssl_shake_mini_augment/2019-05-06_18-04-18/10/transient/checkpoint.325.ckpt' (epoch 325)
Evaluating the resumed model:
Augmenting Labeled Data
[64000, 192000]
Frequent SWAs with frequencies = [3]
Test: [0/167]	Time 12.027 (12.027)	Data 9.220 (9.220)	Class 4.2026 (4.0000)	Acc@1 27.083 (27.000)	Acc@5 46.875 (46.000)
Test: [10/167]	Time 2.819 (3.639)	Data 0.000 (0.838)	Class 4.2825 (4.0000)	Acc@1 25.781 (25.000)	Acc@5 48.177 (47.000)
Test: [20/167]	Time 2.845 (3.255)	Data 0.000 (0.439)	Class 4.1790 (3.0000)	Acc@1 28.125 (25.000)	Acc@5 50.000 (47.000)
Test: [30/167]	Time 2.857 (3.129)	Data 0.000 (0.298)	Class 4.2758 (3.0000)	Acc@1 26.823 (24.000)	Acc@5 48.698 (47.000)
Test: [40/167]	Time 2.890 (3.069)	Data 0.000 (0.225)	Class 4.0769 (3.0000)	Acc@1 27.344 (25.000)	Acc@5 49.740 (47.000)
Test: [50/167]	Time 2.902 (3.036)	Data 0.000 (0.181)	Class 4.5724 (3.0000)	Acc@1 25.000 (24.000)	Acc@5 44.792 (47.000)
Test: [60/167]	Time 2.896 (3.014)	Data 0.000 (0.151)	Class 4.2347 (3.0000)	Acc@1 24.740 (25.000)	Acc@5 49.740 (47.000)
Test: [70/167]	Time 2.872 (2.996)	Data 0.000 (0.130)	Class 4.3854 (3.0000)	Acc@1 23.438 (24.000)	Acc@5 45.833 (47.000)
Test: [80/167]	Time 2.871 (2.980)	Data 0.000 (0.114)	Class 4.2571 (3.0000)	Acc@1 26.042 (25.000)	Acc@5 46.615 (47.000)
Test: [90/167]	Time 2.855 (2.967)	Data 0.000 (0.102)	Class 4.1288 (3.0000)	Acc@1 26.042 (25.000)	Acc@5 46.354 (47.000)
Test: [100/167]	Time 2.843 (2.956)	Data 0.000 (0.092)	Class 4.3106 (3.0000)	Acc@1 25.000 (25.000)	Acc@5 46.094 (47.000)
Test: [110/167]	Time 2.839 (2.947)	Data 0.000 (0.083)	Class 4.3300 (3.0000)	Acc@1 23.698 (25.000)	Acc@5 46.094 (47.000)
Test: [120/167]	Time 2.845 (2.939)	Data 0.000 (0.076)	Class 4.1719 (3.0000)	Acc@1 25.260 (24.000)	Acc@5 47.917 (47.000)
Test: [130/167]	Time 2.848 (2.932)	Data 0.000 (0.071)	Class 4.4516 (3.0000)	Acc@1 23.438 (24.000)	Acc@5 47.917 (47.000)
Test: [140/167]	Time 2.839 (2.926)	Data 0.000 (0.066)	Class 4.4362 (3.0000)	Acc@1 26.563 (24.000)	Acc@5 43.750 (47.000)
Test: [150/167]	Time 2.847 (2.921)	Data 0.001 (0.061)	Class 4.2258 (3.0000)	Acc@1 23.177 (24.000)	Acc@5 46.354 (47.000)
Test: [160/167]	Time 2.841 (2.916)	Data 0.000 (0.058)	Class 4.2781 (3.0000)	Acc@1 25.781 (24.000)	Acc@5 45.052 (46.000)
 * Acc@1 24.000\Acc@5 46.000
Updating SWA. Current num_params = 1
Loading State Dict
SWA Model Updated!
Evaluating the SWA model:
Test: [0/167]	Time 15.036 (15.036)	Data 12.189 (12.189)	Class 4.2562 (4.0000)	Acc@1 24.740 (24.000)	Acc@5 48.177 (48.000)
Test: [10/167]	Time 2.851 (3.948)	Data 0.000 (1.108)	Class 4.2406 (3.0000)	Acc@1 26.563 (26.000)	Acc@5 48.177 (49.000)
Test: [20/167]	Time 2.882 (3.433)	Data 0.000 (0.581)	Class 3.9646 (3.0000)	Acc@1 28.646 (26.000)	Acc@5 51.042 (48.000)
Test: [30/167]	Time 2.892 (3.256)	Data 0.000 (0.393)	Class 4.1750 (3.0000)	Acc@1 24.740 (26.000)	Acc@5 49.219 (48.000)
Test: [40/167]	Time 2.908 (3.168)	Data 0.000 (0.298)	Class 4.0543 (3.0000)	Acc@1 27.083 (26.000)	Acc@5 54.167 (48.000)
Test: [50/167]	Time 2.907 (3.116)	Data 0.000 (0.239)	Class 3.9231 (3.0000)	Acc@1 29.427 (25.000)	Acc@5 52.083 (48.000)
Test: [60/167]	Time 2.900 (3.081)	Data 0.000 (0.200)	Class 4.1802 (3.0000)	Acc@1 26.042 (25.000)	Acc@5 46.354 (48.000)
Test: [70/167]	Time 2.884 (3.054)	Data 0.000 (0.172)	Class 4.2235 (3.0000)	Acc@1 26.563 (25.000)	Acc@5 48.698 (48.000)
Test: [80/167]	Time 2.883 (3.034)	Data 0.000 (0.151)	Class 3.9643 (3.0000)	Acc@1 29.427 (25.000)	Acc@5 52.083 (48.000)
Test: [90/167]	Time 2.885 (3.017)	Data 0.000 (0.134)	Class 4.0139 (3.0000)	Acc@1 25.000 (25.000)	Acc@5 53.125 (48.000)
Test: [100/167]	Time 2.877 (3.004)	Data 0.000 (0.121)	Class 3.9049 (3.0000)	Acc@1 28.125 (25.000)	Acc@5 51.042 (48.000)
Test: [110/167]	Time 2.867 (2.992)	Data 0.000 (0.110)	Class 4.1270 (3.0000)	Acc@1 27.604 (25.000)	Acc@5 50.000 (48.000)
Test: [120/167]	Time 2.867 (2.982)	Data 0.000 (0.101)	Class 4.2549 (3.0000)	Acc@1 25.000 (25.000)	Acc@5 47.396 (48.000)
Test: [130/167]	Time 2.872 (2.974)	Data 0.000 (0.093)	Class 4.0532 (3.0000)	Acc@1 31.771 (25.000)	Acc@5 53.646 (48.000)
Test: [140/167]	Time 2.871 (2.966)	Data 0.000 (0.087)	Class 4.0979 (3.0000)	Acc@1 27.344 (25.000)	Acc@5 48.698 (48.000)
Test: [150/167]	Time 2.877 (2.960)	Data 0.001 (0.081)	Class 4.1075 (3.0000)	Acc@1 26.042 (25.000)	Acc@5 48.177 (48.000)
Test: [160/167]	Time 2.863 (2.954)	Data 0.000 (0.076)	Class 4.1544 (3.0000)	Acc@1 24.479 (25.000)	Acc@5 46.875 (48.000)
 * Acc@1 25.000\Acc@5 48.000
Evaluate fast-swa-3 at epoch 325
Updating SWA. Current num_params = 1
Loading State Dict
Test: [0/167]	Time 13.301 (13.301)	Data 10.438 (10.438)	Class 4.2447 (4.0000)	Acc@1 24.740 (24.000)	Acc@5 48.958 (48.000)
Test: [10/167]	Time 2.858 (3.800)	Data 0.000 (0.949)	Class 4.1555 (3.0000)	Acc@1 23.698 (25.000)	Acc@5 48.177 (47.000)
Test: [20/167]	Time 2.859 (3.351)	Data 0.000 (0.497)	Class 4.1334 (3.0000)	Acc@1 26.563 (25.000)	Acc@5 51.563 (47.000)
Test: [30/167]	Time 2.872 (3.195)	Data 0.000 (0.337)	Class 4.3556 (3.0000)	Acc@1 25.260 (25.000)	Acc@5 45.573 (48.000)
Test: [40/167]	Time 2.867 (3.116)	Data 0.000 (0.255)	Class 4.0734 (3.0000)	Acc@1 27.604 (25.000)	Acc@5 52.344 (48.000)
Test: [50/167]	Time 2.891 (3.069)	Data 0.000 (0.205)	Class 4.3391 (3.0000)	Acc@1 25.000 (25.000)	Acc@5 48.438 (48.000)
Test: [60/167]	Time 2.876 (3.038)	Data 0.000 (0.171)	Class 4.1651 (3.0000)	Acc@1 24.479 (25.000)	Acc@5 50.000 (48.000)
Test: [70/167]	Time 2.882 (3.016)	Data 0.000 (0.147)	Class 4.4361 (3.0000)	Acc@1 25.781 (25.000)	Acc@5 46.354 (48.000)
Test: [80/167]	Time 2.895 (3.000)	Data 0.000 (0.129)	Class 4.2145 (3.0000)	Acc@1 26.563 (25.000)	Acc@5 49.479 (48.000)
Test: [90/167]	Time 2.891 (2.988)	Data 0.000 (0.115)	Class 4.2107 (3.0000)	Acc@1 26.042 (25.000)	Acc@5 46.094 (48.000)
Test: [100/167]	Time 2.897 (2.978)	Data 0.000 (0.104)	Class 3.9427 (3.0000)	Acc@1 30.208 (25.000)	Acc@5 50.260 (48.000)
Test: [110/167]	Time 2.885 (2.970)	Data 0.000 (0.094)	Class 4.3388 (3.0000)	Acc@1 24.740 (25.000)	Acc@5 45.573 (48.000)
Test: [120/167]	Time 2.891 (2.963)	Data 0.000 (0.086)	Class 4.1412 (3.0000)	Acc@1 26.042 (25.000)	Acc@5 49.219 (48.000)
Test: [130/167]	Time 2.886 (2.957)	Data 0.000 (0.080)	Class 4.2910 (3.0000)	Acc@1 27.083 (25.000)	Acc@5 47.917 (48.000)
Test: [140/167]	Time 2.903 (2.953)	Data 0.000 (0.074)	Class 4.1586 (3.0000)	Acc@1 27.865 (25.000)	Acc@5 50.000 (48.000)
Test: [150/167]	Time 2.879 (2.948)	Data 0.001 (0.069)	Class 3.9346 (3.0000)	Acc@1 27.083 (25.000)	Acc@5 54.688 (48.000)
Test: [160/167]	Time 2.887 (2.944)	Data 0.000 (0.065)	Class 4.0936 (3.0000)	Acc@1 24.479 (25.000)	Acc@5 47.917 (48.000)
 * Acc@1 25.000\Acc@5 48.000
/home/ijh216/pytorch/py3.6.3/lib/python3.6/site-packages/torch/nn/_reduction.py:49: UserWarning: size_average and reduce args will be deprecated, please use reduction='sum' instead.
  warnings.warn(warning.format(ret))
Epoch: [325][0/554]	Time 22.821 (22.821)	Data 10.479 (10.479)	Class 8.2060 (8.2060)	Cons 0.2569 (0.2569)	Acc@1 16.406 (16.000)	Acc@5 26.823 (26.000)
Epoch: [325][10/554]	Time 12.002 (12.973)	Data 0.000 (0.955)	Class 6.9860 (7.4069)	Cons 0.3242 (0.2890)	Acc@1 9.896 (15.000)	Acc@5 20.573 (25.000)
Epoch: [325][20/554]	Time 11.978 (12.502)	Data 0.000 (0.501)	Class 6.7912 (7.1627)	Cons 0.3205 (0.3082)	Acc@1 8.333 (12.000)	Acc@5 18.229 (22.000)
Epoch: [325][30/554]	Time 11.956 (12.332)	Data 0.000 (0.340)	Class 6.4727 (6.9905)	Cons 0.3476 (0.3147)	Acc@1 15.104 (12.000)	Acc@5 24.479 (21.000)
Epoch: [325][40/554]	Time 11.958 (12.241)	Data 0.000 (0.258)	Class 6.5055 (6.8802)	Cons 0.3198 (0.3157)	Acc@1 10.417 (11.000)	Acc@5 23.177 (21.000)
Epoch: [325][50/554]	Time 11.957 (12.184)	Data 0.000 (0.208)	Class 6.4387 (6.7887)	Cons 0.3265 (0.3189)	Acc@1 11.979 (11.000)	Acc@5 20.312 (21.000)
Epoch: [325][60/554]	Time 11.978 (12.146)	Data 0.000 (0.174)	Class 6.3398 (6.7144)	Cons 0.3042 (0.3187)	Acc@1 12.760 (12.000)	Acc@5 22.396 (21.000)
Epoch: [325][70/554]	Time 11.960 (12.121)	Data 0.000 (0.150)	Class 6.3195 (6.6618)	Cons 0.3161 (0.3195)	Acc@1 11.198 (11.000)	Acc@5 20.573 (21.000)
Epoch: [325][80/554]	Time 12.007 (12.106)	Data 0.000 (0.132)	Class 6.4070 (6.6129)	Cons 0.3214 (0.3188)	Acc@1 12.240 (11.000)	Acc@5 23.177 (21.000)
Epoch: [325][90/554]	Time 11.970 (12.092)	Data 0.000 (0.117)	Class 6.1634 (6.5699)	Cons 0.3166 (0.3186)	Acc@1 11.198 (11.000)	Acc@5 20.573 (21.000)
Epoch: [325][100/554]	Time 11.943 (12.079)	Data 0.000 (0.106)	Class 6.1814 (6.5360)	Cons 0.2960 (0.3176)	Acc@1 12.240 (11.000)	Acc@5 23.177 (21.000)
Epoch: [325][110/554]	Time 11.921 (12.065)	Data 0.000 (0.097)	Class 6.3772 (6.5010)	Cons 0.2958 (0.3165)	Acc@1 10.156 (11.000)	Acc@5 18.750 (21.000)
Epoch: [325][120/554]	Time 11.946 (12.054)	Data 0.000 (0.089)	Class 6.2488 (6.4653)	Cons 0.2991 (0.3155)	Acc@1 11.458 (11.000)	Acc@5 22.396 (21.000)
Epoch: [325][130/554]	Time 11.928 (12.044)	Data 0.000 (0.082)	Class 6.0331 (6.4355)	Cons 0.3040 (0.3144)	Acc@1 10.156 (11.000)	Acc@5 22.656 (21.000)
Epoch: [325][140/554]	Time 11.906 (12.035)	Data 0.000 (0.077)	Class 6.1819 (6.4142)	Cons 0.2992 (0.3137)	Acc@1 11.458 (11.000)	Acc@5 20.312 (21.000)
Epoch: [325][150/554]	Time 11.914 (12.027)	Data 0.000 (0.072)	Class 6.0328 (6.3914)	Cons 0.2839 (0.3124)	Acc@1 11.719 (12.000)	Acc@5 19.531 (21.000)
Epoch: [325][160/554]	Time 11.924 (12.020)	Data 0.000 (0.067)	Class 6.0646 (6.3698)	Cons 0.2887 (0.3115)	Acc@1 13.542 (12.000)	Acc@5 21.615 (21.000)
Epoch: [325][170/554]	Time 11.851 (12.011)	Data 0.000 (0.064)	Class 5.9671 (6.3495)	Cons 0.2793 (0.3105)	Acc@1 14.844 (12.000)	Acc@5 24.219 (21.000)
Epoch: [325][180/554]	Time 11.823 (12.001)	Data 0.000 (0.060)	Class 6.0233 (6.3284)	Cons 0.2820 (0.3095)	Acc@1 11.458 (12.000)	Acc@5 22.135 (21.000)
Epoch: [325][190/554]	Time 11.849 (11.993)	Data 0.000 (0.057)	Class 6.0549 (6.3118)	Cons 0.2718 (0.3083)	Acc@1 13.542 (12.000)	Acc@5 22.917 (21.000)
Epoch: [325][200/554]	Time 11.871 (11.987)	Data 0.000 (0.054)	Class 5.9332 (6.2936)	Cons 0.2972 (0.3069)	Acc@1 15.104 (12.000)	Acc@5 24.479 (22.000)
Epoch: [325][210/554]	Time 11.880 (11.981)	Data 0.000 (0.052)	Class 5.9073 (6.2773)	Cons 0.2794 (0.3055)	Acc@1 15.625 (12.000)	Acc@5 23.698 (22.000)
Epoch: [325][220/554]	Time 11.866 (11.976)	Data 0.000 (0.050)	Class 5.8537 (6.2619)	Cons 0.2621 (0.3041)	Acc@1 16.667 (12.000)	Acc@5 25.000 (22.000)
Epoch: [325][230/554]	Time 11.872 (11.971)	Data 0.000 (0.048)	Class 6.0518 (6.2484)	Cons 0.2663 (0.3031)	Acc@1 11.979 (12.000)	Acc@5 20.833 (22.000)
Epoch: [325][240/554]	Time 11.859 (11.968)	Data 0.000 (0.046)	Class 5.8373 (6.2357)	Cons 0.2562 (0.3016)	Acc@1 16.146 (12.000)	Acc@5 25.781 (22.000)
Epoch: [325][250/554]	Time 11.890 (11.964)	Data 0.000 (0.044)	Class 5.9021 (6.2227)	Cons 0.2625 (0.3003)	Acc@1 15.625 (12.000)	Acc@5 22.656 (22.000)
Epoch: [325][260/554]	Time 11.861 (11.959)	Data 0.000 (0.042)	Class 5.9047 (6.2110)	Cons 0.2601 (0.2987)	Acc@1 16.406 (12.000)	Acc@5 24.740 (22.000)
Epoch: [325][270/554]	Time 11.865 (11.956)	Data 0.000 (0.041)	Class 5.9448 (6.1996)	Cons 0.2648 (0.2972)	Acc@1 16.146 (12.000)	Acc@5 23.438 (22.000)
Epoch: [325][280/554]	Time 11.890 (11.954)	Data 0.000 (0.040)	Class 5.9843 (6.1896)	Cons 0.2467 (0.2959)	Acc@1 16.146 (12.000)	Acc@5 23.177 (22.000)
Epoch: [325][290/554]	Time 11.891 (11.952)	Data 0.000 (0.038)	Class 5.9853 (6.1788)	Cons 0.2672 (0.2947)	Acc@1 14.323 (12.000)	Acc@5 23.177 (22.000)
Epoch: [325][300/554]	Time 11.885 (11.950)	Data 0.000 (0.037)	Class 5.9352 (6.1696)	Cons 0.2380 (0.2935)	Acc@1 13.802 (12.000)	Acc@5 25.000 (22.000)
Epoch: [325][310/554]	Time 11.663 (11.943)	Data 0.000 (0.036)	Class 5.7544 (6.1594)	Cons 0.2618 (0.2924)	Acc@1 17.969 (12.000)	Acc@5 28.125 (22.000)
Epoch: [325][320/554]	Time 11.578 (11.933)	Data 0.000 (0.035)	Class 5.9770 (6.1514)	Cons 0.2679 (0.2910)	Acc@1 13.802 (12.000)	Acc@5 23.958 (22.000)
Epoch: [325][330/554]	Time 11.542 (11.921)	Data 0.000 (0.034)	Class 5.8373 (6.1442)	Cons 0.2465 (0.2899)	Acc@1 11.979 (12.000)	Acc@5 22.656 (22.000)
Epoch: [325][340/554]	Time 11.530 (11.910)	Data 0.000 (0.033)	Class 5.8681 (6.1360)	Cons 0.2327 (0.2885)	Acc@1 13.542 (12.000)	Acc@5 24.219 (22.000)
Epoch: [325][350/554]	Time 11.531 (11.899)	Data 0.000 (0.032)	Class 5.7624 (6.1257)	Cons 0.2462 (0.2870)	Acc@1 16.406 (12.000)	Acc@5 27.083 (22.000)
Epoch: [325][360/554]	Time 11.545 (11.889)	Data 0.000 (0.031)	Class 5.9769 (6.1174)	Cons 0.2518 (0.2858)	Acc@1 11.458 (12.000)	Acc@5 21.094 (22.000)
Epoch: [325][370/554]	Time 11.560 (11.880)	Data 0.000 (0.031)	Class 5.8804 (6.1104)	Cons 0.2253 (0.2844)	Acc@1 12.760 (12.000)	Acc@5 22.396 (22.000)
Epoch: [325][380/554]	Time 11.665 (11.873)	Data 0.000 (0.030)	Class 5.8305 (6.1032)	Cons 0.2324 (0.2831)	Acc@1 13.802 (13.000)	Acc@5 25.521 (22.000)
Epoch: [325][390/554]	Time 11.869 (11.870)	Data 0.000 (0.029)	Class 5.7882 (6.0959)	Cons 0.2296 (0.2818)	Acc@1 14.583 (13.000)	Acc@5 24.740 (22.000)
Epoch: [325][400/554]	Time 11.960 (11.872)	Data 0.000 (0.028)	Class 5.7111 (6.0886)	Cons 0.2194 (0.2805)	Acc@1 17.188 (13.000)	Acc@5 24.479 (22.000)
Epoch: [325][410/554]	Time 11.983 (11.874)	Data 0.010 (0.028)	Class 6.0230 (6.0829)	Cons 0.2312 (0.2792)	Acc@1 12.760 (13.000)	Acc@5 22.135 (22.000)
Epoch: [325][420/554]	Time 11.979 (11.877)	Data 0.000 (0.027)	Class 5.7198 (6.0758)	Cons 0.2336 (0.2780)	Acc@1 16.406 (13.000)	Acc@5 27.083 (22.000)
Epoch: [325][430/554]	Time 11.944 (11.879)	Data 0.000 (0.027)	Class 5.7468 (6.0683)	Cons 0.2404 (0.2767)	Acc@1 16.146 (13.000)	Acc@5 25.260 (22.000)
Epoch: [325][440/554]	Time 11.902 (11.880)	Data 0.000 (0.026)	Class 5.5582 (6.0594)	Cons 0.2135 (0.2755)	Acc@1 19.010 (13.000)	Acc@5 28.646 (22.000)
Epoch: [325][450/554]	Time 11.898 (11.880)	Data 0.000 (0.026)	Class 5.7529 (6.0525)	Cons 0.2211 (0.2743)	Acc@1 14.323 (13.000)	Acc@5 23.698 (23.000)
Epoch: [325][460/554]	Time 11.861 (11.880)	Data 0.000 (0.025)	Class 5.7531 (6.0452)	Cons 0.2218 (0.2731)	Acc@1 16.146 (13.000)	Acc@5 22.917 (23.000)
Epoch: [325][470/554]	Time 11.904 (11.881)	Data 0.000 (0.025)	Class 5.6885 (6.0384)	Cons 0.2046 (0.2719)	Acc@1 12.240 (13.000)	Acc@5 25.260 (23.000)
Epoch: [325][480/554]	Time 11.858 (11.881)	Data 0.000 (0.024)	Class 5.7056 (6.0309)	Cons 0.2192 (0.2708)	Acc@1 15.625 (13.000)	Acc@5 26.823 (23.000)
Epoch: [325][490/554]	Time 11.840 (11.880)	Data 0.000 (0.024)	Class 5.7612 (6.0255)	Cons 0.2151 (0.2697)	Acc@1 17.708 (13.000)	Acc@5 24.219 (23.000)
Epoch: [325][500/554]	Time 11.851 (11.880)	Data 0.000 (0.023)	Class 5.6969 (6.0201)	Cons 0.2385 (0.2686)	Acc@1 17.708 (13.000)	Acc@5 26.042 (23.000)
Epoch: [325][510/554]	Time 11.844 (11.879)	Data 0.000 (0.023)	Class 5.6614 (6.0141)	Cons 0.1984 (0.2673)	Acc@1 15.885 (13.000)	Acc@5 26.302 (23.000)
Epoch: [325][520/554]	Time 11.859 (11.879)	Data 0.000 (0.022)	Class 5.7035 (6.0087)	Cons 0.1922 (0.2662)	Acc@1 17.969 (13.000)	Acc@5 25.000 (23.000)
Epoch: [325][530/554]	Time 11.857 (11.878)	Data 0.000 (0.022)	Class 5.6517 (6.0035)	Cons 0.2065 (0.2650)	Acc@1 16.406 (13.000)	Acc@5 27.344 (23.000)
Epoch: [325][540/554]	Time 11.862 (11.878)	Data 0.000 (0.022)	Class 5.7864 (5.9987)	Cons 0.2140 (0.2640)	Acc@1 14.323 (13.000)	Acc@5 23.958 (23.000)
Epoch: [325][550/554]	Time 11.841 (11.878)	Data 0.000 (0.021)	Class 5.7734 (5.9943)	Cons 0.2067 (0.2629)	Acc@1 14.583 (13.000)	Acc@5 23.698 (23.000)
--- training epoch in 6580.155288219452 seconds ---
--- checkpoint saved to /scratch/ijh216/ssl//ssl4/2019-05-11_22-17-16/10/transient/checkpoint.326.ckpt ---
Epoch: [326][0/554]	Time 20.079 (20.079)	Data 8.454 (8.454)	Class 5.5144 (5.5144)	Cons 0.1885 (0.1885)	Acc@1 17.708 (17.000)	Acc@5 29.427 (29.000)
Epoch: [326][10/554]	Time 11.156 (12.300)	Data 0.000 (0.770)	Class 5.6225 (5.4856)	Cons 0.1968 (0.1977)	Acc@1 15.625 (17.000)	Acc@5 24.219 (27.000)
Epoch: [326][20/554]	Time 11.163 (11.762)	Data 0.000 (0.405)	Class 5.5308 (5.4795)	Cons 0.1934 (0.1944)	Acc@1 16.667 (17.000)	Acc@5 27.344 (26.000)
Epoch: [326][30/554]	Time 11.202 (11.579)	Data 0.000 (0.275)	Class 5.5442 (5.5024)	Cons 0.2027 (0.1935)	Acc@1 16.146 (16.000)	Acc@5 27.083 (26.000)
Epoch: [326][40/554]	Time 11.223 (11.490)	Data 0.000 (0.208)	Class 5.5557 (5.5011)	Cons 0.1785 (0.1944)	Acc@1 20.312 (16.000)	Acc@5 27.604 (27.000)
Epoch: [326][50/554]	Time 11.207 (11.436)	Data 0.000 (0.168)	Class 5.5590 (5.5060)	Cons 0.1861 (0.1944)	Acc@1 15.625 (16.000)	Acc@5 26.302 (26.000)
Epoch: [326][60/554]	Time 11.212 (11.399)	Data 0.000 (0.141)	Class 5.7286 (5.5118)	Cons 0.1836 (0.1926)	Acc@1 11.458 (16.000)	Acc@5 24.479 (26.000)
Epoch: [326][70/554]	Time 11.215 (11.372)	Data 0.000 (0.121)	Class 5.3743 (5.5179)	Cons 0.2144 (0.1922)	Acc@1 19.010 (16.000)	Acc@5 28.385 (26.000)
Epoch: [326][80/554]	Time 11.197 (11.350)	Data 0.000 (0.107)	Class 5.5893 (5.5219)	Cons 0.1895 (0.1920)	Acc@1 16.667 (16.000)	Acc@5 25.000 (26.000)
Epoch: [326][90/554]	Time 11.194 (11.334)	Data 0.000 (0.095)	Class 5.5223 (5.5278)	Cons 0.1832 (0.1911)	Acc@1 16.406 (16.000)	Acc@5 25.521 (26.000)
Epoch: [326][100/554]	Time 11.185 (11.319)	Data 0.000 (0.086)	Class 5.6185 (5.5302)	Cons 0.1689 (0.1898)	Acc@1 16.406 (16.000)	Acc@5 24.740 (26.000)
Epoch: [326][110/554]	Time 11.173 (11.306)	Data 0.000 (0.079)	Class 5.7204 (5.5341)	Cons 0.1834 (0.1889)	Acc@1 13.802 (16.000)	Acc@5 23.438 (26.000)
Epoch: [326][120/554]	Time 11.092 (11.291)	Data 0.000 (0.072)	Class 5.6397 (5.5387)	Cons 0.1710 (0.1878)	Acc@1 13.281 (15.000)	Acc@5 22.396 (26.000)
Epoch: [326][130/554]	Time 11.059 (11.275)	Data 0.000 (0.067)	Class 5.5323 (5.5430)	Cons 0.1585 (0.1872)	Acc@1 14.583 (15.000)	Acc@5 26.302 (26.000)
Epoch: [326][140/554]	Time 11.064 (11.260)	Data 0.000 (0.062)	Class 5.6350 (5.5470)	Cons 0.1889 (0.1860)	Acc@1 12.500 (15.000)	Acc@5 24.740 (26.000)
Epoch: [326][150/554]	Time 11.058 (11.247)	Data 0.000 (0.058)	Class 5.5347 (5.5495)	Cons 0.1648 (0.1854)	Acc@1 15.885 (15.000)	Acc@5 27.083 (26.000)
Epoch: [326][160/554]	Time 11.069 (11.237)	Data 0.000 (0.055)	Class 5.6398 (5.5525)	Cons 0.1749 (0.1843)	Acc@1 14.583 (15.000)	Acc@5 25.000 (26.000)
Epoch: [326][170/554]	Time 11.074 (11.226)	Data 0.000 (0.052)	Class 5.6815 (5.5553)	Cons 0.1943 (0.1840)	Acc@1 17.188 (15.000)	Acc@5 25.521 (25.000)
Epoch: [326][180/554]	Time 11.169 (11.220)	Data 0.000 (0.049)	Class 5.5386 (5.5588)	Cons 0.1718 (0.1835)	Acc@1 15.885 (15.000)	Acc@5 25.260 (25.000)
Epoch: [326][190/554]	Time 11.205 (11.218)	Data 0.000 (0.047)	Class 5.6031 (5.5633)	Cons 0.1828 (0.1827)	Acc@1 14.844 (15.000)	Acc@5 23.958 (25.000)
Epoch: [326][200/554]	Time 11.165 (11.217)	Data 0.000 (0.044)	Class 5.6423 (5.5667)	Cons 0.1653 (0.1822)	Acc@1 15.885 (15.000)	Acc@5 26.302 (25.000)
Epoch: [326][210/554]	Time 11.137 (11.213)	Data 0.000 (0.043)	Class 5.6580 (5.5698)	Cons 0.1829 (0.1818)	Acc@1 15.104 (15.000)	Acc@5 25.000 (25.000)
Epoch: [326][220/554]	Time 11.087 (11.209)	Data 0.000 (0.041)	Class 5.5887 (5.5735)	Cons 0.1838 (0.1813)	Acc@1 15.885 (15.000)	Acc@5 26.302 (25.000)
Epoch: [326][230/554]	Time 11.076 (11.204)	Data 0.000 (0.039)	Class 5.6867 (5.5757)	Cons 0.1640 (0.1806)	Acc@1 16.146 (15.000)	Acc@5 24.219 (25.000)
Epoch: [326][240/554]	Time 11.058 (11.198)	Data 0.000 (0.038)	Class 5.6316 (5.5767)	Cons 0.1659 (0.1798)	Acc@1 14.583 (15.000)	Acc@5 26.042 (25.000)
Epoch: [326][250/554]	Time 11.046 (11.192)	Data 0.000 (0.036)	Class 5.6596 (5.5791)	Cons 0.1591 (0.1790)	Acc@1 14.323 (15.000)	Acc@5 25.260 (25.000)
Epoch: [326][260/554]	Time 11.071 (11.188)	Data 0.000 (0.035)	Class 5.5122 (5.5803)	Cons 0.1639 (0.1785)	Acc@1 15.885 (15.000)	Acc@5 28.906 (25.000)
Epoch: [326][270/554]	Time 11.113 (11.184)	Data 0.000 (0.034)	Class 5.7372 (5.5833)	Cons 0.1522 (0.1778)	Acc@1 14.323 (15.000)	Acc@5 23.177 (25.000)
Epoch: [326][280/554]	Time 11.112 (11.181)	Data 0.000 (0.033)	Class 5.5605 (5.5859)	Cons 0.1536 (0.1769)	Acc@1 19.010 (15.000)	Acc@5 27.083 (25.000)
Epoch: [326][290/554]	Time 11.055 (11.178)	Data 0.000 (0.031)	Class 5.6779 (5.5878)	Cons 0.1479 (0.1761)	Acc@1 14.063 (15.000)	Acc@5 22.135 (25.000)
Epoch: [326][300/554]	Time 10.989 (11.173)	Data 0.000 (0.031)	Class 5.6521 (5.5901)	Cons 0.1579 (0.1753)	Acc@1 14.844 (15.000)	Acc@5 24.219 (25.000)
Epoch: [326][310/554]	Time 11.047 (11.168)	Data 0.000 (0.030)	Class 5.6996 (5.5920)	Cons 0.1599 (0.1746)	Acc@1 14.323 (15.000)	Acc@5 23.438 (25.000)
Epoch: [326][320/554]	Time 11.025 (11.164)	Data 0.000 (0.029)	Class 5.6055 (5.5947)	Cons 0.1472 (0.1739)	Acc@1 16.927 (15.000)	Acc@5 26.563 (25.000)
Epoch: [326][330/554]	Time 11.025 (11.160)	Data 0.000 (0.028)	Class 5.7053 (5.5972)	Cons 0.1321 (0.1732)	Acc@1 13.281 (15.000)	Acc@5 24.219 (25.000)
Epoch: [326][340/554]	Time 11.013 (11.155)	Data 0.000 (0.027)	Class 5.6016 (5.5996)	Cons 0.1391 (0.1726)	Acc@1 14.583 (15.000)	Acc@5 25.781 (25.000)
Epoch: [326][350/554]	Time 10.981 (11.151)	Data 0.000 (0.027)	Class 5.5196 (5.5995)	Cons 0.1588 (0.1719)	Acc@1 17.969 (15.000)	Acc@5 27.083 (25.000)
Epoch: [326][360/554]	Time 11.047 (11.148)	Data 0.000 (0.026)	Class 5.6932 (5.6014)	Cons 0.1466 (0.1712)	Acc@1 14.583 (15.000)	Acc@5 26.042 (25.000)
Epoch: [326][370/554]	Time 11.022 (11.144)	Data 0.000 (0.025)	Class 5.7163 (5.6032)	Cons 0.1518 (0.1705)	Acc@1 13.802 (15.000)	Acc@5 24.219 (25.000)
Epoch: [326][380/554]	Time 10.989 (11.141)	Data 0.000 (0.025)	Class 5.6668 (5.6042)	Cons 0.1253 (0.1699)	Acc@1 15.365 (14.000)	Acc@5 24.219 (25.000)
Epoch: [326][390/554]	Time 11.006 (11.138)	Data 0.000 (0.024)	Class 5.8052 (5.6069)	Cons 0.1342 (0.1694)	Acc@1 13.542 (14.000)	Acc@5 22.396 (25.000)
Epoch: [326][400/554]	Time 11.018 (11.135)	Data 0.000 (0.024)	Class 5.6769 (5.6084)	Cons 0.1476 (0.1687)	Acc@1 13.542 (14.000)	Acc@5 25.000 (25.000)
Epoch: [326][410/554]	Time 10.997 (11.132)	Data 0.010 (0.023)	Class 5.6086 (5.6096)	Cons 0.1459 (0.1682)	Acc@1 15.625 (14.000)	Acc@5 26.042 (25.000)
Epoch: [326][420/554]	Time 11.024 (11.129)	Data 0.000 (0.023)	Class 5.6139 (5.6104)	Cons 0.1404 (0.1675)	Acc@1 15.365 (14.000)	Acc@5 26.042 (25.000)
Epoch: [326][430/554]	Time 10.996 (11.126)	Data 0.000 (0.022)	Class 5.5278 (5.6101)	Cons 0.1493 (0.1670)	Acc@1 17.969 (14.000)	Acc@5 27.865 (25.000)
Epoch: [326][440/554]	Time 11.024 (11.124)	Data 0.000 (0.022)	Class 5.5120 (5.6094)	Cons 0.1407 (0.1664)	Acc@1 16.146 (14.000)	Acc@5 25.521 (25.000)
Epoch: [326][450/554]	Time 11.199 (11.123)	Data 0.000 (0.021)	Class 5.5957 (5.6088)	Cons 0.1335 (0.1659)	Acc@1 16.667 (14.000)	Acc@5 25.521 (25.000)
Epoch: [326][460/554]	Time 11.263 (11.128)	Data 0.000 (0.021)	Class 5.5777 (5.6081)	Cons 0.1381 (0.1653)	Acc@1 14.844 (14.000)	Acc@5 28.125 (25.000)
Epoch: [326][470/554]	Time 11.165 (11.130)	Data 0.000 (0.020)	Class 5.5215 (5.6074)	Cons 0.1458 (0.1648)	Acc@1 18.750 (15.000)	Acc@5 27.344 (25.000)
Epoch: [326][480/554]	Time 11.145 (11.130)	Data 0.000 (0.020)	Class 5.5094 (5.6065)	Cons 0.1578 (0.1643)	Acc@1 17.448 (15.000)	Acc@5 27.604 (25.000)
Epoch: [326][490/554]	Time 11.172 (11.131)	Data 0.000 (0.020)	Class 5.4807 (5.6060)	Cons 0.1235 (0.1637)	Acc@1 16.146 (15.000)	Acc@5 25.781 (25.000)
Epoch: [326][500/554]	Time 11.192 (11.131)	Data 0.000 (0.019)	Class 5.5881 (5.6050)	Cons 0.1325 (0.1631)	Acc@1 13.802 (15.000)	Acc@5 25.521 (25.000)
Epoch: [326][510/554]	Time 11.172 (11.132)	Data 0.000 (0.019)	Class 5.6398 (5.6049)	Cons 0.1358 (0.1626)	Acc@1 15.104 (15.000)	Acc@5 25.260 (25.000)
Epoch: [326][520/554]	Time 11.146 (11.133)	Data 0.000 (0.019)	Class 5.6028 (5.6044)	Cons 0.1242 (0.1620)	Acc@1 15.625 (15.000)	Acc@5 25.260 (25.000)
Epoch: [326][530/554]	Time 11.137 (11.133)	Data 0.000 (0.018)	Class 5.5531 (5.6042)	Cons 0.1235 (0.1615)	Acc@1 18.490 (15.000)	Acc@5 27.344 (25.000)
Epoch: [326][540/554]	Time 11.132 (11.134)	Data 0.000 (0.018)	Class 5.6913 (5.6043)	Cons 0.1484 (0.1610)	Acc@1 13.281 (15.000)	Acc@5 25.260 (25.000)
Epoch: [326][550/554]	Time 11.162 (11.134)	Data 0.000 (0.018)	Class 5.6059 (5.6043)	Cons 0.1229 (0.1605)	Acc@1 15.365 (15.000)	Acc@5 26.302 (25.000)
--- training epoch in 6168.44745349884 seconds ---
--- checkpoint saved to /scratch/ijh216/ssl//ssl4/2019-05-11_22-17-16/10/transient/checkpoint.327.ckpt ---
Epoch: [327][0/554]	Time 19.830 (19.830)	Data 8.707 (8.707)	Class 5.3057 (5.3057)	Cons 0.1440 (0.1440)	Acc@1 14.323 (14.000)	Acc@5 30.469 (30.000)
Epoch: [327][10/554]	Time 11.245 (11.993)	Data 0.000 (0.793)	Class 5.4439 (5.3620)	Cons 0.1425 (0.1306)	Acc@1 16.927 (16.000)	Acc@5 27.083 (27.000)
Epoch: [327][20/554]	Time 11.263 (11.644)	Data 0.000 (0.418)	Class 5.4516 (5.3931)	Cons 0.1324 (0.1309)	Acc@1 15.365 (16.000)	Acc@5 26.042 (26.000)
Epoch: [327][30/554]	Time 11.309 (11.528)	Data 0.000 (0.284)	Class 5.3943 (5.4044)	Cons 0.1210 (0.1286)	Acc@1 17.188 (16.000)	Acc@5 29.688 (26.000)
Epoch: [327][40/554]	Time 11.308 (11.473)	Data 0.000 (0.215)	Class 5.4202 (5.4134)	Cons 0.1375 (0.1290)	Acc@1 13.802 (16.000)	Acc@5 28.125 (26.000)
Epoch: [327][50/554]	Time 11.289 (11.439)	Data 0.000 (0.174)	Class 5.5237 (5.4226)	Cons 0.1323 (0.1283)	Acc@1 16.406 (16.000)	Acc@5 26.042 (26.000)
Epoch: [327][60/554]	Time 11.232 (11.410)	Data 0.000 (0.146)	Class 5.3993 (5.4242)	Cons 0.1137 (0.1274)	Acc@1 14.323 (16.000)	Acc@5 26.823 (26.000)
Epoch: [327][70/554]	Time 11.242 (11.386)	Data 0.000 (0.125)	Class 5.4439 (5.4266)	Cons 0.1195 (0.1275)	Acc@1 16.146 (16.000)	Acc@5 25.521 (26.000)
Epoch: [327][80/554]	Time 11.253 (11.368)	Data 0.000 (0.110)	Class 5.4917 (5.4323)	Cons 0.1160 (0.1270)	Acc@1 15.365 (15.000)	Acc@5 26.563 (26.000)
Epoch: [327][90/554]	Time 11.247 (11.355)	Data 0.000 (0.098)	Class 5.5617 (5.4380)	Cons 0.1188 (0.1267)	Acc@1 18.229 (15.000)	Acc@5 26.302 (26.000)
Epoch: [327][100/554]	Time 11.248 (11.344)	Data 0.000 (0.089)	Class 5.3830 (5.4441)	Cons 0.1153 (0.1265)	Acc@1 19.531 (15.000)	Acc@5 27.865 (26.000)
Epoch: [327][110/554]	Time 11.229 (11.335)	Data 0.000 (0.081)	Class 5.5518 (5.4491)	Cons 0.1111 (0.1261)	Acc@1 15.625 (15.000)	Acc@5 25.781 (26.000)
Epoch: [327][120/554]	Time 11.235 (11.328)	Data 0.000 (0.075)	Class 5.5232 (5.4513)	Cons 0.1148 (0.1255)	Acc@1 14.323 (15.000)	Acc@5 24.479 (26.000)
Epoch: [327][130/554]	Time 11.262 (11.321)	Data 0.000 (0.069)	Class 5.4592 (5.4579)	Cons 0.1166 (0.1249)	Acc@1 15.885 (15.000)	Acc@5 26.823 (25.000)
Epoch: [327][140/554]	Time 11.245 (11.316)	Data 0.000 (0.065)	Class 5.6281 (5.4634)	Cons 0.1154 (0.1245)	Acc@1 15.104 (15.000)	Acc@5 23.438 (25.000)
Epoch: [327][150/554]	Time 11.247 (11.311)	Data 0.000 (0.060)	Class 5.5831 (5.4692)	Cons 0.1187 (0.1240)	Acc@1 14.063 (15.000)	Acc@5 22.396 (25.000)
Epoch: [327][160/554]	Time 11.249 (11.307)	Data 0.000 (0.057)	Class 5.4802 (5.4743)	Cons 0.1141 (0.1234)	Acc@1 17.448 (15.000)	Acc@5 27.344 (25.000)
Epoch: [327][170/554]	Time 11.233 (11.303)	Data 0.000 (0.054)	Class 5.5604 (5.4774)	Cons 0.1251 (0.1229)	Acc@1 14.063 (15.000)	Acc@5 25.781 (25.000)
Epoch: [327][180/554]	Time 11.252 (11.300)	Data 0.000 (0.051)	Class 5.5175 (5.4812)	Cons 0.1150 (0.1224)	Acc@1 16.146 (15.000)	Acc@5 25.260 (25.000)
Epoch: [327][190/554]	Time 11.239 (11.296)	Data 0.000 (0.048)	Class 5.4900 (5.4853)	Cons 0.1178 (0.1219)	Acc@1 15.365 (15.000)	Acc@5 24.740 (25.000)
Epoch: [327][200/554]	Time 11.239 (11.293)	Data 0.000 (0.046)	Class 5.5101 (5.4880)	Cons 0.1206 (0.1216)	Acc@1 16.667 (15.000)	Acc@5 25.781 (25.000)
Epoch: [327][210/554]	Time 11.218 (11.290)	Data 0.000 (0.044)	Class 5.4692 (5.4911)	Cons 0.1283 (0.1214)	Acc@1 16.406 (15.000)	Acc@5 27.344 (25.000)
Epoch: [327][220/554]	Time 11.239 (11.288)	Data 0.000 (0.042)	Class 5.5731 (5.4938)	Cons 0.1260 (0.1212)	Acc@1 15.104 (15.000)	Acc@5 24.479 (25.000)
Epoch: [327][230/554]	Time 11.252 (11.286)	Data 0.000 (0.040)	Class 5.6964 (5.4976)	Cons 0.1158 (0.1207)	Acc@1 14.063 (15.000)	Acc@5 23.958 (25.000)
Epoch: [327][240/554]	Time 11.217 (11.284)	Data 0.000 (0.039)	Class 5.6159 (5.5012)	Cons 0.1074 (0.1204)	Acc@1 13.802 (15.000)	Acc@5 23.177 (25.000)
Epoch: [327][250/554]	Time 11.219 (11.281)	Data 0.000 (0.037)	Class 5.5418 (5.5054)	Cons 0.1188 (0.1201)	Acc@1 14.583 (15.000)	Acc@5 23.438 (25.000)
Epoch: [327][260/554]	Time 11.192 (11.278)	Data 0.000 (0.036)	Class 5.3711 (5.5075)	Cons 0.1188 (0.1198)	Acc@1 19.010 (15.000)	Acc@5 29.427 (25.000)
Epoch: [327][270/554]	Time 11.193 (11.275)	Data 0.000 (0.035)	Class 5.7127 (5.5119)	Cons 0.1050 (0.1194)	Acc@1 12.760 (15.000)	Acc@5 23.177 (25.000)
Epoch: [327][280/554]	Time 11.202 (11.272)	Data 0.000 (0.034)	Class 5.6300 (5.5155)	Cons 0.1177 (0.1189)	Acc@1 15.885 (14.000)	Acc@5 25.781 (25.000)
Epoch: [327][290/554]	Time 11.199 (11.270)	Data 0.000 (0.033)	Class 5.5842 (5.5183)	Cons 0.1035 (0.1186)	Acc@1 13.802 (14.000)	Acc@5 23.177 (25.000)
Epoch: [327][300/554]	Time 11.209 (11.268)	Data 0.000 (0.032)	Class 5.5675 (5.5215)	Cons 0.1117 (0.1182)	Acc@1 15.625 (14.000)	Acc@5 25.000 (24.000)
Epoch: [327][310/554]	Time 11.194 (11.267)	Data 0.000 (0.031)	Class 5.7307 (5.5258)	Cons 0.1088 (0.1178)	Acc@1 13.021 (14.000)	Acc@5 21.615 (24.000)
Epoch: [327][320/554]	Time 11.199 (11.265)	Data 0.000 (0.030)	Class 5.6451 (5.5299)	Cons 0.0934 (0.1173)	Acc@1 11.979 (14.000)	Acc@5 23.177 (24.000)
Epoch: [327][330/554]	Time 11.229 (11.263)	Data 0.000 (0.029)	Class 5.7230 (5.5319)	Cons 0.1073 (0.1170)	Acc@1 13.281 (14.000)	Acc@5 22.917 (24.000)
Epoch: [327][340/554]	Time 11.208 (11.262)	Data 0.000 (0.028)	Class 5.6307 (5.5352)	Cons 0.1148 (0.1167)	Acc@1 13.021 (14.000)	Acc@5 21.615 (24.000)
Epoch: [327][350/554]	Time 11.188 (11.260)	Data 0.000 (0.028)	Class 5.5017 (5.5375)	Cons 0.1083 (0.1163)	Acc@1 17.188 (14.000)	Acc@5 25.781 (24.000)
Epoch: [327][360/554]	Time 11.200 (11.258)	Data 0.000 (0.027)	Class 5.6468 (5.5396)	Cons 0.1151 (0.1160)	Acc@1 13.021 (14.000)	Acc@5 22.396 (24.000)
Epoch: [327][370/554]	Time 11.191 (11.257)	Data 0.000 (0.026)	Class 5.5300 (5.5422)	Cons 0.1024 (0.1157)	Acc@1 14.063 (14.000)	Acc@5 26.302 (24.000)
Epoch: [327][380/554]	Time 11.217 (11.255)	Data 0.000 (0.026)	Class 5.5414 (5.5434)	Cons 0.1062 (0.1155)	Acc@1 14.583 (14.000)	Acc@5 25.781 (24.000)
Epoch: [327][390/554]	Time 11.186 (11.254)	Data 0.000 (0.025)	Class 5.7260 (5.5451)	Cons 0.1089 (0.1153)	Acc@1 13.021 (14.000)	Acc@5 22.656 (24.000)
Epoch: [327][400/554]	Time 11.179 (11.252)	Data 0.000 (0.024)	Class 5.6252 (5.5475)	Cons 0.1046 (0.1149)	Acc@1 14.063 (14.000)	Acc@5 23.958 (24.000)
Epoch: [327][410/554]	Time 11.196 (11.250)	Data 0.011 (0.024)	Class 5.6495 (5.5496)	Cons 0.1039 (0.1147)	Acc@1 11.458 (14.000)	Acc@5 22.396 (24.000)
Epoch: [327][420/554]	Time 11.221 (11.249)	Data 0.000 (0.023)	Class 5.5947 (5.5516)	Cons 0.1030 (0.1144)	Acc@1 15.104 (14.000)	Acc@5 23.438 (24.000)
Epoch: [327][430/554]	Time 11.206 (11.248)	Data 0.000 (0.023)	Class 5.4829 (5.5512)	Cons 0.0989 (0.1140)	Acc@1 17.708 (14.000)	Acc@5 28.125 (24.000)
Epoch: [327][440/554]	Time 11.187 (11.247)	Data 0.000 (0.023)	Class 5.5982 (5.5506)	Cons 0.1014 (0.1137)	Acc@1 14.323 (14.000)	Acc@5 25.521 (24.000)
Epoch: [327][450/554]	Time 11.216 (11.246)	Data 0.000 (0.022)	Class 5.5600 (5.5508)	Cons 0.0970 (0.1134)	Acc@1 14.844 (14.000)	Acc@5 26.823 (24.000)
Epoch: [327][460/554]	Time 11.188 (11.245)	Data 0.000 (0.022)	Class 5.6000 (5.5507)	Cons 0.0969 (0.1132)	Acc@1 13.542 (14.000)	Acc@5 26.563 (24.000)
Epoch: [327][470/554]	Time 11.176 (11.243)	Data 0.001 (0.021)	Class 5.6374 (5.5513)	Cons 0.0993 (0.1130)	Acc@1 13.021 (14.000)	Acc@5 25.521 (24.000)
Epoch: [327][480/554]	Time 11.171 (11.242)	Data 0.000 (0.021)	Class 5.4841 (5.5514)	Cons 0.0988 (0.1127)	Acc@1 16.667 (14.000)	Acc@5 26.563 (24.000)
Epoch: [327][490/554]	Time 11.186 (11.241)	Data 0.000 (0.021)	Class 5.4642 (5.5511)	Cons 0.0995 (0.1124)	Acc@1 18.490 (14.000)	Acc@5 26.042 (24.000)
Epoch: [327][500/554]	Time 11.154 (11.239)	Data 0.000 (0.020)	Class 5.6517 (5.5514)	Cons 0.1026 (0.1122)	Acc@1 11.979 (14.000)	Acc@5 23.438 (24.000)
Epoch: [327][510/554]	Time 11.185 (11.238)	Data 0.000 (0.020)	Class 5.5793 (5.5517)	Cons 0.0926 (0.1120)	Acc@1 15.625 (14.000)	Acc@5 26.042 (24.000)
Epoch: [327][520/554]	Time 11.144 (11.237)	Data 0.000 (0.019)	Class 5.5661 (5.5519)	Cons 0.1030 (0.1116)	Acc@1 13.021 (14.000)	Acc@5 24.740 (24.000)
Epoch: [327][530/554]	Time 11.159 (11.235)	Data 0.000 (0.019)	Class 5.5435 (5.5520)	Cons 0.1046 (0.1113)	Acc@1 15.365 (14.000)	Acc@5 25.260 (24.000)
Epoch: [327][540/554]	Time 11.175 (11.234)	Data 0.000 (0.019)	Class 5.5791 (5.5531)	Cons 0.0985 (0.1111)	Acc@1 16.146 (14.000)	Acc@5 25.521 (24.000)
Epoch: [327][550/554]	Time 11.138 (11.233)	Data 0.000 (0.019)	Class 5.6475 (5.5543)	Cons 0.0981 (0.1107)	Acc@1 13.281 (14.000)	Acc@5 23.958 (24.000)
--- training epoch in 6222.849927186966 seconds ---
--- checkpoint saved to /scratch/ijh216/ssl//ssl4/2019-05-11_22-17-16/10/transient/checkpoint.328.ckpt ---
Updating SWA. Current num_params = 2
SWA Model Updated!
Evaluating the SWA model:
Test: [0/167]	Time 11.578 (11.578)	Data 8.941 (8.941)	Class 3.5546 (3.0000)	Acc@1 30.208 (30.000)	Acc@5 55.469 (55.000)
Test: [10/167]	Time 2.613 (3.426)	Data 0.000 (0.813)	Class 3.5547 (3.0000)	Acc@1 28.906 (29.000)	Acc@5 54.688 (53.000)
Test: [20/167]	Time 2.617 (3.041)	Data 0.000 (0.426)	Class 3.6682 (3.0000)	Acc@1 31.250 (28.000)	Acc@5 50.260 (52.000)
Test: [30/167]	Time 2.612 (2.906)	Data 0.000 (0.289)	Class 3.4982 (3.0000)	Acc@1 28.125 (28.000)	Acc@5 53.646 (52.000)
Test: [40/167]	Time 2.621 (2.837)	Data 0.000 (0.218)	Class 3.4200 (3.0000)	Acc@1 32.292 (28.000)	Acc@5 55.469 (52.000)
Test: [50/167]	Time 2.635 (2.797)	Data 0.000 (0.176)	Class 3.4188 (3.0000)	Acc@1 27.604 (29.000)	Acc@5 54.427 (53.000)
Test: [60/167]	Time 2.633 (2.769)	Data 0.000 (0.147)	Class 3.7020 (3.0000)	Acc@1 32.031 (29.000)	Acc@5 51.042 (52.000)
Test: [70/167]	Time 2.628 (2.749)	Data 0.000 (0.126)	Class 3.5902 (3.0000)	Acc@1 25.000 (29.000)	Acc@5 52.604 (52.000)
Test: [80/167]	Time 2.625 (2.734)	Data 0.000 (0.111)	Class 3.2891 (3.0000)	Acc@1 33.073 (29.000)	Acc@5 58.594 (52.000)
Test: [90/167]	Time 2.632 (2.723)	Data 0.000 (0.099)	Class 3.4990 (3.0000)	Acc@1 30.990 (29.000)	Acc@5 55.729 (52.000)
Test: [100/167]	Time 2.625 (2.713)	Data 0.000 (0.089)	Class 3.6337 (3.0000)	Acc@1 27.604 (29.000)	Acc@5 50.521 (52.000)
Test: [110/167]	Time 2.632 (2.706)	Data 0.000 (0.081)	Class 3.6551 (3.0000)	Acc@1 28.125 (29.000)	Acc@5 52.344 (52.000)
Test: [120/167]	Time 2.628 (2.699)	Data 0.000 (0.074)	Class 3.6767 (3.0000)	Acc@1 28.646 (29.000)	Acc@5 51.042 (53.000)
Test: [130/167]	Time 2.628 (2.694)	Data 0.000 (0.069)	Class 3.6882 (3.0000)	Acc@1 23.958 (29.000)	Acc@5 50.260 (53.000)
Test: [140/167]	Time 2.631 (2.689)	Data 0.000 (0.064)	Class 3.4809 (3.0000)	Acc@1 32.031 (29.000)	Acc@5 56.510 (53.000)
Test: [150/167]	Time 2.627 (2.685)	Data 0.001 (0.059)	Class 3.5137 (3.0000)	Acc@1 33.333 (29.000)	Acc@5 53.646 (53.000)
Test: [160/167]	Time 2.626 (2.681)	Data 0.000 (0.056)	Class 3.4026 (3.0000)	Acc@1 32.292 (29.000)	Acc@5 56.510 (53.000)
 * Acc@1 29.000\Acc@5 53.000
Evaluate fast-swa-3 at epoch 328
Updating SWA. Current num_params = 2
Test: [0/167]	Time 12.216 (12.216)	Data 9.587 (9.587)	Class 3.6292 (3.0000)	Acc@1 27.083 (27.000)	Acc@5 52.865 (52.000)
Test: [10/167]	Time 2.609 (3.483)	Data 0.000 (0.872)	Class 3.2821 (3.0000)	Acc@1 33.594 (28.000)	Acc@5 56.250 (52.000)
Test: [20/167]	Time 2.623 (3.070)	Data 0.000 (0.457)	Class 3.5141 (3.0000)	Acc@1 26.823 (28.000)	Acc@5 57.031 (53.000)
Test: [30/167]	Time 2.621 (2.926)	Data 0.000 (0.310)	Class 3.5161 (3.0000)	Acc@1 32.292 (29.000)	Acc@5 55.469 (53.000)
Test: [40/167]	Time 2.623 (2.853)	Data 0.000 (0.234)	Class 3.5538 (3.0000)	Acc@1 30.990 (29.000)	Acc@5 53.646 (53.000)
Test: [50/167]	Time 2.632 (2.809)	Data 0.000 (0.188)	Class 3.3894 (3.0000)	Acc@1 33.073 (29.000)	Acc@5 58.594 (53.000)
Test: [60/167]	Time 2.628 (2.779)	Data 0.000 (0.157)	Class 3.6511 (3.0000)	Acc@1 27.865 (29.000)	Acc@5 51.563 (53.000)
Test: [70/167]	Time 2.626 (2.757)	Data 0.000 (0.135)	Class 3.6007 (3.0000)	Acc@1 29.948 (29.000)	Acc@5 53.385 (53.000)
Test: [80/167]	Time 2.639 (2.741)	Data 0.000 (0.119)	Class 3.4176 (3.0000)	Acc@1 33.073 (29.000)	Acc@5 55.729 (53.000)
Test: [90/167]	Time 2.620 (2.728)	Data 0.000 (0.106)	Class 3.7366 (3.0000)	Acc@1 28.125 (29.000)	Acc@5 49.479 (52.000)
Test: [100/167]	Time 2.628 (2.718)	Data 0.000 (0.095)	Class 3.4351 (3.0000)	Acc@1 32.292 (29.000)	Acc@5 59.115 (52.000)
Test: [110/167]	Time 2.623 (2.710)	Data 0.000 (0.087)	Class 3.5587 (3.0000)	Acc@1 29.427 (29.000)	Acc@5 54.688 (52.000)
Test: [120/167]	Time 2.629 (2.703)	Data 0.000 (0.080)	Class 3.3931 (3.0000)	Acc@1 29.427 (29.000)	Acc@5 54.427 (52.000)
Test: [130/167]	Time 2.627 (2.697)	Data 0.000 (0.073)	Class 3.3008 (3.0000)	Acc@1 28.906 (29.000)	Acc@5 59.115 (52.000)
Test: [140/167]	Time 2.628 (2.692)	Data 0.000 (0.068)	Class 3.5564 (3.0000)	Acc@1 28.125 (29.000)	Acc@5 54.167 (52.000)
Test: [150/167]	Time 2.636 (2.688)	Data 0.001 (0.064)	Class 3.3396 (3.0000)	Acc@1 31.771 (29.000)	Acc@5 56.250 (53.000)
Test: [160/167]	Time 2.632 (2.685)	Data 0.000 (0.060)	Class 3.3747 (3.0000)	Acc@1 29.167 (29.000)	Acc@5 54.427 (53.000)
 * Acc@1 29.000\Acc@5 53.000
Epoch: [328][0/554]	Time 20.086 (20.086)	Data 8.823 (8.823)	Class 5.3815 (5.3815)	Cons 0.0963 (0.0963)	Acc@1 16.146 (16.000)	Acc@5 27.865 (27.000)
Epoch: [328][10/554]	Time 11.294 (12.095)	Data 0.000 (0.806)	Class 5.4560 (5.3571)	Cons 0.1037 (0.0942)	Acc@1 16.667 (16.000)	Acc@5 25.000 (26.000)
Epoch: [328][20/554]	Time 11.297 (11.719)	Data 0.000 (0.423)	Class 5.3676 (5.3790)	Cons 0.0906 (0.0939)	Acc@1 15.885 (15.000)	Acc@5 27.083 (26.000)
Epoch: [328][30/554]	Time 11.309 (11.586)	Data 0.000 (0.287)	Class 5.3640 (5.3769)	Cons 0.0876 (0.0944)	Acc@1 16.667 (15.000)	Acc@5 27.604 (26.000)
Epoch: [328][40/554]	Time 11.336 (11.518)	Data 0.000 (0.218)	Class 5.3382 (5.3826)	Cons 0.1096 (0.0933)	Acc@1 17.448 (15.000)	Acc@5 27.083 (26.000)
Epoch: [328][50/554]	Time 11.285 (11.476)	Data 0.000 (0.176)	Class 5.4647 (5.3969)	Cons 0.0894 (0.0924)	Acc@1 15.625 (15.000)	Acc@5 27.344 (25.000)
Epoch: [328][60/554]	Time 11.304 (11.447)	Data 0.000 (0.147)	Class 5.3680 (5.4033)	Cons 0.0937 (0.0927)	Acc@1 18.490 (15.000)	Acc@5 27.604 (25.000)
Epoch: [328][70/554]	Time 11.278 (11.426)	Data 0.000 (0.127)	Class 5.4465 (5.4091)	Cons 0.0933 (0.0927)	Acc@1 14.323 (15.000)	Acc@5 28.385 (25.000)
Epoch: [328][80/554]	Time 11.288 (11.409)	Data 0.000 (0.112)	Class 5.3792 (5.4125)	Cons 0.0952 (0.0924)	Acc@1 15.625 (15.000)	Acc@5 26.042 (25.000)
Epoch: [328][90/554]	Time 11.300 (11.397)	Data 0.000 (0.100)	Class 5.4469 (5.4148)	Cons 0.0938 (0.0922)	Acc@1 12.760 (15.000)	Acc@5 23.958 (25.000)
Epoch: [328][100/554]	Time 11.294 (11.387)	Data 0.000 (0.090)	Class 5.5301 (5.4231)	Cons 0.0878 (0.0918)	Acc@1 12.240 (15.000)	Acc@5 25.000 (25.000)
Epoch: [328][110/554]	Time 11.303 (11.379)	Data 0.000 (0.082)	Class 5.3852 (5.4238)	Cons 0.0900 (0.0919)	Acc@1 16.927 (15.000)	Acc@5 26.563 (25.000)
Epoch: [328][120/554]	Time 11.278 (11.373)	Data 0.000 (0.076)	Class 5.4943 (5.4299)	Cons 0.0834 (0.0917)	Acc@1 17.188 (15.000)	Acc@5 26.823 (25.000)
Epoch: [328][130/554]	Time 11.289 (11.367)	Data 0.000 (0.070)	Class 5.5320 (5.4357)	Cons 0.0820 (0.0916)	Acc@1 12.760 (15.000)	Acc@5 23.698 (25.000)
Epoch: [328][140/554]	Time 11.285 (11.362)	Data 0.000 (0.065)	Class 5.4773 (5.4391)	Cons 0.0958 (0.0915)	Acc@1 16.146 (15.000)	Acc@5 23.438 (25.000)
Epoch: [328][150/554]	Time 11.294 (11.358)	Data 0.000 (0.061)	Class 5.6100 (5.4472)	Cons 0.0831 (0.0912)	Acc@1 13.542 (15.000)	Acc@5 23.438 (25.000)
Epoch: [328][160/554]	Time 11.285 (11.354)	Data 0.000 (0.058)	Class 5.4138 (5.4518)	Cons 0.0853 (0.0911)	Acc@1 15.104 (14.000)	Acc@5 24.740 (25.000)
Epoch: [328][170/554]	Time 11.289 (11.350)	Data 0.000 (0.055)	Class 5.6281 (5.4582)	Cons 0.0920 (0.0910)	Acc@1 11.458 (14.000)	Acc@5 20.833 (25.000)
Epoch: [328][180/554]	Time 11.290 (11.347)	Data 0.000 (0.052)	Class 5.6578 (5.4649)	Cons 0.0987 (0.0909)	Acc@1 13.021 (14.000)	Acc@5 22.396 (24.000)
Epoch: [328][190/554]	Time 11.295 (11.344)	Data 0.000 (0.049)	Class 5.5207 (5.4673)	Cons 0.0902 (0.0908)	Acc@1 13.802 (14.000)	Acc@5 25.000 (24.000)
Epoch: [328][200/554]	Time 11.303 (11.341)	Data 0.000 (0.047)	Class 5.6474 (5.4734)	Cons 0.0807 (0.0906)	Acc@1 14.844 (14.000)	Acc@5 23.177 (24.000)
Epoch: [328][210/554]	Time 11.274 (11.338)	Data 0.000 (0.045)	Class 5.4794 (5.4773)	Cons 0.0774 (0.0903)	Acc@1 14.583 (14.000)	Acc@5 26.042 (24.000)
Epoch: [328][220/554]	Time 11.282 (11.336)	Data 0.000 (0.043)	Class 5.5589 (5.4802)	Cons 0.1026 (0.0904)	Acc@1 14.583 (14.000)	Acc@5 25.000 (24.000)
Epoch: [328][230/554]	Time 11.321 (11.334)	Data 0.000 (0.041)	Class 5.6089 (5.4839)	Cons 0.0976 (0.0904)	Acc@1 14.323 (14.000)	Acc@5 23.698 (24.000)
Epoch: [328][240/554]	Time 11.308 (11.333)	Data 0.000 (0.039)	Class 5.6095 (5.4878)	Cons 0.0842 (0.0901)	Acc@1 13.802 (14.000)	Acc@5 23.958 (24.000)
Epoch: [328][250/554]	Time 11.283 (11.332)	Data 0.000 (0.038)	Class 5.7181 (5.4936)	Cons 0.0767 (0.0902)	Acc@1 11.719 (14.000)	Acc@5 21.615 (24.000)
Epoch: [328][260/554]	Time 11.294 (11.330)	Data 0.000 (0.037)	Class 5.5822 (5.4963)	Cons 0.0837 (0.0901)	Acc@1 14.583 (14.000)	Acc@5 24.219 (24.000)
Epoch: [328][270/554]	Time 11.279 (11.329)	Data 0.000 (0.035)	Class 5.5647 (5.4992)	Cons 0.0875 (0.0901)	Acc@1 14.323 (14.000)	Acc@5 23.698 (24.000)
Epoch: [328][280/554]	Time 11.322 (11.328)	Data 0.000 (0.034)	Class 5.4977 (5.5029)	Cons 0.1058 (0.0901)	Acc@1 16.667 (14.000)	Acc@5 28.385 (24.000)
Epoch: [328][290/554]	Time 11.291 (11.327)	Data 0.000 (0.033)	Class 5.5738 (5.5062)	Cons 0.0832 (0.0900)	Acc@1 14.063 (14.000)	Acc@5 22.656 (24.000)
Epoch: [328][300/554]	Time 11.283 (11.326)	Data 0.000 (0.032)	Class 5.4885 (5.5103)	Cons 0.0880 (0.0898)	Acc@1 16.406 (14.000)	Acc@5 25.000 (24.000)
Epoch: [328][310/554]	Time 11.305 (11.325)	Data 0.000 (0.031)	Class 5.5003 (5.5125)	Cons 0.0847 (0.0897)	Acc@1 12.760 (14.000)	Acc@5 25.000 (24.000)
Epoch: [328][320/554]	Time 11.265 (11.323)	Data 0.000 (0.030)	Class 5.6463 (5.5155)	Cons 0.0802 (0.0895)	Acc@1 11.979 (14.000)	Acc@5 21.875 (24.000)
Epoch: [328][330/554]	Time 11.326 (11.323)	Data 0.000 (0.030)	Class 5.6686 (5.5184)	Cons 0.0906 (0.0894)	Acc@1 14.063 (14.000)	Acc@5 23.438 (24.000)
Epoch: [328][340/554]	Time 11.286 (11.322)	Data 0.000 (0.029)	Class 5.6753 (5.5212)	Cons 0.0803 (0.0893)	Acc@1 10.938 (14.000)	Acc@5 21.875 (24.000)
Epoch: [328][350/554]	Time 11.290 (11.321)	Data 0.000 (0.028)	Class 5.5777 (5.5237)	Cons 0.0845 (0.0891)	Acc@1 14.323 (14.000)	Acc@5 25.000 (24.000)
Epoch: [328][360/554]	Time 11.295 (11.320)	Data 0.000 (0.027)	Class 5.5376 (5.5261)	Cons 0.0795 (0.0890)	Acc@1 13.542 (14.000)	Acc@5 23.698 (24.000)
Epoch: [328][370/554]	Time 11.305 (11.319)	Data 0.000 (0.027)	Class 5.6058 (5.5279)	Cons 0.0898 (0.0888)	Acc@1 14.583 (14.000)	Acc@5 23.438 (24.000)
Epoch: [328][380/554]	Time 11.298 (11.318)	Data 0.000 (0.026)	Class 5.6323 (5.5305)	Cons 0.0879 (0.0887)	Acc@1 15.104 (14.000)	Acc@5 23.958 (24.000)
Epoch: [328][390/554]	Time 11.291 (11.318)	Data 0.000 (0.025)	Class 5.6753 (5.5323)	Cons 0.0789 (0.0885)	Acc@1 11.198 (14.000)	Acc@5 21.094 (24.000)
Epoch: [328][400/554]	Time 11.285 (11.317)	Data 0.000 (0.025)	Class 5.6860 (5.5349)	Cons 0.0873 (0.0883)	Acc@1 11.979 (13.000)	Acc@5 21.875 (24.000)
Epoch: [328][410/554]	Time 11.280 (11.316)	Data 0.011 (0.024)	Class 5.6102 (5.5377)	Cons 0.0844 (0.0881)	Acc@1 13.542 (13.000)	Acc@5 23.698 (24.000)
Epoch: [328][420/554]	Time 11.302 (11.316)	Data 0.000 (0.024)	Class 5.5109 (5.5397)	Cons 0.0975 (0.0880)	Acc@1 16.927 (13.000)	Acc@5 26.302 (24.000)
Epoch: [328][430/554]	Time 11.300 (11.315)	Data 0.000 (0.023)	Class 5.4461 (5.5393)	Cons 0.0759 (0.0879)	Acc@1 16.146 (13.000)	Acc@5 25.000 (24.000)
Epoch: [328][440/554]	Time 11.293 (11.315)	Data 0.000 (0.023)	Class 5.4911 (5.5392)	Cons 0.0799 (0.0877)	Acc@1 16.146 (14.000)	Acc@5 28.125 (24.000)
Epoch: [328][450/554]	Time 11.290 (11.314)	Data 0.000 (0.022)	Class 5.7333 (5.5395)	Cons 0.0857 (0.0876)	Acc@1 13.281 (14.000)	Acc@5 21.354 (24.000)
Epoch: [328][460/554]	Time 11.268 (11.314)	Data 0.000 (0.022)	Class 5.5342 (5.5389)	Cons 0.0927 (0.0875)	Acc@1 15.365 (14.000)	Acc@5 24.219 (24.000)
Epoch: [328][470/554]	Time 11.261 (11.313)	Data 0.000 (0.022)	Class 5.7230 (5.5391)	Cons 0.0833 (0.0874)	Acc@1 13.542 (14.000)	Acc@5 20.573 (24.000)
Epoch: [328][480/554]	Time 11.296 (11.312)	Data 0.000 (0.021)	Class 5.6712 (5.5396)	Cons 0.0884 (0.0873)	Acc@1 13.542 (14.000)	Acc@5 25.000 (24.000)
Epoch: [328][490/554]	Time 11.302 (11.312)	Data 0.000 (0.021)	Class 5.6365 (5.5398)	Cons 0.0927 (0.0872)	Acc@1 13.281 (14.000)	Acc@5 25.260 (24.000)
Epoch: [328][500/554]	Time 11.295 (11.312)	Data 0.000 (0.021)	Class 5.5509 (5.5400)	Cons 0.0906 (0.0871)	Acc@1 14.844 (14.000)	Acc@5 27.083 (24.000)
Epoch: [328][510/554]	Time 11.272 (11.311)	Data 0.000 (0.020)	Class 5.5864 (5.5406)	Cons 0.0819 (0.0870)	Acc@1 13.281 (14.000)	Acc@5 23.698 (24.000)
Epoch: [328][520/554]	Time 11.309 (11.311)	Data 0.000 (0.020)	Class 5.5735 (5.5413)	Cons 0.0768 (0.0869)	Acc@1 16.146 (14.000)	Acc@5 25.260 (24.000)
Epoch: [328][530/554]	Time 11.287 (11.311)	Data 0.000 (0.020)	Class 5.5875 (5.5424)	Cons 0.0757 (0.0868)	Acc@1 13.542 (14.000)	Acc@5 23.177 (24.000)
Epoch: [328][540/554]	Time 11.293 (11.311)	Data 0.000 (0.019)	Class 5.6220 (5.5425)	Cons 0.0831 (0.0866)	Acc@1 13.802 (14.000)	Acc@5 22.917 (24.000)
Epoch: [328][550/554]	Time 11.305 (11.310)	Data 0.000 (0.019)	Class 5.6361 (5.5437)	Cons 0.0791 (0.0865)	Acc@1 13.021 (14.000)	Acc@5 21.615 (24.000)
--- training epoch in 6265.73740530014 seconds ---
--- checkpoint saved to /scratch/ijh216/ssl//ssl4/2019-05-11_22-17-16/10/transient/checkpoint.329.ckpt ---
Epoch: [329][0/554]	Time 23.077 (23.077)	Data 11.832 (11.832)	Class 5.3410 (5.3410)	Cons 0.0824 (0.0824)	Acc@1 16.146 (16.000)	Acc@5 26.563 (26.000)
Epoch: [329][10/554]	Time 11.244 (12.319)	Data 0.000 (1.078)	Class 5.4569 (5.4042)	Cons 0.0728 (0.0791)	Acc@1 13.021 (14.000)	Acc@5 23.958 (24.000)
Epoch: [329][20/554]	Time 11.278 (11.822)	Data 0.000 (0.565)	Class 5.3222 (5.4064)	Cons 0.0715 (0.0767)	Acc@1 16.406 (14.000)	Acc@5 26.302 (25.000)
Epoch: [329][30/554]	Time 11.267 (11.649)	Data 0.000 (0.385)	Class 5.6012 (5.4113)	Cons 0.0737 (0.0765)	Acc@1 14.323 (14.000)	Acc@5 22.135 (24.000)
Epoch: [329][40/554]	Time 11.302 (11.559)	Data 0.000 (0.291)	Class 5.3961 (5.4104)	Cons 0.0712 (0.0758)	Acc@1 16.146 (14.000)	Acc@5 25.781 (24.000)
Epoch: [329][50/554]	Time 11.295 (11.507)	Data 0.000 (0.235)	Class 5.4138 (5.4156)	Cons 0.0649 (0.0765)	Acc@1 16.927 (14.000)	Acc@5 25.521 (24.000)
Epoch: [329][60/554]	Time 11.301 (11.473)	Data 0.000 (0.197)	Class 5.4427 (5.4219)	Cons 0.0730 (0.0766)	Acc@1 13.542 (14.000)	Acc@5 26.042 (24.000)
Epoch: [329][70/554]	Time 11.307 (11.448)	Data 0.000 (0.169)	Class 5.4396 (5.4278)	Cons 0.0814 (0.0761)	Acc@1 17.448 (14.000)	Acc@5 28.646 (24.000)
Epoch: [329][80/554]	Time 11.295 (11.427)	Data 0.000 (0.149)	Class 5.5170 (5.4296)	Cons 0.0716 (0.0761)	Acc@1 16.406 (14.000)	Acc@5 26.563 (24.000)
Epoch: [329][90/554]	Time 11.299 (11.413)	Data 0.000 (0.133)	Class 5.5671 (5.4328)	Cons 0.0832 (0.0759)	Acc@1 14.323 (14.000)	Acc@5 24.219 (24.000)
Epoch: [329][100/554]	Time 11.336 (11.402)	Data 0.000 (0.120)	Class 5.4453 (5.4375)	Cons 0.0706 (0.0756)	Acc@1 18.229 (14.000)	Acc@5 25.781 (24.000)
Epoch: [329][110/554]	Time 11.291 (11.392)	Data 0.000 (0.109)	Class 5.6814 (5.4458)	Cons 0.0746 (0.0757)	Acc@1 12.240 (14.000)	Acc@5 22.656 (24.000)
Epoch: [329][120/554]	Time 11.231 (11.382)	Data 0.000 (0.101)	Class 5.5462 (5.4504)	Cons 0.0881 (0.0761)	Acc@1 16.146 (14.000)	Acc@5 24.219 (24.000)
Epoch: [329][130/554]	Time 11.172 (11.368)	Data 0.000 (0.093)	Class 5.5531 (5.4556)	Cons 0.0815 (0.0762)	Acc@1 14.323 (14.000)	Acc@5 23.958 (24.000)
Epoch: [329][140/554]	Time 11.147 (11.353)	Data 0.000 (0.087)	Class 5.5215 (5.4611)	Cons 0.0723 (0.0763)	Acc@1 15.625 (14.000)	Acc@5 25.521 (24.000)
Epoch: [329][150/554]	Time 11.163 (11.341)	Data 0.000 (0.081)	Class 5.6768 (5.4640)	Cons 0.0770 (0.0765)	Acc@1 11.458 (14.000)	Acc@5 21.875 (24.000)
Epoch: [329][160/554]	Time 11.162 (11.329)	Data 0.000 (0.076)	Class 5.6874 (5.4710)	Cons 0.0712 (0.0763)	Acc@1 10.677 (14.000)	Acc@5 20.833 (24.000)
Epoch: [329][170/554]	Time 11.146 (11.319)	Data 0.000 (0.072)	Class 5.4890 (5.4748)	Cons 0.0699 (0.0763)	Acc@1 15.365 (14.000)	Acc@5 24.479 (24.000)
Epoch: [329][180/554]	Time 11.139 (11.309)	Data 0.000 (0.068)	Class 5.3905 (5.4770)	Cons 0.0637 (0.0763)	Acc@1 19.271 (14.000)	Acc@5 29.688 (24.000)
Epoch: [329][190/554]	Time 11.170 (11.301)	Data 0.000 (0.065)	Class 5.5618 (5.4814)	Cons 0.0777 (0.0764)	Acc@1 14.063 (14.000)	Acc@5 25.781 (24.000)
Epoch: [329][200/554]	Time 11.143 (11.294)	Data 0.000 (0.062)	Class 5.5601 (5.4861)	Cons 0.0736 (0.0765)	Acc@1 13.021 (14.000)	Acc@5 23.177 (24.000)
Epoch: [329][210/554]	Time 11.157 (11.288)	Data 0.000 (0.059)	Class 5.5723 (5.4913)	Cons 0.0717 (0.0765)	Acc@1 13.021 (14.000)	Acc@5 25.000 (24.000)
Epoch: [329][220/554]	Time 11.147 (11.281)	Data 0.000 (0.057)	Class 5.6617 (5.4959)	Cons 0.0768 (0.0763)	Acc@1 12.760 (14.000)	Acc@5 23.177 (24.000)
Epoch: [329][230/554]	Time 11.177 (11.276)	Data 0.000 (0.054)	Class 5.7039 (5.4988)	Cons 0.0748 (0.0762)	Acc@1 15.104 (14.000)	Acc@5 24.219 (24.000)
Epoch: [329][240/554]	Time 11.176 (11.272)	Data 0.000 (0.052)	Class 5.5096 (5.5017)	Cons 0.0781 (0.0761)	Acc@1 16.406 (14.000)	Acc@5 25.521 (24.000)
Epoch: [329][250/554]	Time 11.142 (11.267)	Data 0.000 (0.050)	Class 5.4815 (5.5050)	Cons 0.0858 (0.0760)	Acc@1 14.323 (13.000)	Acc@5 24.479 (23.000)
Epoch: [329][260/554]	Time 11.147 (11.262)	Data 0.000 (0.048)	Class 5.5780 (5.5074)	Cons 0.0647 (0.0759)	Acc@1 14.844 (13.000)	Acc@5 25.521 (23.000)
Epoch: [329][270/554]	Time 11.195 (11.258)	Data 0.000 (0.047)	Class 5.5518 (5.5100)	Cons 0.0675 (0.0757)	Acc@1 14.844 (13.000)	Acc@5 24.219 (23.000)
Epoch: [329][280/554]	Time 11.175 (11.255)	Data 0.000 (0.045)	Class 5.5431 (5.5134)	Cons 0.0763 (0.0758)	Acc@1 15.885 (13.000)	Acc@5 24.740 (23.000)
Epoch: [329][290/554]	Time 11.161 (11.251)	Data 0.000 (0.044)	Class 5.5756 (5.5163)	Cons 0.0758 (0.0757)	Acc@1 12.500 (13.000)	Acc@5 22.917 (23.000)
Epoch: [329][300/554]	Time 11.167 (11.248)	Data 0.000 (0.042)	Class 5.5828 (5.5198)	Cons 0.0772 (0.0756)	Acc@1 13.542 (13.000)	Acc@5 23.438 (23.000)
Epoch: [329][310/554]	Time 11.180 (11.246)	Data 0.000 (0.041)	Class 5.4942 (5.5226)	Cons 0.0743 (0.0755)	Acc@1 13.802 (13.000)	Acc@5 25.000 (23.000)
Epoch: [329][320/554]	Time 11.167 (11.243)	Data 0.000 (0.040)	Class 5.6928 (5.5249)	Cons 0.0659 (0.0755)	Acc@1 13.281 (13.000)	Acc@5 21.615 (23.000)
Epoch: [329][330/554]	Time 11.129 (11.240)	Data 0.000 (0.039)	Class 5.6551 (5.5273)	Cons 0.0705 (0.0754)	Acc@1 11.719 (13.000)	Acc@5 22.135 (23.000)
Epoch: [329][340/554]	Time 11.151 (11.238)	Data 0.000 (0.038)	Class 5.6889 (5.5314)	Cons 0.0618 (0.0753)	Acc@1 10.156 (13.000)	Acc@5 21.875 (23.000)
Epoch: [329][350/554]	Time 11.190 (11.236)	Data 0.000 (0.037)	Class 5.5936 (5.5335)	Cons 0.0795 (0.0754)	Acc@1 15.625 (13.000)	Acc@5 26.302 (23.000)
Epoch: [329][360/554]	Time 11.173 (11.234)	Data 0.000 (0.036)	Class 5.5852 (5.5363)	Cons 0.0642 (0.0752)	Acc@1 13.021 (13.000)	Acc@5 21.354 (23.000)
Epoch: [329][370/554]	Time 11.181 (11.232)	Data 0.000 (0.035)	Class 5.5667 (5.5377)	Cons 0.0700 (0.0751)	Acc@1 14.063 (13.000)	Acc@5 23.438 (23.000)
Epoch: [329][380/554]	Time 11.155 (11.230)	Data 0.000 (0.034)	Class 5.5036 (5.5394)	Cons 0.0703 (0.0750)	Acc@1 13.021 (13.000)	Acc@5 23.698 (23.000)
Epoch: [329][390/554]	Time 11.141 (11.228)	Data 0.000 (0.033)	Class 5.6901 (5.5412)	Cons 0.0796 (0.0751)	Acc@1 12.240 (13.000)	Acc@5 22.135 (23.000)
Epoch: [329][400/554]	Time 11.152 (11.227)	Data 0.000 (0.033)	Class 5.5525 (5.5446)	Cons 0.0782 (0.0751)	Acc@1 16.406 (13.000)	Acc@5 24.479 (23.000)
Epoch: [329][410/554]	Time 11.160 (11.226)	Data 0.011 (0.032)	Class 5.5822 (5.5479)	Cons 0.0808 (0.0749)	Acc@1 13.281 (13.000)	Acc@5 23.438 (23.000)
Epoch: [329][420/554]	Time 11.151 (11.224)	Data 0.000 (0.031)	Class 5.6509 (5.5493)	Cons 0.0708 (0.0748)	Acc@1 12.240 (13.000)	Acc@5 21.615 (23.000)
Epoch: [329][430/554]	Time 11.158 (11.222)	Data 0.000 (0.031)	Class 5.5403 (5.5495)	Cons 0.0673 (0.0748)	Acc@1 16.146 (13.000)	Acc@5 26.302 (23.000)
Epoch: [329][440/554]	Time 11.148 (11.221)	Data 0.000 (0.030)	Class 5.6249 (5.5486)	Cons 0.0673 (0.0747)	Acc@1 13.021 (13.000)	Acc@5 23.438 (23.000)
Epoch: [329][450/554]	Time 11.159 (11.220)	Data 0.000 (0.029)	Class 5.6103 (5.5485)	Cons 0.0688 (0.0746)	Acc@1 13.021 (13.000)	Acc@5 22.656 (23.000)
Epoch: [329][460/554]	Time 11.131 (11.218)	Data 0.000 (0.029)	Class 5.5869 (5.5486)	Cons 0.0715 (0.0746)	Acc@1 14.063 (13.000)	Acc@5 26.042 (23.000)
Epoch: [329][470/554]	Time 11.122 (11.216)	Data 0.000 (0.028)	Class 5.5926 (5.5497)	Cons 0.0635 (0.0745)	Acc@1 14.323 (13.000)	Acc@5 24.740 (23.000)
Epoch: [329][480/554]	Time 11.166 (11.215)	Data 0.000 (0.028)	Class 5.5270 (5.5497)	Cons 0.0703 (0.0745)	Acc@1 14.323 (13.000)	Acc@5 24.219 (23.000)
Epoch: [329][490/554]	Time 11.139 (11.213)	Data 0.000 (0.027)	Class 5.6616 (5.5508)	Cons 0.0637 (0.0744)	Acc@1 13.542 (13.000)	Acc@5 23.698 (23.000)
Epoch: [329][500/554]	Time 11.148 (11.212)	Data 0.000 (0.027)	Class 5.5720 (5.5521)	Cons 0.0639 (0.0743)	Acc@1 12.240 (13.000)	Acc@5 21.354 (23.000)
Epoch: [329][510/554]	Time 11.175 (11.211)	Data 0.000 (0.026)	Class 5.5585 (5.5528)	Cons 0.0746 (0.0743)	Acc@1 13.542 (13.000)	Acc@5 24.219 (23.000)
Epoch: [329][520/554]	Time 11.184 (11.210)	Data 0.000 (0.026)	Class 5.6267 (5.5534)	Cons 0.0747 (0.0743)	Acc@1 12.500 (13.000)	Acc@5 26.823 (23.000)
Epoch: [329][530/554]	Time 11.175 (11.210)	Data 0.000 (0.025)	Class 5.5955 (5.5547)	Cons 0.0699 (0.0742)	Acc@1 15.885 (13.000)	Acc@5 22.917 (23.000)
Epoch: [329][540/554]	Time 11.188 (11.209)	Data 0.000 (0.025)	Class 5.5633 (5.5554)	Cons 0.0632 (0.0741)	Acc@1 13.542 (13.000)	Acc@5 23.698 (23.000)
Epoch: [329][550/554]	Time 11.181 (11.208)	Data 0.000 (0.025)	Class 5.4690 (5.5561)	Cons 0.0706 (0.0740)	Acc@1 15.365 (13.000)	Acc@5 25.781 (23.000)
--- training epoch in 6209.406893730164 seconds ---
--- checkpoint saved to /scratch/ijh216/ssl//ssl4/2019-05-11_22-17-16/10/transient/checkpoint.330.ckpt ---
Epoch: [330][0/554]	Time 23.183 (23.183)	Data 12.057 (12.057)	Class 5.3044 (5.3044)	Cons 0.0696 (0.0696)	Acc@1 18.750 (18.000)	Acc@5 27.083 (27.000)
Epoch: [330][10/554]	Time 11.317 (12.334)	Data 0.000 (1.098)	Class 5.3717 (5.3900)	Cons 0.0721 (0.0718)	Acc@1 15.365 (14.000)	Acc@5 24.740 (25.000)
Epoch: [330][20/554]	Time 11.348 (11.862)	Data 0.000 (0.578)	Class 5.4729 (5.3934)	Cons 0.0635 (0.0712)	Acc@1 14.063 (15.000)	Acc@5 23.177 (25.000)
Epoch: [330][30/554]	Time 11.334 (11.697)	Data 0.000 (0.392)	Class 5.4576 (5.4181)	Cons 0.0688 (0.0714)	Acc@1 16.667 (14.000)	Acc@5 25.521 (24.000)
Epoch: [330][40/554]	Time 11.351 (11.613)	Data 0.000 (0.297)	Class 5.3770 (5.4145)	Cons 0.0660 (0.0717)	Acc@1 14.323 (14.000)	Acc@5 28.646 (25.000)
Epoch: [330][50/554]	Time 11.310 (11.561)	Data 0.000 (0.240)	Class 5.4183 (5.4299)	Cons 0.0666 (0.0709)	Acc@1 13.021 (14.000)	Acc@5 26.563 (24.000)
Epoch: [330][60/554]	Time 11.259 (11.513)	Data 0.000 (0.201)	Class 5.4615 (5.4270)	Cons 0.0636 (0.0702)	Acc@1 14.583 (14.000)	Acc@5 26.302 (24.000)
Epoch: [330][70/554]	Time 11.221 (11.475)	Data 0.000 (0.173)	Class 5.4965 (5.4317)	Cons 0.0659 (0.0699)	Acc@1 14.583 (14.000)	Acc@5 25.000 (24.000)
Epoch: [330][80/554]	Time 11.203 (11.443)	Data 0.000 (0.152)	Class 5.5149 (5.4377)	Cons 0.0765 (0.0702)	Acc@1 12.760 (14.000)	Acc@5 23.438 (24.000)
Epoch: [330][90/554]	Time 11.182 (11.416)	Data 0.000 (0.136)	Class 5.5130 (5.4399)	Cons 0.0682 (0.0700)	Acc@1 12.760 (14.000)	Acc@5 23.698 (24.000)
Epoch: [330][100/554]	Time 11.178 (11.393)	Data 0.000 (0.122)	Class 5.4364 (5.4488)	Cons 0.0768 (0.0698)	Acc@1 13.542 (14.000)	Acc@5 24.740 (24.000)
Epoch: [330][110/554]	Time 11.187 (11.375)	Data 0.000 (0.112)	Class 5.5264 (5.4558)	Cons 0.0756 (0.0701)	Acc@1 13.542 (13.000)	Acc@5 25.521 (24.000)
Epoch: [330][120/554]	Time 11.176 (11.359)	Data 0.000 (0.103)	Class 5.5709 (5.4614)	Cons 0.0774 (0.0699)	Acc@1 12.500 (13.000)	Acc@5 22.135 (24.000)
Epoch: [330][130/554]	Time 11.190 (11.346)	Data 0.000 (0.095)	Class 5.5586 (5.4680)	Cons 0.0670 (0.0697)	Acc@1 13.281 (13.000)	Acc@5 22.656 (24.000)
Epoch: [330][140/554]	Time 11.168 (11.334)	Data 0.000 (0.089)	Class 5.6428 (5.4728)	Cons 0.0606 (0.0699)	Acc@1 11.719 (13.000)	Acc@5 22.656 (24.000)
Epoch: [330][150/554]	Time 11.180 (11.323)	Data 0.000 (0.083)	Class 5.4126 (5.4754)	Cons 0.0700 (0.0701)	Acc@1 16.667 (13.000)	Acc@5 25.000 (24.000)
Epoch: [330][160/554]	Time 11.172 (11.314)	Data 0.000 (0.078)	Class 5.4566 (5.4797)	Cons 0.0677 (0.0700)	Acc@1 13.021 (13.000)	Acc@5 23.177 (24.000)
Epoch: [330][170/554]	Time 11.162 (11.306)	Data 0.000 (0.074)	Class 5.5763 (5.4844)	Cons 0.0523 (0.0700)	Acc@1 11.719 (13.000)	Acc@5 21.354 (23.000)
Epoch: [330][180/554]	Time 11.168 (11.299)	Data 0.000 (0.070)	Class 5.5761 (5.4893)	Cons 0.0724 (0.0698)	Acc@1 13.542 (13.000)	Acc@5 23.177 (23.000)
Epoch: [330][190/554]	Time 11.195 (11.293)	Data 0.000 (0.066)	Class 5.6438 (5.4959)	Cons 0.0628 (0.0696)	Acc@1 13.281 (13.000)	Acc@5 20.573 (23.000)
Epoch: [330][200/554]	Time 11.186 (11.287)	Data 0.000 (0.063)	Class 5.4984 (5.4997)	Cons 0.0725 (0.0695)	Acc@1 14.844 (13.000)	Acc@5 23.958 (23.000)
Epoch: [330][210/554]	Time 11.199 (11.283)	Data 0.000 (0.060)	Class 5.7789 (5.5043)	Cons 0.0546 (0.0694)	Acc@1 9.896 (13.000)	Acc@5 18.490 (23.000)
Epoch: [330][220/554]	Time 11.191 (11.279)	Data 0.000 (0.058)	Class 5.5490 (5.5089)	Cons 0.0629 (0.0694)	Acc@1 12.760 (13.000)	Acc@5 25.000 (23.000)
Epoch: [330][230/554]	Time 11.181 (11.275)	Data 0.000 (0.055)	Class 5.5573 (5.5119)	Cons 0.0661 (0.0695)	Acc@1 16.927 (13.000)	Acc@5 24.219 (23.000)
Epoch: [330][240/554]	Time 11.185 (11.271)	Data 0.000 (0.053)	Class 5.6415 (5.5155)	Cons 0.0674 (0.0694)	Acc@1 12.500 (13.000)	Acc@5 21.094 (23.000)
Epoch: [330][250/554]	Time 11.194 (11.267)	Data 0.000 (0.051)	Class 5.6084 (5.5195)	Cons 0.0580 (0.0692)	Acc@1 12.240 (13.000)	Acc@5 21.875 (23.000)
Epoch: [330][260/554]	Time 11.192 (11.264)	Data 0.000 (0.049)	Class 5.5874 (5.5222)	Cons 0.0710 (0.0691)	Acc@1 13.542 (13.000)	Acc@5 20.052 (23.000)
Epoch: [330][270/554]	Time 11.163 (11.261)	Data 0.000 (0.048)	Class 5.7210 (5.5251)	Cons 0.0815 (0.0691)	Acc@1 13.021 (13.000)	Acc@5 22.396 (23.000)
Epoch: [330][280/554]	Time 11.171 (11.258)	Data 0.000 (0.046)	Class 5.5943 (5.5264)	Cons 0.0767 (0.0693)	Acc@1 15.104 (13.000)	Acc@5 21.875 (23.000)
Epoch: [330][290/554]	Time 11.184 (11.256)	Data 0.000 (0.045)	Class 5.4742 (5.5292)	Cons 0.0712 (0.0692)	Acc@1 16.146 (13.000)	Acc@5 26.042 (23.000)
Epoch: [330][300/554]	Time 11.177 (11.254)	Data 0.000 (0.043)	Class 5.7106 (5.5313)	Cons 0.0605 (0.0691)	Acc@1 11.719 (13.000)	Acc@5 17.708 (23.000)
Epoch: [330][310/554]	Time 11.191 (11.252)	Data 0.000 (0.042)	Class 5.4882 (5.5337)	Cons 0.0804 (0.0691)	Acc@1 14.063 (13.000)	Acc@5 23.698 (23.000)
Epoch: [330][320/554]	Time 11.176 (11.249)	Data 0.000 (0.041)	Class 5.5193 (5.5356)	Cons 0.0659 (0.0692)	Acc@1 13.802 (13.000)	Acc@5 23.438 (23.000)
Epoch: [330][330/554]	Time 11.168 (11.247)	Data 0.000 (0.040)	Class 5.5188 (5.5379)	Cons 0.0704 (0.0692)	Acc@1 12.760 (13.000)	Acc@5 21.875 (23.000)
Epoch: [330][340/554]	Time 11.174 (11.245)	Data 0.000 (0.038)	Class 5.5989 (5.5409)	Cons 0.0716 (0.0691)	Acc@1 13.542 (13.000)	Acc@5 22.656 (23.000)
Epoch: [330][350/554]	Time 11.187 (11.244)	Data 0.000 (0.038)	Class 5.5491 (5.5441)	Cons 0.0759 (0.0690)	Acc@1 13.021 (13.000)	Acc@5 26.042 (23.000)
Epoch: [330][360/554]	Time 11.182 (11.242)	Data 0.000 (0.037)	Class 5.6375 (5.5473)	Cons 0.0567 (0.0690)	Acc@1 10.938 (13.000)	Acc@5 21.094 (23.000)
Epoch: [330][370/554]	Time 11.170 (11.240)	Data 0.000 (0.036)	Class 5.7509 (5.5492)	Cons 0.0601 (0.0690)	Acc@1 10.417 (13.000)	Acc@5 21.615 (23.000)
Epoch: [330][380/554]	Time 11.170 (11.238)	Data 0.000 (0.035)	Class 5.5705 (5.5518)	Cons 0.0687 (0.0690)	Acc@1 11.719 (12.000)	Acc@5 23.698 (23.000)
Epoch: [330][390/554]	Time 11.166 (11.237)	Data 0.000 (0.034)	Class 5.6011 (5.5541)	Cons 0.0822 (0.0691)	Acc@1 13.281 (12.000)	Acc@5 22.396 (23.000)
Epoch: [330][400/554]	Time 11.199 (11.236)	Data 0.000 (0.033)	Class 5.6299 (5.5570)	Cons 0.0700 (0.0691)	Acc@1 12.240 (12.000)	Acc@5 22.396 (22.000)
Epoch: [330][410/554]	Time 11.206 (11.235)	Data 0.010 (0.033)	Class 5.6914 (5.5601)	Cons 0.0679 (0.0690)	Acc@1 11.719 (12.000)	Acc@5 20.052 (22.000)
Epoch: [330][420/554]	Time 11.197 (11.234)	Data 0.000 (0.032)	Class 5.6217 (5.5622)	Cons 0.0672 (0.0690)	Acc@1 13.542 (12.000)	Acc@5 24.219 (22.000)
Epoch: [330][430/554]	Time 11.208 (11.234)	Data 0.000 (0.031)	Class 5.6565 (5.5624)	Cons 0.0716 (0.0691)	Acc@1 13.542 (12.000)	Acc@5 23.958 (22.000)
Epoch: [330][440/554]	Time 11.177 (11.233)	Data 0.000 (0.031)	Class 5.5465 (5.5624)	Cons 0.0769 (0.0692)	Acc@1 14.844 (12.000)	Acc@5 22.917 (22.000)
Epoch: [330][450/554]	Time 11.197 (11.232)	Data 0.000 (0.030)	Class 5.7382 (5.5627)	Cons 0.0697 (0.0692)	Acc@1 10.677 (12.000)	Acc@5 22.656 (22.000)
Epoch: [330][460/554]	Time 11.175 (11.231)	Data 0.000 (0.029)	Class 5.6090 (5.5635)	Cons 0.0662 (0.0692)	Acc@1 12.500 (12.000)	Acc@5 26.302 (22.000)
Epoch: [330][470/554]	Time 11.211 (11.230)	Data 0.000 (0.029)	Class 5.6101 (5.5643)	Cons 0.0745 (0.0691)	Acc@1 12.240 (12.000)	Acc@5 23.958 (22.000)
Epoch: [330][480/554]	Time 11.204 (11.229)	Data 0.000 (0.028)	Class 5.7879 (5.5653)	Cons 0.0636 (0.0691)	Acc@1 10.156 (12.000)	Acc@5 20.312 (22.000)
Epoch: [330][490/554]	Time 11.198 (11.229)	Data 0.000 (0.028)	Class 5.5453 (5.5655)	Cons 0.0600 (0.0690)	Acc@1 13.802 (12.000)	Acc@5 25.260 (22.000)
Epoch: [330][500/554]	Time 11.192 (11.228)	Data 0.000 (0.027)	Class 5.5184 (5.5657)	Cons 0.0769 (0.0690)	Acc@1 14.323 (12.000)	Acc@5 24.740 (22.000)
Epoch: [330][510/554]	Time 11.192 (11.227)	Data 0.000 (0.027)	Class 5.6102 (5.5665)	Cons 0.0603 (0.0690)	Acc@1 14.583 (12.000)	Acc@5 24.479 (22.000)
Epoch: [330][520/554]	Time 11.205 (11.226)	Data 0.000 (0.026)	Class 5.4206 (5.5661)	Cons 0.0789 (0.0691)	Acc@1 17.188 (12.000)	Acc@5 26.302 (22.000)
Epoch: [330][530/554]	Time 11.189 (11.226)	Data 0.000 (0.026)	Class 5.6761 (5.5672)	Cons 0.0598 (0.0690)	Acc@1 13.542 (12.000)	Acc@5 22.396 (22.000)
Epoch: [330][540/554]	Time 11.167 (11.225)	Data 0.000 (0.026)	Class 5.6933 (5.5679)	Cons 0.0600 (0.0689)	Acc@1 11.198 (12.000)	Acc@5 20.833 (22.000)
Epoch: [330][550/554]	Time 11.181 (11.224)	Data 0.000 (0.025)	Class 5.6548 (5.5689)	Cons 0.0845 (0.0690)	Acc@1 12.500 (12.000)	Acc@5 23.177 (22.000)
--- training epoch in 6217.953680753708 seconds ---
--- checkpoint saved to /scratch/ijh216/ssl//ssl4/2019-05-11_22-17-16/10/transient/checkpoint.331.ckpt ---
Updating SWA. Current num_params = 3
SWA Model Updated!
Evaluating the SWA model:
Test: [0/167]	Time 15.884 (15.884)	Data 13.264 (13.264)	Class 3.5156 (3.0000)	Acc@1 31.250 (31.000)	Acc@5 53.385 (53.000)
Test: [10/167]	Time 2.623 (3.812)	Data 0.000 (1.206)	Class 3.2439 (3.0000)	Acc@1 35.417 (30.000)	Acc@5 60.938 (53.000)
Test: [20/167]	Time 2.651 (3.251)	Data 0.000 (0.632)	Class 3.4866 (3.0000)	Acc@1 31.250 (30.000)	Acc@5 53.646 (53.000)
Test: [30/167]	Time 2.661 (3.061)	Data 0.000 (0.428)	Class 3.3683 (3.0000)	Acc@1 31.250 (30.000)	Acc@5 56.250 (54.000)
Test: [40/167]	Time 2.637 (2.962)	Data 0.000 (0.324)	Class 3.6767 (3.0000)	Acc@1 27.604 (30.000)	Acc@5 54.167 (53.000)
Test: [50/167]	Time 2.612 (2.895)	Data 0.000 (0.260)	Class 3.4917 (3.0000)	Acc@1 29.167 (30.000)	Acc@5 52.344 (53.000)
Test: [60/167]	Time 2.602 (2.847)	Data 0.000 (0.218)	Class 3.4039 (3.0000)	Acc@1 35.156 (30.000)	Acc@5 56.510 (53.000)
Test: [70/167]	Time 2.601 (2.812)	Data 0.000 (0.187)	Class 3.5036 (3.0000)	Acc@1 33.073 (30.000)	Acc@5 53.385 (54.000)
Test: [80/167]	Time 2.591 (2.785)	Data 0.000 (0.164)	Class 3.5799 (3.0000)	Acc@1 30.208 (30.000)	Acc@5 56.250 (54.000)
Test: [90/167]	Time 2.584 (2.763)	Data 0.000 (0.146)	Class 3.2115 (3.0000)	Acc@1 32.552 (30.000)	Acc@5 60.938 (54.000)
Test: [100/167]	Time 2.583 (2.746)	Data 0.000 (0.132)	Class 3.4784 (3.0000)	Acc@1 32.031 (30.000)	Acc@5 56.771 (54.000)
Test: [110/167]	Time 2.585 (2.731)	Data 0.000 (0.120)	Class 3.6808 (3.0000)	Acc@1 28.385 (30.000)	Acc@5 53.385 (54.000)
Test: [120/167]	Time 2.589 (2.719)	Data 0.000 (0.110)	Class 3.5522 (3.0000)	Acc@1 29.948 (30.000)	Acc@5 55.469 (54.000)
Test: [130/167]	Time 2.594 (2.710)	Data 0.000 (0.102)	Class 3.3505 (3.0000)	Acc@1 32.552 (30.000)	Acc@5 56.510 (54.000)
Test: [140/167]	Time 2.609 (2.702)	Data 0.000 (0.094)	Class 3.4767 (3.0000)	Acc@1 30.208 (30.000)	Acc@5 54.427 (54.000)
Test: [150/167]	Time 2.601 (2.695)	Data 0.001 (0.088)	Class 3.4445 (3.0000)	Acc@1 31.771 (30.000)	Acc@5 54.167 (54.000)
Test: [160/167]	Time 2.609 (2.690)	Data 0.000 (0.083)	Class 3.5714 (3.0000)	Acc@1 28.646 (30.000)	Acc@5 53.646 (54.000)
 * Acc@1 30.000\Acc@5 54.000
Evaluate fast-swa-3 at epoch 331
Updating SWA. Current num_params = 3
Test: [0/167]	Time 16.570 (16.570)	Data 13.924 (13.924)	Class 3.3318 (3.0000)	Acc@1 34.115 (34.000)	Acc@5 57.813 (57.000)
Test: [10/167]	Time 2.620 (3.882)	Data 0.000 (1.266)	Class 3.5096 (3.0000)	Acc@1 32.292 (30.000)	Acc@5 51.563 (53.000)
Test: [20/167]	Time 2.639 (3.286)	Data 0.000 (0.663)	Class 3.6979 (3.0000)	Acc@1 28.646 (30.000)	Acc@5 51.823 (53.000)
Test: [30/167]	Time 2.638 (3.077)	Data 0.000 (0.449)	Class 3.3530 (3.0000)	Acc@1 33.594 (30.000)	Acc@5 57.552 (54.000)
Test: [40/167]	Time 2.648 (2.972)	Data 0.000 (0.340)	Class 3.3129 (3.0000)	Acc@1 31.250 (30.000)	Acc@5 58.073 (54.000)
Test: [50/167]	Time 2.646 (2.908)	Data 0.000 (0.273)	Class 3.6128 (3.0000)	Acc@1 26.823 (30.000)	Acc@5 49.740 (54.000)
Test: [60/167]	Time 2.636 (2.865)	Data 0.000 (0.229)	Class 3.6317 (3.0000)	Acc@1 29.167 (30.000)	Acc@5 53.385 (54.000)
Test: [70/167]	Time 2.644 (2.834)	Data 0.000 (0.196)	Class 3.4773 (3.0000)	Acc@1 28.906 (30.000)	Acc@5 57.552 (54.000)
Test: [80/167]	Time 2.644 (2.810)	Data 0.000 (0.172)	Class 3.3311 (3.0000)	Acc@1 31.771 (30.000)	Acc@5 56.510 (54.000)
Test: [90/167]	Time 2.643 (2.791)	Data 0.000 (0.153)	Class 3.3772 (3.0000)	Acc@1 30.208 (30.000)	Acc@5 58.333 (54.000)
Test: [100/167]	Time 2.646 (2.777)	Data 0.000 (0.138)	Class 3.6335 (3.0000)	Acc@1 29.427 (30.000)	Acc@5 50.781 (54.000)
Test: [110/167]	Time 2.645 (2.765)	Data 0.000 (0.126)	Class 3.4736 (3.0000)	Acc@1 29.427 (30.000)	Acc@5 54.167 (54.000)
Test: [120/167]	Time 2.634 (2.754)	Data 0.000 (0.115)	Class 3.3125 (3.0000)	Acc@1 32.552 (30.000)	Acc@5 57.813 (54.000)
Test: [130/167]	Time 2.637 (2.745)	Data 0.000 (0.107)	Class 3.7511 (3.0000)	Acc@1 28.385 (30.000)	Acc@5 48.958 (54.000)
Test: [140/167]	Time 2.632 (2.738)	Data 0.000 (0.099)	Class 3.6482 (3.0000)	Acc@1 27.344 (30.000)	Acc@5 52.083 (54.000)
Test: [150/167]	Time 2.636 (2.731)	Data 0.001 (0.092)	Class 3.4861 (3.0000)	Acc@1 27.865 (30.000)	Acc@5 55.469 (54.000)
Test: [160/167]	Time 2.632 (2.725)	Data 0.000 (0.087)	Class 3.4714 (3.0000)	Acc@1 32.031 (30.000)	Acc@5 54.948 (54.000)
 * Acc@1 30.000\Acc@5 54.000
Epoch: [331][0/554]	Time 22.662 (22.662)	Data 11.427 (11.427)	Class 5.4233 (5.4233)	Cons 0.0533 (0.0533)	Acc@1 14.583 (14.000)	Acc@5 25.000 (25.000)
Epoch: [331][10/554]	Time 11.282 (12.305)	Data 0.000 (1.045)	Class 5.4082 (5.3622)	Cons 0.0504 (0.0657)	Acc@1 14.844 (14.000)	Acc@5 24.479 (25.000)
Epoch: [331][20/554]	Time 11.275 (11.815)	Data 0.000 (0.548)	Class 5.3874 (5.3841)	Cons 0.0525 (0.0652)	Acc@1 14.063 (14.000)	Acc@5 22.917 (25.000)
Epoch: [331][30/554]	Time 11.292 (11.649)	Data 0.000 (0.372)	Class 5.5786 (5.4106)	Cons 0.0679 (0.0657)	Acc@1 10.938 (13.000)	Acc@5 22.135 (24.000)
Epoch: [331][40/554]	Time 11.279 (11.564)	Data 0.000 (0.283)	Class 5.5389 (5.4316)	Cons 0.0613 (0.0658)	Acc@1 13.281 (13.000)	Acc@5 21.875 (24.000)
Epoch: [331][50/554]	Time 11.273 (11.510)	Data 0.000 (0.228)	Class 5.4847 (5.4395)	Cons 0.0727 (0.0663)	Acc@1 10.938 (13.000)	Acc@5 23.438 (24.000)
Epoch: [331][60/554]	Time 11.294 (11.476)	Data 0.000 (0.191)	Class 5.3489 (5.4430)	Cons 0.0687 (0.0661)	Acc@1 15.104 (13.000)	Acc@5 26.042 (24.000)
Epoch: [331][70/554]	Time 11.319 (11.454)	Data 0.000 (0.165)	Class 5.4521 (5.4485)	Cons 0.0598 (0.0661)	Acc@1 14.323 (13.000)	Acc@5 25.260 (24.000)
Epoch: [331][80/554]	Time 11.303 (11.436)	Data 0.000 (0.145)	Class 5.5537 (5.4547)	Cons 0.0640 (0.0660)	Acc@1 13.281 (13.000)	Acc@5 21.615 (23.000)
Epoch: [331][90/554]	Time 11.298 (11.422)	Data 0.000 (0.129)	Class 5.4876 (5.4583)	Cons 0.0608 (0.0662)	Acc@1 11.198 (13.000)	Acc@5 22.917 (23.000)
Epoch: [331][100/554]	Time 11.316 (11.412)	Data 0.000 (0.117)	Class 5.5349 (5.4621)	Cons 0.0551 (0.0659)	Acc@1 14.323 (13.000)	Acc@5 23.698 (23.000)
Epoch: [331][110/554]	Time 11.287 (11.402)	Data 0.000 (0.107)	Class 5.6348 (5.4661)	Cons 0.0724 (0.0663)	Acc@1 12.500 (13.000)	Acc@5 20.312 (23.000)
Epoch: [331][120/554]	Time 11.289 (11.393)	Data 0.000 (0.098)	Class 5.4999 (5.4740)	Cons 0.0721 (0.0665)	Acc@1 12.240 (13.000)	Acc@5 24.219 (23.000)
Epoch: [331][130/554]	Time 11.275 (11.386)	Data 0.000 (0.091)	Class 5.5257 (5.4782)	Cons 0.0847 (0.0666)	Acc@1 13.021 (13.000)	Acc@5 22.396 (23.000)
Epoch: [331][140/554]	Time 11.303 (11.380)	Data 0.000 (0.085)	Class 5.5252 (5.4867)	Cons 0.0673 (0.0667)	Acc@1 13.021 (13.000)	Acc@5 24.479 (23.000)
Epoch: [331][150/554]	Time 11.301 (11.375)	Data 0.000 (0.079)	Class 5.6129 (5.4929)	Cons 0.0532 (0.0666)	Acc@1 11.458 (13.000)	Acc@5 23.177 (23.000)
Epoch: [331][160/554]	Time 11.294 (11.371)	Data 0.000 (0.075)	Class 5.6022 (5.4963)	Cons 0.0560 (0.0666)	Acc@1 11.979 (13.000)	Acc@5 22.396 (23.000)
Epoch: [331][170/554]	Time 11.282 (11.367)	Data 0.000 (0.070)	Class 5.5421 (5.4991)	Cons 0.0621 (0.0668)	Acc@1 14.583 (13.000)	Acc@5 23.698 (23.000)
Epoch: [331][180/554]	Time 11.311 (11.364)	Data 0.000 (0.067)	Class 5.6623 (5.5037)	Cons 0.0660 (0.0668)	Acc@1 13.021 (13.000)	Acc@5 22.135 (23.000)
Epoch: [331][190/554]	Time 11.308 (11.361)	Data 0.000 (0.063)	Class 5.6011 (5.5101)	Cons 0.0744 (0.0669)	Acc@1 13.021 (12.000)	Acc@5 20.573 (23.000)
Epoch: [331][200/554]	Time 11.306 (11.359)	Data 0.000 (0.060)	Class 5.5307 (5.5114)	Cons 0.0664 (0.0670)	Acc@1 15.365 (12.000)	Acc@5 24.740 (23.000)
Epoch: [331][210/554]	Time 11.291 (11.356)	Data 0.000 (0.058)	Class 5.6623 (5.5158)	Cons 0.0655 (0.0667)	Acc@1 12.760 (12.000)	Acc@5 20.312 (22.000)
Epoch: [331][220/554]	Time 11.286 (11.354)	Data 0.000 (0.055)	Class 5.4418 (5.5189)	Cons 0.0633 (0.0667)	Acc@1 13.021 (12.000)	Acc@5 24.740 (22.000)
Epoch: [331][230/554]	Time 11.338 (11.352)	Data 0.000 (0.053)	Class 5.5495 (5.5220)	Cons 0.0603 (0.0666)	Acc@1 10.156 (12.000)	Acc@5 19.531 (22.000)
Epoch: [331][240/554]	Time 11.329 (11.351)	Data 0.000 (0.051)	Class 5.6909 (5.5257)	Cons 0.0687 (0.0665)	Acc@1 11.198 (12.000)	Acc@5 21.094 (22.000)
Epoch: [331][250/554]	Time 11.325 (11.349)	Data 0.000 (0.049)	Class 5.5261 (5.5298)	Cons 0.0654 (0.0664)	Acc@1 13.021 (12.000)	Acc@5 22.917 (22.000)
Epoch: [331][260/554]	Time 11.268 (11.347)	Data 0.000 (0.047)	Class 5.6685 (5.5342)	Cons 0.0636 (0.0665)	Acc@1 9.896 (12.000)	Acc@5 20.833 (22.000)
Epoch: [331][270/554]	Time 11.308 (11.345)	Data 0.000 (0.046)	Class 5.6173 (5.5390)	Cons 0.0598 (0.0665)	Acc@1 12.240 (12.000)	Acc@5 23.177 (22.000)
Epoch: [331][280/554]	Time 11.281 (11.344)	Data 0.000 (0.044)	Class 5.6346 (5.5430)	Cons 0.0597 (0.0665)	Acc@1 9.635 (12.000)	Acc@5 22.135 (22.000)
Epoch: [331][290/554]	Time 11.296 (11.342)	Data 0.000 (0.043)	Class 5.7407 (5.5485)	Cons 0.0711 (0.0664)	Acc@1 13.021 (12.000)	Acc@5 20.833 (22.000)
Epoch: [331][300/554]	Time 11.302 (11.340)	Data 0.000 (0.041)	Class 5.6324 (5.5516)	Cons 0.0738 (0.0665)	Acc@1 12.240 (12.000)	Acc@5 22.396 (22.000)
Epoch: [331][310/554]	Time 11.299 (11.338)	Data 0.000 (0.040)	Class 5.6473 (5.5532)	Cons 0.0651 (0.0665)	Acc@1 11.719 (12.000)	Acc@5 21.615 (22.000)
Epoch: [331][320/554]	Time 11.308 (11.337)	Data 0.000 (0.039)	Class 5.7060 (5.5562)	Cons 0.0778 (0.0664)	Acc@1 13.021 (12.000)	Acc@5 22.396 (22.000)
Epoch: [331][330/554]	Time 11.296 (11.336)	Data 0.000 (0.038)	Class 5.5430 (5.5583)	Cons 0.0645 (0.0664)	Acc@1 14.323 (12.000)	Acc@5 24.479 (22.000)
Epoch: [331][340/554]	Time 11.290 (11.335)	Data 0.000 (0.037)	Class 5.6729 (5.5612)	Cons 0.0624 (0.0662)	Acc@1 10.156 (12.000)	Acc@5 18.750 (22.000)
Epoch: [331][350/554]	Time 11.321 (11.334)	Data 0.000 (0.036)	Class 5.6741 (5.5640)	Cons 0.0686 (0.0661)	Acc@1 11.979 (12.000)	Acc@5 20.573 (22.000)
Epoch: [331][360/554]	Time 11.299 (11.333)	Data 0.000 (0.035)	Class 5.7829 (5.5678)	Cons 0.0582 (0.0661)	Acc@1 9.375 (12.000)	Acc@5 17.448 (22.000)
Epoch: [331][370/554]	Time 11.245 (11.331)	Data 0.000 (0.034)	Class 5.6096 (5.5701)	Cons 0.0513 (0.0660)	Acc@1 11.719 (12.000)	Acc@5 21.875 (22.000)
Epoch: [331][380/554]	Time 11.327 (11.330)	Data 0.000 (0.034)	Class 5.6419 (5.5723)	Cons 0.0641 (0.0661)	Acc@1 12.760 (12.000)	Acc@5 22.396 (22.000)
