Using these command line args: --workers 3 --checkpoint-epochs 3 --dataset sslMini --train-subdir supervised/train --unsup-subdir unsupervised --eval-subdir supervised/val --arch cifar_shakeshake26 --ema-decay 0.97 --consistency-type mse --consistency-rampup 5 --consistency 100.0 --logit-distance-cost 0.01 --weight-decay 0.0002 --epochs 10 --lr-rampup 0 --lr-rampdown-epochs 15 --nesterov True --num-cycles 20 --cycle-interval 30 --start-epoch 0 --fastswa-frequencies 3 --device cuda --batch-size 128 --labeled-batch-size 31 --lr 0.1
=> creating model 'cifar_shakeshake26'
=> creating model 'cifar_shakeshake26'
=> creating model 'cifar_shakeshake26'
=> creating model 'cifar_shakeshake26'

List of model parameters:
=========================
module.conv1.weight                            16 * 3 * 3 * 3 =         432
module.layer1.0.conv_a1.weight                96 * 16 * 3 * 3 =      13,824
module.layer1.0.bn_a1.weight                               96 =          96
module.layer1.0.bn_a1.bias                                 96 =          96
module.layer1.0.conv_a2.weight                96 * 96 * 3 * 3 =      82,944
module.layer1.0.bn_a2.weight                               96 =          96
module.layer1.0.bn_a2.bias                                 96 =          96
module.layer1.0.conv_b1.weight                96 * 16 * 3 * 3 =      13,824
module.layer1.0.bn_b1.weight                               96 =          96
module.layer1.0.bn_b1.bias                                 96 =          96
module.layer1.0.conv_b2.weight                96 * 96 * 3 * 3 =      82,944
module.layer1.0.bn_b2.weight                               96 =          96
module.layer1.0.bn_b2.bias                                 96 =          96
module.layer1.0.downsample.0.weight           96 * 16 * 1 * 1 =       1,536
module.layer1.0.downsample.1.weight                        96 =          96
module.layer1.0.downsample.1.bias                          96 =          96
module.layer1.1.conv_a1.weight                96 * 96 * 3 * 3 =      82,944
module.layer1.1.bn_a1.weight                               96 =          96
module.layer1.1.bn_a1.bias                                 96 =          96
module.layer1.1.conv_a2.weight                96 * 96 * 3 * 3 =      82,944
module.layer1.1.bn_a2.weight                               96 =          96
module.layer1.1.bn_a2.bias                                 96 =          96
module.layer1.1.conv_b1.weight                96 * 96 * 3 * 3 =      82,944
module.layer1.1.bn_b1.weight                               96 =          96
module.layer1.1.bn_b1.bias                                 96 =          96
module.layer1.1.conv_b2.weight                96 * 96 * 3 * 3 =      82,944
module.layer1.1.bn_b2.weight                               96 =          96
module.layer1.1.bn_b2.bias                                 96 =          96
module.layer1.2.conv_a1.weight                96 * 96 * 3 * 3 =      82,944
module.layer1.2.bn_a1.weight                               96 =          96
module.layer1.2.bn_a1.bias                                 96 =          96
module.layer1.2.conv_a2.weight                96 * 96 * 3 * 3 =      82,944
module.layer1.2.bn_a2.weight                               96 =          96
module.layer1.2.bn_a2.bias                                 96 =          96
module.layer1.2.conv_b1.weight                96 * 96 * 3 * 3 =      82,944
module.layer1.2.bn_b1.weight                               96 =          96
module.layer1.2.bn_b1.bias                                 96 =          96
module.layer1.2.conv_b2.weight                96 * 96 * 3 * 3 =      82,944
module.layer1.2.bn_b2.weight                               96 =          96
module.layer1.2.bn_b2.bias                                 96 =          96
module.layer1.3.conv_a1.weight                96 * 96 * 3 * 3 =      82,944
module.layer1.3.bn_a1.weight                               96 =          96
module.layer1.3.bn_a1.bias                                 96 =          96
module.layer1.3.conv_a2.weight                96 * 96 * 3 * 3 =      82,944
module.layer1.3.bn_a2.weight                               96 =          96
module.layer1.3.bn_a2.bias                                 96 =          96
module.layer1.3.conv_b1.weight                96 * 96 * 3 * 3 =      82,944
module.layer1.3.bn_b1.weight                               96 =          96
module.layer1.3.bn_b1.bias                                 96 =          96
module.layer1.3.conv_b2.weight                96 * 96 * 3 * 3 =      82,944
module.layer1.3.bn_b2.weight                               96 =          96
module.layer1.3.bn_b2.bias                                 96 =          96
module.layer2.0.conv_a1.weight               192 * 96 * 3 * 3 =     165,888
module.layer2.0.bn_a1.weight                              192 =         192
module.layer2.0.bn_a1.bias                                192 =         192
module.layer2.0.conv_a2.weight              192 * 192 * 3 * 3 =     331,776
module.layer2.0.bn_a2.weight                              192 =         192
module.layer2.0.bn_a2.bias                                192 =         192
module.layer2.0.conv_b1.weight               192 * 96 * 3 * 3 =     165,888
module.layer2.0.bn_b1.weight                              192 =         192
module.layer2.0.bn_b1.bias                                192 =         192
module.layer2.0.conv_b2.weight              192 * 192 * 3 * 3 =     331,776
module.layer2.0.bn_b2.weight                              192 =         192
module.layer2.0.bn_b2.bias                                192 =         192
module.layer2.0.downsample.conv.weight       192 * 96 * 1 * 1 =      18,432
module.layer2.0.downsample.conv.bias                      192 =         192
module.layer2.0.downsample.bn.weight                      192 =         192
module.layer2.0.downsample.bn.bias                        192 =         192
module.layer2.1.conv_a1.weight              192 * 192 * 3 * 3 =     331,776
module.layer2.1.bn_a1.weight                              192 =         192
module.layer2.1.bn_a1.bias                                192 =         192
module.layer2.1.conv_a2.weight              192 * 192 * 3 * 3 =     331,776
module.layer2.1.bn_a2.weight                              192 =         192
module.layer2.1.bn_a2.bias                                192 =         192
module.layer2.1.conv_b1.weight              192 * 192 * 3 * 3 =     331,776
module.layer2.1.bn_b1.weight                              192 =         192
module.layer2.1.bn_b1.bias                                192 =         192
module.layer2.1.conv_b2.weight              192 * 192 * 3 * 3 =     331,776
module.layer2.1.bn_b2.weight                              192 =         192
module.layer2.1.bn_b2.bias                                192 =         192
module.layer2.2.conv_a1.weight              192 * 192 * 3 * 3 =     331,776
module.layer2.2.bn_a1.weight                              192 =         192
module.layer2.2.bn_a1.bias                                192 =         192
module.layer2.2.conv_a2.weight              192 * 192 * 3 * 3 =     331,776
module.layer2.2.bn_a2.weight                              192 =         192
module.layer2.2.bn_a2.bias                                192 =         192
module.layer2.2.conv_b1.weight              192 * 192 * 3 * 3 =     331,776
module.layer2.2.bn_b1.weight                              192 =         192
module.layer2.2.bn_b1.bias                                192 =         192
module.layer2.2.conv_b2.weight              192 * 192 * 3 * 3 =     331,776
module.layer2.2.bn_b2.weight                              192 =         192
module.layer2.2.bn_b2.bias                                192 =         192
module.layer2.3.conv_a1.weight              192 * 192 * 3 * 3 =     331,776
module.layer2.3.bn_a1.weight                              192 =         192
module.layer2.3.bn_a1.bias                                192 =         192
module.layer2.3.conv_a2.weight              192 * 192 * 3 * 3 =     331,776
module.layer2.3.bn_a2.weight                              192 =         192
module.layer2.3.bn_a2.bias                                192 =         192
module.layer2.3.conv_b1.weight              192 * 192 * 3 * 3 =     331,776
module.layer2.3.bn_b1.weight                              192 =         192
module.layer2.3.bn_b1.bias                                192 =         192
module.layer2.3.conv_b2.weight              192 * 192 * 3 * 3 =     331,776
module.layer2.3.bn_b2.weight                              192 =         192
module.layer2.3.bn_b2.bias                                192 =         192
module.layer3.0.conv_a1.weight              384 * 192 * 3 * 3 =     663,552
module.layer3.0.bn_a1.weight                              384 =         384
module.layer3.0.bn_a1.bias                                384 =         384
module.layer3.0.conv_a2.weight              384 * 384 * 3 * 3 =   1,327,104
module.layer3.0.bn_a2.weight                              384 =         384
module.layer3.0.bn_a2.bias                                384 =         384
module.layer3.0.conv_b1.weight              384 * 192 * 3 * 3 =     663,552
module.layer3.0.bn_b1.weight                              384 =         384
module.layer3.0.bn_b1.bias                                384 =         384
module.layer3.0.conv_b2.weight              384 * 384 * 3 * 3 =   1,327,104
module.layer3.0.bn_b2.weight                              384 =         384
module.layer3.0.bn_b2.bias                                384 =         384
module.layer3.0.downsample.conv.weight      384 * 192 * 1 * 1 =      73,728
module.layer3.0.downsample.conv.bias                      384 =         384
module.layer3.0.downsample.bn.weight                      384 =         384
module.layer3.0.downsample.bn.bias                        384 =         384
module.layer3.1.conv_a1.weight              384 * 384 * 3 * 3 =   1,327,104
module.layer3.1.bn_a1.weight                              384 =         384
module.layer3.1.bn_a1.bias                                384 =         384
module.layer3.1.conv_a2.weight              384 * 384 * 3 * 3 =   1,327,104
module.layer3.1.bn_a2.weight                              384 =         384
module.layer3.1.bn_a2.bias                                384 =         384
module.layer3.1.conv_b1.weight              384 * 384 * 3 * 3 =   1,327,104
module.layer3.1.bn_b1.weight                              384 =         384
module.layer3.1.bn_b1.bias                                384 =         384
module.layer3.1.conv_b2.weight              384 * 384 * 3 * 3 =   1,327,104
module.layer3.1.bn_b2.weight                              384 =         384
module.layer3.1.bn_b2.bias                                384 =         384
module.layer3.2.conv_a1.weight              384 * 384 * 3 * 3 =   1,327,104
module.layer3.2.bn_a1.weight                              384 =         384
module.layer3.2.bn_a1.bias                                384 =         384
module.layer3.2.conv_a2.weight              384 * 384 * 3 * 3 =   1,327,104
module.layer3.2.bn_a2.weight                              384 =         384
module.layer3.2.bn_a2.bias                                384 =         384
module.layer3.2.conv_b1.weight              384 * 384 * 3 * 3 =   1,327,104
module.layer3.2.bn_b1.weight                              384 =         384
module.layer3.2.bn_b1.bias                                384 =         384
module.layer3.2.conv_b2.weight              384 * 384 * 3 * 3 =   1,327,104
module.layer3.2.bn_b2.weight                              384 =         384
module.layer3.2.bn_b2.bias                                384 =         384
module.layer3.3.conv_a1.weight              384 * 384 * 3 * 3 =   1,327,104
module.layer3.3.bn_a1.weight                              384 =         384
module.layer3.3.bn_a1.bias                                384 =         384
module.layer3.3.conv_a2.weight              384 * 384 * 3 * 3 =   1,327,104
module.layer3.3.bn_a2.weight                              384 =         384
module.layer3.3.bn_a2.bias                                384 =         384
module.layer3.3.conv_b1.weight              384 * 384 * 3 * 3 =   1,327,104
module.layer3.3.bn_b1.weight                              384 =         384
module.layer3.3.bn_b1.bias                                384 =         384
module.layer3.3.conv_b2.weight              384 * 384 * 3 * 3 =   1,327,104
module.layer3.3.bn_b2.weight                              384 =         384
module.layer3.3.bn_b2.bias                                384 =         384
module.fc1.weight                                  1000 * 384 =     384,000
module.fc1.bias                                          1000 =       1,000
module.fc2.weight                                  1000 * 384 =     384,000
module.fc2.bias                                          1000 =       1,000
===========================================================================
all parameters                                   sum of above =  26,959,616

--- checkpoint saved to /scratch/ijh216/ssl//ssl_mt_shake_short/2019-05-01_15-43-05/10/transient/checkpoint.0.ckpt ---
Frequent SWAs with frequencies = [3]
/home/ijh216/pytorch/py3.6.3/lib/python3.6/site-packages/torch/nn/_reduction.py:49: UserWarning: size_average and reduce args will be deprecated, please use reduction='sum' instead.
  warnings.warn(warning.format(ret))
Epoch: [0][0/52]	Time 5.985 (5.985)	Data 4.714 (4.714)	Class 6.9259 (6.9259)	Cons 0.0000 (0.0000)	Prec@1 0.000 (0.000)	Prec@5 0.000 (0.000)
Epoch: [0][10/52]	Time 0.545 (1.699)	Data 0.201 (1.268)	Class 7.0025 (7.0604)	Cons 0.0000 (0.0000)	Prec@1 0.000 (0.000)	Prec@5 0.000 (0.000)
Epoch: [0][20/52]	Time 0.345 (1.504)	Data 0.000 (1.114)	Class 7.2054 (7.1051)	Cons 0.0000 (0.0000)	Prec@1 0.000 (0.000)	Prec@5 0.000 (0.000)
Epoch: [0][30/52]	Time 3.421 (1.556)	Data 3.077 (1.180)	Class 7.1581 (7.1489)	Cons 0.0000 (0.0000)	Prec@1 0.000 (0.000)	Prec@5 0.000 (0.000)
Epoch: [0][40/52]	Time 0.857 (1.510)	Data 0.515 (1.141)	Class 7.2239 (7.1719)	Cons 0.0000 (0.0000)	Prec@1 0.000 (0.000)	Prec@5 0.000 (0.000)
Epoch: [0][50/52]	Time 0.348 (1.473)	Data 0.000 (1.109)	Class 7.0871 (7.1686)	Cons 0.0000 (0.0000)	Prec@1 0.000 (0.000)	Prec@5 0.000 (0.000)
--- training epoch in 78.11196255683899 seconds ---
Evaluating the primary model:
Test: [0/16]	Time 4.382 (4.382)	Data 4.289 (4.289)	Class 7.0907 (7.0000)	Prec@1 0.000 (0.000)	Prec@5 0.000 (0.000)
Test: [10/16]	Time 0.084 (0.815)	Data 0.000 (0.728)	Class 7.2347 (6.0000)	Prec@1 0.000 (0.000)	Prec@5 0.000 (0.000)
 * Prec@1 0.000	Prec@5 0.000
Evaluating the EMA model:
Test: [0/16]	Time 3.347 (3.347)	Data 3.260 (3.260)	Class 6.9913 (6.0000)	Prec@1 0.000 (0.000)	Prec@5 0.000 (0.000)
Test: [10/16]	Time 0.083 (0.682)	Data 0.000 (0.597)	Class 7.0478 (6.0000)	Prec@1 0.000 (0.000)	Prec@5 0.000 (0.000)
 * Prec@1 0.000	Prec@5 0.080
--- validation in 24.20517659187317 seconds ---
Evaluate fast-swa-3 at epoch 1
Updating SWA. Current num_params = 1
Loading State Dict
Test: [0/16]	Time 3.992 (3.992)	Data 3.907 (3.907)	Class 6.9688 (6.0000)	Prec@1 0.000 (0.000)	Prec@5 0.000 (0.000)
Test: [10/16]	Time 0.082 (0.768)	Data 0.000 (0.683)	Class 7.1433 (6.0000)	Prec@1 0.000 (0.000)	Prec@5 0.000 (0.000)
 * Prec@1 0.000	Prec@5 0.000
Epoch: [1][0/52]	Time 4.541 (4.541)	Data 4.194 (4.194)	Class 7.2064 (7.2064)	Cons 0.0000 (0.0000)	Prec@1 0.000 (0.000)	Prec@5 0.000 (0.000)
Epoch: [1][10/52]	Time 0.354 (1.600)	Data 0.012 (1.254)	Class 7.0233 (7.0943)	Cons 0.0000 (0.0000)	Prec@1 0.000 (0.000)	Prec@5 0.000 (0.000)
Epoch: [1][20/52]	Time 0.347 (1.439)	Data 0.000 (1.091)	Class 6.9796 (7.0603)	Cons 0.0000 (0.0000)	Prec@1 0.000 (0.000)	Prec@5 0.000 (0.000)
Epoch: [1][30/52]	Time 2.213 (1.410)	Data 1.868 (1.061)	Class 6.9048 (7.0489)	Cons 0.0000 (0.0000)	Prec@1 0.000 (0.000)	Prec@5 0.000 (0.000)
Epoch: [1][40/52]	Time 2.115 (1.451)	Data 1.770 (1.103)	Class 6.8362 (7.0210)	Cons 0.0000 (0.0000)	Prec@1 0.000 (0.000)	Prec@5 0.000 (0.000)
Epoch: [1][50/52]	Time 0.345 (1.432)	Data 0.000 (1.084)	Class 6.8712 (6.9995)	Cons 0.0000 (0.0000)	Prec@1 0.000 (0.000)	Prec@5 0.000 (0.000)
--- training epoch in 74.25426769256592 seconds ---
Evaluating the primary model:
Test: [0/16]	Time 3.425 (3.425)	Data 3.337 (3.337)	Class 6.6588 (6.0000)	Prec@1 0.000 (0.000)	Prec@5 0.000 (0.000)
Test: [10/16]	Time 0.084 (0.680)	Data 0.000 (0.592)	Class 7.4996 (6.0000)	Prec@1 0.000 (0.000)	Prec@5 0.000 (0.000)
 * Prec@1 0.000	Prec@5 0.000
Evaluating the EMA model:
Test: [0/16]	Time 3.835 (3.835)	Data 3.752 (3.752)	Class 6.7180 (6.0000)	Prec@1 0.000 (0.000)	Prec@5 0.000 (0.000)
Test: [10/16]	Time 0.152 (0.709)	Data 0.067 (0.622)	Class 7.1915 (6.0000)	Prec@1 0.000 (0.000)	Prec@5 0.000 (0.000)
 * Prec@1 0.000	Prec@5 0.000
--- validation in 22.92800235748291 seconds ---
Epoch: [2][0/52]	Time 4.160 (4.160)	Data 3.811 (3.811)	Class 6.7824 (6.7824)	Cons 0.0000 (0.0000)	Prec@1 0.000 (0.000)	Prec@5 0.000 (0.000)
Epoch: [2][10/52]	Time 0.537 (1.539)	Data 0.185 (1.193)	Class 6.9014 (6.7774)	Cons 0.0000 (0.0000)	Prec@1 0.000 (0.000)	Prec@5 0.000 (0.000)
Epoch: [2][20/52]	Time 0.343 (1.371)	Data 0.000 (1.024)	Class 6.7049 (6.7737)	Cons 0.0000 (0.0000)	Prec@1 0.000 (0.000)	Prec@5 0.000 (0.000)
Epoch: [2][30/52]	Time 2.544 (1.428)	Data 2.194 (1.081)	Class 6.8206 (6.7742)	Cons 0.0000 (0.0000)	Prec@1 0.000 (0.000)	Prec@5 0.000 (0.000)
Epoch: [2][40/52]	Time 1.287 (1.402)	Data 0.936 (1.055)	Class 6.6309 (6.7669)	Cons 0.0000 (0.0000)	Prec@1 0.000 (0.000)	Prec@5 0.000 (0.000)
Epoch: [2][50/52]	Time 1.127 (1.363)	Data 0.785 (1.017)	Class 6.7416 (6.7657)	Cons 0.0000 (0.0000)	Prec@1 0.000 (0.000)	Prec@5 0.000 (0.000)
--- training epoch in 71.5587785243988 seconds ---
Evaluating the primary model:
Test: [0/16]	Time 4.448 (4.448)	Data 4.357 (4.357)	Class 6.4461 (6.0000)	Prec@1 0.000 (0.000)	Prec@5 0.000 (0.000)
Test: [10/16]	Time 0.083 (0.751)	Data 0.000 (0.664)	Class 8.0037 (6.0000)	Prec@1 0.000 (0.000)	Prec@5 0.000 (0.000)
 * Prec@1 0.000	Prec@5 0.000
Evaluating the EMA model:
Test: [0/16]	Time 4.476 (4.476)	Data 4.392 (4.392)	Class 6.4949 (6.0000)	Prec@1 0.000 (0.000)	Prec@5 0.000 (0.000)
Test: [10/16]	Time 0.082 (0.830)	Data 0.000 (0.746)	Class 7.6871 (6.0000)	Prec@1 0.000 (0.000)	Prec@5 0.000 (0.000)
 * Prec@1 0.000	Prec@5 0.000
--- validation in 25.97124218940735 seconds ---
--- checkpoint saved to /scratch/ijh216/ssl//ssl_mt_shake_short/2019-05-01_15-43-05/10/transient/checkpoint.3.ckpt ---
Epoch: [3][0/52]	Time 4.416 (4.416)	Data 4.073 (4.073)	Class 6.6768 (6.6768)	Cons 0.0000 (0.0000)	Prec@1 0.000 (0.000)	Prec@5 0.000 (0.000)
Epoch: [3][10/52]	Time 0.845 (1.565)	Data 0.490 (1.218)	Class 6.7200 (6.6813)	Cons 0.0000 (0.0000)	Prec@1 0.000 (0.000)	Prec@5 0.000 (0.000)
Epoch: [3][20/52]	Time 0.346 (1.470)	Data 0.000 (1.124)	Class 6.6657 (6.6752)	Cons 0.0000 (0.0000)	Prec@1 0.000 (0.000)	Prec@5 0.000 (0.000)
Epoch: [3][30/52]	Time 0.965 (1.449)	Data 0.623 (1.104)	Class 6.6527 (6.6680)	Cons 0.0000 (0.0000)	Prec@1 0.000 (0.000)	Prec@5 0.000 (0.000)
Epoch: [3][40/52]	Time 2.565 (1.457)	Data 2.220 (1.112)	Class 6.7509 (6.6787)	Cons 0.0000 (0.0000)	Prec@1 0.000 (0.000)	Prec@5 0.000 (0.000)
Epoch: [3][50/52]	Time 0.348 (1.412)	Data 0.000 (1.067)	Class 6.6666 (6.6852)	Cons 0.0000 (0.0000)	Prec@1 0.000 (0.000)	Prec@5 0.000 (0.000)
--- training epoch in 73.15268421173096 seconds ---
Evaluating the primary model:
Test: [0/16]	Time 3.817 (3.817)	Data 3.724 (3.724)	Class 6.4134 (6.0000)	Prec@1 0.000 (0.000)	Prec@5 0.000 (0.000)
Test: [10/16]	Time 0.087 (0.734)	Data 0.000 (0.643)	Class 7.9046 (6.0000)	Prec@1 0.000 (0.000)	Prec@5 0.000 (0.000)
 * Prec@1 0.000	Prec@5 0.000
Evaluating the EMA model:
Test: [0/16]	Time 4.088 (4.088)	Data 4.004 (4.004)	Class 6.4097 (6.0000)	Prec@1 0.000 (0.000)	Prec@5 0.000 (0.000)
Test: [10/16]	Time 0.082 (0.745)	Data 0.000 (0.659)	Class 7.9393 (6.0000)	Prec@1 0.000 (0.000)	Prec@5 0.000 (0.000)
 * Prec@1 0.000	Prec@5 0.000
--- validation in 23.6996488571167 seconds ---
Evaluate fast-swa-3 at epoch 4
Updating SWA. Current num_params = 2
Test: [0/16]	Time 3.589 (3.589)	Data 3.505 (3.505)	Class 6.5995 (6.0000)	Prec@1 0.000 (0.000)	Prec@5 0.000 (0.000)
Test: [10/16]	Time 0.747 (0.814)	Data 0.665 (0.728)	Class 7.3157 (6.0000)	Prec@1 0.000 (0.000)	Prec@5 0.000 (0.000)
 * Prec@1 0.000	Prec@5 0.000
Epoch: [4][0/52]	Time 4.605 (4.605)	Data 4.259 (4.259)	Class 6.5861 (6.5861)	Cons 0.0001 (0.0001)	Prec@1 0.000 (0.000)	Prec@5 0.000 (0.000)
Epoch: [4][10/52]	Time 0.351 (1.719)	Data 0.000 (1.374)	Class 6.6456 (6.6172)	Cons 0.0001 (0.0001)	Prec@1 0.000 (0.000)	Prec@5 0.000 (0.000)
Epoch: [4][20/52]	Time 0.349 (1.527)	Data 0.000 (1.180)	Class 6.6871 (6.6318)	Cons 0.0001 (0.0001)	Prec@1 0.000 (0.000)	Prec@5 0.000 (0.000)
Epoch: [4][30/52]	Time 3.418 (1.533)	Data 3.066 (1.186)	Class 6.6373 (6.6353)	Cons 0.0001 (0.0001)	Prec@1 0.000 (0.000)	Prec@5 0.000 (0.000)
Epoch: [4][40/52]	Time 0.346 (1.414)	Data 0.000 (1.068)	Class 6.6593 (6.6481)	Cons 0.0001 (0.0001)	Prec@1 0.000 (0.000)	Prec@5 0.000 (0.000)
Epoch: [4][50/52]	Time 1.022 (1.359)	Data 0.680 (1.013)	Class 6.5864 (6.6499)	Cons 0.0001 (0.0001)	Prec@1 0.000 (0.000)	Prec@5 0.000 (0.000)
--- training epoch in 71.7681655883789 seconds ---
Evaluating the primary model:
Test: [0/16]	Time 3.873 (3.873)	Data 3.790 (3.790)	Class 6.4418 (6.0000)	Prec@1 0.000 (0.000)	Prec@5 0.000 (0.000)
Test: [10/16]	Time 0.495 (0.714)	Data 0.412 (0.627)	Class 7.8965 (6.0000)	Prec@1 0.000 (0.000)	Prec@5 0.000 (0.000)
 * Prec@1 0.000	Prec@5 0.000
Evaluating the EMA model:
Test: [0/16]	Time 3.228 (3.228)	Data 3.122 (3.122)	Class 6.3882 (6.0000)	Prec@1 0.000 (0.000)	Prec@5 0.000 (0.000)
Test: [10/16]	Time 0.084 (0.621)	Data 0.000 (0.530)	Class 7.9615 (6.0000)	Prec@1 0.000 (0.000)	Prec@5 0.000 (0.000)
 * Prec@1 0.000	Prec@5 0.000
--- validation in 21.016209363937378 seconds ---
Epoch: [5][0/52]	Time 4.577 (4.577)	Data 4.215 (4.215)	Class 6.5838 (6.5838)	Cons 0.0001 (0.0001)	Prec@1 0.000 (0.000)	Prec@5 0.000 (0.000)
Epoch: [5][10/52]	Time 0.877 (1.600)	Data 0.535 (1.252)	Class 6.6514 (6.5963)	Cons 0.0001 (0.0001)	Prec@1 0.000 (0.000)	Prec@5 0.000 (0.000)
Epoch: [5][20/52]	Time 0.345 (1.455)	Data 0.000 (1.108)	Class 6.5968 (6.5975)	Cons 0.0001 (0.0001)	Prec@1 0.000 (0.000)	Prec@5 0.000 (0.000)
Epoch: [5][30/52]	Time 2.404 (1.467)	Data 2.060 (1.121)	Class 6.6175 (6.6073)	Cons 0.0001 (0.0001)	Prec@1 0.000 (0.000)	Prec@5 0.000 (0.000)
Epoch: [5][40/52]	Time 2.359 (1.439)	Data 2.017 (1.092)	Class 6.6543 (6.6143)	Cons 0.0001 (0.0001)	Prec@1 0.000 (0.000)	Prec@5 0.000 (0.000)
Epoch: [5][50/52]	Time 0.346 (1.389)	Data 0.000 (1.043)	Class 6.6328 (6.6222)	Cons 0.0001 (0.0001)	Prec@1 0.000 (0.000)	Prec@5 0.000 (0.000)
--- training epoch in 73.36604285240173 seconds ---
Evaluating the primary model:
Test: [0/16]	Time 4.543 (4.543)	Data 4.454 (4.454)	Class 6.3739 (6.0000)	Prec@1 0.000 (0.000)	Prec@5 0.000 (0.000)
Test: [10/16]	Time 0.082 (0.775)	Data 0.000 (0.689)	Class 8.0254 (6.0000)	Prec@1 0.000 (0.000)	Prec@5 0.000 (0.000)
 * Prec@1 0.000	Prec@5 0.000
Evaluating the EMA model:
Test: [0/16]	Time 3.738 (3.738)	Data 3.654 (3.654)	Class 6.3732 (6.0000)	Prec@1 0.000 (0.000)	Prec@5 0.000 (0.000)
Test: [10/16]	Time 0.083 (0.754)	Data 0.000 (0.670)	Class 7.9658 (6.0000)	Prec@1 0.000 (0.000)	Prec@5 0.000 (0.000)
 * Prec@1 0.000	Prec@5 0.000
--- validation in 24.69088315963745 seconds ---
--- checkpoint saved to /scratch/ijh216/ssl//ssl_mt_shake_short/2019-05-01_15-43-05/10/transient/checkpoint.6.ckpt ---
Epoch: [6][0/52]	Time 4.599 (4.599)	Data 4.250 (4.250)	Class 6.4986 (6.4986)	Cons 0.0001 (0.0001)	Prec@1 0.000 (0.000)	Prec@5 0.000 (0.000)
Epoch: [6][10/52]	Time 0.347 (1.566)	Data 0.000 (1.218)	Class 6.5736 (6.5625)	Cons 0.0001 (0.0001)	Prec@1 0.000 (0.000)	Prec@5 0.000 (0.000)
Epoch: [6][20/52]	Time 0.356 (1.420)	Data 0.000 (1.072)	Class 6.5297 (6.5544)	Cons 0.0001 (0.0001)	Prec@1 0.000 (0.000)	Prec@5 0.000 (0.000)
Epoch: [6][30/52]	Time 3.198 (1.453)	Data 2.850 (1.105)	Class 6.5842 (6.5717)	Cons 0.0001 (0.0001)	Prec@1 0.000 (0.000)	Prec@5 0.000 (0.000)
Epoch: [6][40/52]	Time 0.347 (1.409)	Data 0.000 (1.062)	Class 6.6352 (6.5807)	Cons 0.0001 (0.0001)	Prec@1 0.000 (0.000)	Prec@5 0.000 (0.000)
Epoch: [6][50/52]	Time 0.345 (1.403)	Data 0.000 (1.056)	Class 6.6457 (6.5887)	Cons 0.0001 (0.0001)	Prec@1 0.000 (0.000)	Prec@5 0.000 (0.000)
--- training epoch in 74.7043194770813 seconds ---
Evaluating the primary model:
Test: [0/16]	Time 4.295 (4.295)	Data 4.199 (4.199)	Class 6.3801 (6.0000)	Prec@1 0.000 (0.000)	Prec@5 0.000 (0.000)
Test: [10/16]	Time 0.082 (0.702)	Data 0.000 (0.616)	Class 8.0739 (6.0000)	Prec@1 0.000 (0.000)	Prec@5 0.000 (0.000)
 * Prec@1 0.000	Prec@5 0.000
Evaluating the EMA model:
Test: [0/16]	Time 3.077 (3.077)	Data 2.959 (2.959)	Class 6.3712 (6.0000)	Prec@1 0.000 (0.000)	Prec@5 0.000 (0.000)
Test: [10/16]	Time 0.084 (0.573)	Data 0.000 (0.483)	Class 7.9730 (6.0000)	Prec@1 0.000 (0.000)	Prec@5 0.000 (0.000)
 * Prec@1 0.000	Prec@5 0.000
--- validation in 20.473669290542603 seconds ---
Evaluate fast-swa-3 at epoch 7
Updating SWA. Current num_params = 3
Test: [0/16]	Time 4.193 (4.193)	Data 4.109 (4.109)	Class 6.5085 (6.0000)	Prec@1 0.000 (0.000)	Prec@5 0.000 (0.000)
Test: [10/16]	Time 0.243 (0.740)	Data 0.161 (0.654)	Class 7.4771 (6.0000)	Prec@1 0.000 (0.000)	Prec@5 0.000 (0.000)
 * Prec@1 0.000	Prec@5 0.000
Epoch: [7][0/52]	Time 4.876 (4.876)	Data 4.532 (4.532)	Class 6.5564 (6.5564)	Cons 0.0001 (0.0001)	Prec@1 0.000 (0.000)	Prec@5 0.000 (0.000)
Epoch: [7][10/52]	Time 0.345 (1.640)	Data 0.000 (1.293)	Class 6.5666 (6.5382)	Cons 0.0001 (0.0001)	Prec@1 0.000 (0.000)	Prec@5 0.000 (0.000)
Epoch: [7][20/52]	Time 0.457 (1.483)	Data 0.104 (1.137)	Class 6.4887 (6.5267)	Cons 0.0001 (0.0001)	Prec@1 0.000 (0.000)	Prec@5 0.000 (0.000)
Epoch: [7][30/52]	Time 2.241 (1.499)	Data 1.898 (1.153)	Class 6.5876 (6.5402)	Cons 0.0001 (0.0001)	Prec@1 0.000 (0.000)	Prec@5 0.000 (0.000)
Epoch: [7][40/52]	Time 1.457 (1.452)	Data 1.112 (1.106)	Class 6.6360 (6.5460)	Cons 0.0001 (0.0001)	Prec@1 0.000 (0.000)	Prec@5 0.000 (0.000)
Epoch: [7][50/52]	Time 0.345 (1.422)	Data 0.000 (1.076)	Class 6.5987 (6.5494)	Cons 0.0001 (0.0001)	Prec@1 0.000 (0.000)	Prec@5 0.000 (0.000)
--- training epoch in 74.58911752700806 seconds ---
Evaluating the primary model:
Test: [0/16]	Time 3.704 (3.704)	Data 3.615 (3.615)	Class 6.3579 (6.0000)	Prec@1 0.000 (0.000)	Prec@5 0.000 (0.000)
Test: [10/16]	Time 0.083 (0.689)	Data 0.000 (0.601)	Class 7.9968 (6.0000)	Prec@1 0.000 (0.000)	Prec@5 0.000 (0.000)
 * Prec@1 0.000	Prec@5 0.000
Evaluating the EMA model:
Test: [0/16]	Time 3.257 (3.257)	Data 3.173 (3.173)	Class 6.3748 (6.0000)	Prec@1 0.000 (0.000)	Prec@5 0.000 (0.000)
Test: [10/16]	Time 0.090 (0.563)	Data 0.000 (0.472)	Class 7.9837 (6.0000)	Prec@1 0.000 (0.000)	Prec@5 0.000 (0.000)
 * Prec@1 0.000	Prec@5 0.000
--- validation in 19.401731252670288 seconds ---
Epoch: [8][0/52]	Time 4.282 (4.282)	Data 3.920 (3.920)	Class 6.4340 (6.4340)	Cons 0.0001 (0.0001)	Prec@1 0.000 (0.000)	Prec@5 0.000 (0.000)
Epoch: [8][10/52]	Time 0.351 (1.575)	Data 0.009 (1.228)	Class 6.4595 (6.4698)	Cons 0.0001 (0.0001)	Prec@1 0.000 (0.000)	Prec@5 0.000 (0.000)
Epoch: [8][20/52]	Time 0.354 (1.412)	Data 0.000 (1.063)	Class 6.4617 (6.4930)	Cons 0.0001 (0.0001)	Prec@1 0.000 (0.000)	Prec@5 0.000 (0.000)
Epoch: [8][30/52]	Time 2.821 (1.437)	Data 2.474 (1.089)	Class 6.5399 (6.4943)	Cons 0.0001 (0.0001)	Prec@1 0.000 (0.000)	Prec@5 0.000 (0.000)
Epoch: [8][40/52]	Time 0.973 (1.393)	Data 0.631 (1.045)	Class 6.5578 (6.5020)	Cons 0.0001 (0.0001)	Prec@1 0.000 (0.000)	Prec@5 0.000 (0.000)
Epoch: [8][50/52]	Time 0.346 (1.323)	Data 0.000 (0.976)	Class 6.5760 (6.5015)	Cons 0.0001 (0.0001)	Prec@1 0.000 (0.000)	Prec@5 0.000 (0.000)
--- training epoch in 70.50165104866028 seconds ---
Evaluating the primary model:
Test: [0/16]	Time 3.774 (3.774)	Data 3.681 (3.681)	Class 6.3436 (6.0000)	Prec@1 0.000 (0.000)	Prec@5 0.000 (0.000)
Test: [10/16]	Time 0.504 (0.729)	Data 0.421 (0.639)	Class 7.9797 (6.0000)	Prec@1 0.000 (0.000)	Prec@5 0.000 (0.000)
 * Prec@1 0.000	Prec@5 0.000
Evaluating the EMA model:
Test: [0/16]	Time 3.002 (3.002)	Data 2.914 (2.914)	Class 6.3445 (6.0000)	Prec@1 0.000 (0.000)	Prec@5 0.000 (0.000)
Test: [10/16]	Time 0.089 (0.594)	Data 0.000 (0.502)	Class 7.9956 (6.0000)	Prec@1 0.000 (0.000)	Prec@5 0.000 (0.000)
 * Prec@1 0.000	Prec@5 0.000
--- validation in 19.50739598274231 seconds ---
--- checkpoint saved to /scratch/ijh216/ssl//ssl_mt_shake_short/2019-05-01_15-43-05/10/transient/checkpoint.9.ckpt ---
Epoch: [9][0/52]	Time 4.659 (4.659)	Data 4.314 (4.314)	Class 6.4414 (6.4414)	Cons 0.0001 (0.0001)	Prec@1 0.000 (0.000)	Prec@5 0.000 (0.000)
Epoch: [9][10/52]	Time 0.344 (1.551)	Data 0.000 (1.202)	Class 6.3889 (6.4707)	Cons 0.0001 (0.0001)	Prec@1 0.000 (0.000)	Prec@5 0.000 (0.000)
Epoch: [9][20/52]	Time 0.345 (1.431)	Data 0.000 (1.084)	Class 6.4496 (6.4703)	Cons 0.0001 (0.0001)	Prec@1 0.000 (0.000)	Prec@5 0.000 (0.000)
Epoch: [9][30/52]	Time 2.809 (1.456)	Data 2.453 (1.108)	Class 6.4387 (6.4856)	Cons 0.0001 (0.0001)	Prec@1 0.000 (0.000)	Prec@5 0.000 (0.000)
Epoch: [9][40/52]	Time 0.345 (1.372)	Data 0.000 (1.025)	Class 6.4541 (6.4874)	Cons 0.0001 (0.0001)	Prec@1 0.000 (0.000)	Prec@5 0.000 (0.000)
Epoch: [9][50/52]	Time 0.345 (1.361)	Data 0.000 (1.013)	Class 6.5326 (6.4901)	Cons 0.0001 (0.0001)	Prec@1 0.000 (0.000)	Prec@5 0.000 (0.000)
--- training epoch in 73.76584649085999 seconds ---
Evaluating the primary model:
Test: [0/16]	Time 3.795 (3.795)	Data 3.706 (3.706)	Class 6.2866 (6.0000)	Prec@1 0.000 (0.000)	Prec@5 0.000 (0.000)
Test: [10/16]	Time 0.082 (0.701)	Data 0.000 (0.615)	Class 7.9659 (6.0000)	Prec@1 0.000 (0.000)	Prec@5 0.000 (0.000)
 * Prec@1 0.000	Prec@5 0.000
Evaluating the EMA model:
Test: [0/16]	Time 3.148 (3.148)	Data 3.064 (3.064)	Class 6.3138 (6.0000)	Prec@1 0.000 (0.000)	Prec@5 0.000 (0.000)
Test: [10/16]	Time 0.621 (0.679)	Data 0.539 (0.590)	Class 7.9831 (6.0000)	Prec@1 0.000 (0.000)	Prec@5 0.000 (0.000)
 * Prec@1 0.000	Prec@5 0.000
--- validation in 20.66590905189514 seconds ---
--- checkpoint saved to /scratch/ijh216/ssl//ssl_mt_shake_short/2019-05-01_15-43-05/10/transient/checkpoint.10.ckpt ---
Updating SWA. Current num_params = 1
Loading State Dict
SWA Model Updated!
Evaluating the SWA model:
Test: [0/16]	Time 3.515 (3.515)	Data 3.429 (3.429)	Class 6.2944 (6.0000)	Prec@1 0.000 (0.000)	Prec@5 0.000 (0.000)
Test: [10/16]	Time 0.083 (0.793)	Data 0.000 (0.705)	Class 7.9491 (6.0000)	Prec@1 0.000 (0.000)	Prec@5 0.000 (0.000)
 * Prec@1 0.000	Prec@5 0.000
Evaluate fast-swa-3 at epoch 10
Updating SWA. Current num_params = 4
Test: [0/16]	Time 3.393 (3.393)	Data 3.295 (3.295)	Class 6.4429 (6.0000)	Prec@1 0.000 (0.000)	Prec@5 0.000 (0.000)
Test: [10/16]	Time 0.086 (0.653)	Data 0.000 (0.565)	Class 7.5672 (6.0000)	Prec@1 0.000 (0.000)	Prec@5 0.000 (0.000)
 * Prec@1 0.000	Prec@5 0.000
Epoch: [10][0/52]	Time 4.056 (4.056)	Data 3.711 (3.711)	Class 6.4840 (6.4840)	Cons 0.0001 (0.0001)	Prec@1 0.000 (0.000)	Prec@5 0.000 (0.000)
Epoch: [10][10/52]	Time 0.345 (1.592)	Data 0.000 (1.245)	Class 6.5300 (6.4658)	Cons 0.0001 (0.0001)	Prec@1 0.000 (0.000)	Prec@5 0.000 (0.000)
Epoch: [10][20/52]	Time 0.348 (1.415)	Data 0.000 (1.068)	Class 6.5196 (6.4869)	Cons 0.0001 (0.0001)	Prec@1 0.000 (0.000)	Prec@5 0.000 (0.000)
Epoch: [10][30/52]	Time 2.807 (1.427)	Data 2.448 (1.079)	Class 6.5823 (6.5254)	Cons 0.0001 (0.0001)	Prec@1 0.000 (0.000)	Prec@5 0.000 (0.000)
Epoch: [10][40/52]	Time 0.473 (1.409)	Data 0.131 (1.062)	Class 6.5530 (6.5419)	Cons 0.0001 (0.0001)	Prec@1 0.000 (0.000)	Prec@5 0.000 (0.000)
Epoch: [10][50/52]	Time 0.345 (1.390)	Data 0.000 (1.044)	Class 6.5751 (6.5547)	Cons 0.0001 (0.0001)	Prec@1 0.000 (0.000)	Prec@5 0.000 (0.000)
--- training epoch in 73.3676586151123 seconds ---
Evaluating the primary model:
Test: [0/16]	Time 3.703 (3.703)	Data 3.615 (3.615)	Class 6.3672 (6.0000)	Prec@1 0.000 (0.000)	Prec@5 0.000 (0.000)
Test: [10/16]	Time 0.292 (0.702)	Data 0.209 (0.616)	Class 7.8405 (6.0000)	Prec@1 0.000 (0.000)	Prec@5 0.000 (0.000)
 * Prec@1 0.000	Prec@5 0.000
Evaluating the EMA model:
Test: [0/16]	Time 3.099 (3.099)	Data 3.009 (3.009)	Class 6.3068 (6.0000)	Prec@1 0.000 (0.000)	Prec@5 0.000 (0.000)
Test: [10/16]	Time 0.890 (0.655)	Data 0.807 (0.568)	Class 7.8740 (6.0000)	Prec@1 0.000 (0.000)	Prec@5 0.000 (0.000)
 * Prec@1 0.000	Prec@5 0.000
--- validation in 20.783278465270996 seconds ---
Epoch: [11][0/52]	Time 4.591 (4.591)	Data 4.238 (4.238)	Class 6.4891 (6.4891)	Cons 0.0001 (0.0001)	Prec@1 0.000 (0.000)	Prec@5 0.000 (0.000)
Epoch: [11][10/52]	Time 0.377 (1.555)	Data 0.000 (1.203)	Class 6.5080 (6.5377)	Cons 0.0001 (0.0001)	Prec@1 0.000 (0.000)	Prec@5 0.000 (0.000)
Epoch: [11][20/52]	Time 0.345 (1.455)	Data 0.000 (1.106)	Class 6.5096 (6.5307)	Cons 0.0001 (0.0001)	Prec@1 0.000 (0.000)	Prec@5 0.000 (0.000)
Epoch: [11][30/52]	Time 2.618 (1.466)	Data 2.267 (1.118)	Class 6.5421 (6.5365)	Cons 0.0001 (0.0001)	Prec@1 0.000 (0.000)	Prec@5 0.000 (0.000)
Epoch: [11][40/52]	Time 1.239 (1.413)	Data 0.891 (1.065)	Class 6.6354 (6.5484)	Cons 0.0001 (0.0001)	Prec@1 0.000 (0.000)	Prec@5 0.000 (0.000)
Epoch: [11][50/52]	Time 0.348 (1.357)	Data 0.000 (1.009)	Class 6.5534 (6.5584)	Cons 0.0001 (0.0001)	Prec@1 0.000 (0.000)	Prec@5 0.000 (0.000)
--- training epoch in 71.85902571678162 seconds ---
Evaluating the primary model:
Test: [0/16]	Time 3.190 (3.190)	Data 3.099 (3.099)	Class 6.3529 (6.0000)	Prec@1 0.000 (0.000)	Prec@5 0.000 (0.000)
Test: [10/16]	Time 0.082 (0.647)	Data 0.000 (0.560)	Class 7.8812 (6.0000)	Prec@1 0.000 (0.000)	Prec@5 0.000 (0.000)
 * Prec@1 0.000	Prec@5 0.000
Evaluating the EMA model:
Test: [0/16]	Time 2.918 (2.918)	Data 2.833 (2.833)	Class 6.3079 (6.0000)	Prec@1 0.000 (0.000)	Prec@5 0.000 (0.000)
Test: [10/16]	Time 0.082 (0.547)	Data 0.000 (0.456)	Class 7.8894 (6.0000)	Prec@1 0.000 (0.000)	Prec@5 0.000 (0.000)
 * Prec@1 0.000	Prec@5 0.000
--- validation in 18.01250123977661 seconds ---
--- checkpoint saved to /scratch/ijh216/ssl//ssl_mt_shake_short/2019-05-01_15-43-05/10/transient/checkpoint.12.ckpt ---
Epoch: [12][0/52]	Time 4.046 (4.046)	Data 3.701 (3.701)	Class 6.5017 (6.5017)	Cons 0.0001 (0.0001)	Prec@1 0.000 (0.000)	Prec@5 0.000 (0.000)
Epoch: [12][10/52]	Time 0.346 (1.398)	Data 0.000 (1.051)	Class 6.4560 (6.4856)	Cons 0.0001 (0.0001)	Prec@1 0.000 (0.000)	Prec@5 0.000 (0.000)
Epoch: [12][20/52]	Time 0.345 (1.303)	Data 0.000 (0.957)	Class 6.4955 (6.4994)	Cons 0.0001 (0.0001)	Prec@1 0.000 (0.000)	Prec@5 0.000 (0.000)
Epoch: [12][30/52]	Time 3.424 (1.350)	Data 3.078 (1.003)	Class 6.5486 (6.5212)	Cons 0.0001 (0.0001)	Prec@1 0.000 (0.000)	Prec@5 0.000 (0.000)
Epoch: [12][40/52]	Time 0.346 (1.333)	Data 0.000 (0.986)	Class 6.6532 (6.5433)	Cons 0.0001 (0.0001)	Prec@1 0.000 (0.000)	Prec@5 0.000 (0.000)
Epoch: [12][50/52]	Time 0.347 (1.316)	Data 0.000 (0.968)	Class 6.6511 (6.5550)	Cons 0.0001 (0.0001)	Prec@1 0.000 (0.000)	Prec@5 0.000 (0.000)
--- training epoch in 71.24571180343628 seconds ---
Evaluating the primary model:
Test: [0/16]	Time 3.410 (3.410)	Data 3.326 (3.326)	Class 6.3477 (6.0000)	Prec@1 0.000 (0.000)	Prec@5 0.000 (0.000)
Test: [10/16]	Time 0.082 (0.726)	Data 0.000 (0.636)	Class 7.8007 (6.0000)	Prec@1 0.000 (0.000)	Prec@5 0.000 (0.000)
 * Prec@1 0.000	Prec@5 0.000
Evaluating the EMA model:
Test: [0/16]	Time 3.273 (3.273)	Data 3.186 (3.186)	Class 6.3207 (6.0000)	Prec@1 0.000 (0.000)	Prec@5 0.000 (0.000)
Test: [10/16]	Time 0.160 (0.662)	Data 0.077 (0.575)	Class 7.8594 (6.0000)	Prec@1 0.000 (0.000)	Prec@5 0.000 (0.000)
 * Prec@1 0.000	Prec@5 0.000
--- validation in 22.4241144657135 seconds ---
Evaluate fast-swa-3 at epoch 13
Updating SWA. Current num_params = 5
Test: [0/16]	Time 3.337 (3.337)	Data 3.247 (3.247)	Class 6.4115 (6.0000)	Prec@1 0.000 (0.000)	Prec@5 0.000 (0.000)
Test: [10/16]	Time 0.083 (0.719)	Data 0.000 (0.634)	Class 7.5927 (6.0000)	Prec@1 0.000 (0.000)	Prec@5 0.000 (0.000)
 * Prec@1 0.000	Prec@5 0.000
Epoch: [13][0/52]	Time 4.046 (4.046)	Data 3.693 (3.693)	Class 6.4330 (6.4330)	Cons 0.0001 (0.0001)	Prec@1 0.000 (0.000)	Prec@5 0.000 (0.000)
Epoch: [13][10/52]	Time 0.611 (1.560)	Data 0.267 (1.212)	Class 6.4082 (6.4801)	Cons 0.0001 (0.0001)	Prec@1 0.000 (0.000)	Prec@5 0.000 (0.000)
Epoch: [13][20/52]	Time 0.345 (1.424)	Data 0.000 (1.077)	Class 6.5535 (6.4844)	Cons 0.0001 (0.0001)	Prec@1 0.000 (0.000)	Prec@5 0.000 (0.000)
Epoch: [13][30/52]	Time 3.337 (1.479)	Data 2.994 (1.133)	Class 6.4975 (6.5012)	Cons 0.0001 (0.0001)	Prec@1 0.000 (0.000)	Prec@5 0.000 (0.000)
Epoch: [13][40/52]	Time 0.347 (1.434)	Data 0.000 (1.087)	Class 6.5893 (6.5211)	Cons 0.0001 (0.0001)	Prec@1 0.000 (0.000)	Prec@5 0.000 (0.000)
Epoch: [13][50/52]	Time 0.345 (1.399)	Data 0.000 (1.052)	Class 6.5363 (6.5212)	Cons 0.0001 (0.0001)	Prec@1 0.000 (0.000)	Prec@5 0.000 (0.000)
--- training epoch in 74.81090331077576 seconds ---
Evaluating the primary model:
Test: [0/16]	Time 3.428 (3.428)	Data 3.344 (3.344)	Class 6.2943 (6.0000)	Prec@1 0.000 (0.000)	Prec@5 0.000 (0.000)
Test: [10/16]	Time 0.082 (0.693)	Data 0.000 (0.605)	Class 7.8189 (6.0000)	Prec@1 0.000 (0.000)	Prec@5 0.000 (0.000)
 * Prec@1 0.000	Prec@5 0.000
Evaluating the EMA model:
Test: [0/16]	Time 3.210 (3.210)	Data 3.125 (3.125)	Class 6.2878 (6.0000)	Prec@1 0.000 (0.000)	Prec@5 0.000 (0.000)
Test: [10/16]	Time 0.085 (0.601)	Data 0.000 (0.513)	Class 7.8661 (6.0000)	Prec@1 0.000 (0.000)	Prec@5 0.000 (0.000)
 * Prec@1 0.000	Prec@5 0.000
--- validation in 19.90277075767517 seconds ---
Epoch: [14][0/52]	Time 4.679 (4.679)	Data 4.324 (4.324)	Class 6.4864 (6.4864)	Cons 0.0001 (0.0001)	Prec@1 0.000 (0.000)	Prec@5 0.000 (0.000)
Epoch: [14][10/52]	Time 0.345 (1.583)	Data 0.000 (1.236)	Class 6.3925 (6.4720)	Cons 0.0001 (0.0001)	Prec@1 0.000 (0.000)	Prec@5 0.000 (0.000)
Epoch: [14][20/52]	Time 0.346 (1.434)	Data 0.000 (1.088)	Class 6.5448 (6.4811)	Cons 0.0001 (0.0001)	Prec@1 0.000 (0.000)	Prec@5 0.000 (0.000)
Epoch: [14][30/52]	Time 1.932 (1.446)	Data 1.590 (1.100)	Class 6.5678 (6.4904)	Cons 0.0001 (0.0001)	Prec@1 0.000 (0.000)	Prec@5 0.000 (0.000)
Epoch: [14][40/52]	Time 2.558 (1.423)	Data 2.215 (1.077)	Class 6.5221 (6.5017)	Cons 0.0001 (0.0001)	Prec@1 0.000 (0.000)	Prec@5 0.000 (0.000)
Epoch: [14][50/52]	Time 0.345 (1.382)	Data 0.000 (1.035)	Class 6.5456 (6.5129)	Cons 0.0001 (0.0001)	Prec@1 0.000 (0.000)	Prec@5 0.000 (0.000)
--- training epoch in 72.48769426345825 seconds ---
Evaluating the primary model:
Test: [0/16]	Time 3.592 (3.592)	Data 3.486 (3.486)	Class 6.2589 (6.0000)	Prec@1 0.000 (0.000)	Prec@5 0.000 (0.000)
Test: [10/16]	Time 0.406 (0.705)	Data 0.321 (0.617)	Class 7.9581 (6.0000)	Prec@1 0.000 (0.000)	Prec@5 0.000 (0.000)
 * Prec@1 0.000	Prec@5 0.000
Evaluating the EMA model:
Test: [0/16]	Time 2.515 (2.515)	Data 2.423 (2.423)	Class 6.2551 (6.0000)	Prec@1 0.000 (0.000)	Prec@5 0.000 (0.000)
Test: [10/16]	Time 0.091 (0.536)	Data 0.000 (0.449)	Class 7.8735 (6.0000)	Prec@1 0.000 (0.000)	Prec@5 0.000 (0.000)
 * Prec@1 0.000	Prec@5 0.000
--- validation in 19.08828592300415 seconds ---
--- checkpoint saved to /scratch/ijh216/ssl//ssl_mt_shake_short/2019-05-01_15-43-05/10/transient/checkpoint.15.ckpt ---
Epoch: [15][0/52]	Time 4.847 (4.847)	Data 4.499 (4.499)	Class 6.4398 (6.4398)	Cons 0.0001 (0.0001)	Prec@1 0.000 (0.000)	Prec@5 0.000 (0.000)
Epoch: [15][10/52]	Time 0.345 (1.593)	Data 0.000 (1.245)	Class 6.5394 (6.4887)	Cons 0.0001 (0.0001)	Prec@1 0.000 (0.000)	Prec@5 0.000 (0.000)
Epoch: [15][20/52]	Time 0.355 (1.441)	Data 0.000 (1.093)	Class 6.5552 (6.4809)	Cons 0.0001 (0.0001)	Prec@1 0.000 (0.000)	Prec@5 0.000 (0.000)
Epoch: [15][30/52]	Time 3.902 (1.515)	Data 3.553 (1.167)	Class 6.4951 (6.4804)	Cons 0.0001 (0.0001)	Prec@1 0.000 (0.000)	Prec@5 0.000 (0.000)
Epoch: [15][40/52]	Time 0.360 (1.448)	Data 0.000 (1.100)	Class 6.5625 (6.5003)	Cons 0.0001 (0.0001)	Prec@1 0.000 (0.000)	Prec@5 0.000 (0.000)
Epoch: [15][50/52]	Time 0.345 (1.407)	Data 0.000 (1.060)	Class 6.5364 (6.5083)	Cons 0.0001 (0.0001)	Prec@1 0.000 (0.000)	Prec@5 0.000 (0.000)
--- training epoch in 74.94717931747437 seconds ---
Evaluating the primary model:
Test: [0/16]	Time 3.867 (3.867)	Data 3.774 (3.774)	Class 6.3399 (6.0000)	Prec@1 0.000 (0.000)	Prec@5 0.000 (0.000)
Test: [10/16]	Time 0.104 (0.712)	Data 0.000 (0.621)	Class 7.9018 (6.0000)	Prec@1 0.000 (0.000)	Prec@5 0.000 (0.000)
 * Prec@1 0.000	Prec@5 0.000
Evaluating the EMA model:
Test: [0/16]	Time 2.962 (2.962)	Data 2.845 (2.845)	Class 6.2877 (6.0000)	Prec@1 0.000 (0.000)	Prec@5 0.000 (0.000)
Test: [10/16]	Time 0.082 (0.625)	Data 0.000 (0.538)	Class 7.8238 (6.0000)	Prec@1 0.000 (0.000)	Prec@5 0.000 (0.000)
 * Prec@1 0.000	Prec@5 0.000
--- validation in 20.74422788619995 seconds ---
Evaluate fast-swa-3 at epoch 16
Updating SWA. Current num_params = 6
Test: [0/16]	Time 3.985 (3.985)	Data 3.879 (3.879)	Class 6.3782 (6.0000)	Prec@1 0.000 (0.000)	Prec@5 0.000 (0.000)
Test: [10/16]	Time 0.096 (0.639)	Data 0.000 (0.544)	Class 7.6336 (6.0000)	Prec@1 0.000 (0.000)	Prec@5 0.000 (0.000)
 * Prec@1 0.000	Prec@5 0.000
Epoch: [16][0/52]	Time 3.972 (3.972)	Data 3.615 (3.615)	Class 6.3623 (6.3623)	Cons 0.0001 (0.0001)	Prec@1 0.000 (0.000)	Prec@5 0.000 (0.000)
Epoch: [16][10/52]	Time 0.345 (1.527)	Data 0.000 (1.181)	Class 6.4128 (6.4034)	Cons 0.0001 (0.0001)	Prec@1 0.000 (0.000)	Prec@5 0.000 (0.000)
Epoch: [16][20/52]	Time 0.348 (1.368)	Data 0.000 (1.021)	Class 6.4775 (6.4357)	Cons 0.0001 (0.0001)	Prec@1 0.000 (0.000)	Prec@5 0.000 (0.000)
Epoch: [16][30/52]	Time 2.862 (1.398)	Data 2.512 (1.053)	Class 6.5095 (6.4584)	Cons 0.0001 (0.0001)	Prec@1 0.000 (0.000)	Prec@5 0.000 (0.000)
Epoch: [16][40/52]	Time 0.463 (1.363)	Data 0.120 (1.017)	Class 6.6019 (6.4731)	Cons 0.0001 (0.0001)	Prec@1 0.000 (0.000)	Prec@5 0.000 (0.000)
Epoch: [16][50/52]	Time 0.346 (1.341)	Data 0.000 (0.995)	Class 6.5691 (6.4823)	Cons 0.0001 (0.0001)	Prec@1 0.000 (0.000)	Prec@5 0.000 (0.000)
--- training epoch in 72.74851703643799 seconds ---
Evaluating the primary model:
Test: [0/16]	Time 3.720 (3.720)	Data 3.631 (3.631)	Class 6.3369 (6.0000)	Prec@1 0.000 (0.000)	Prec@5 0.000 (0.000)
Test: [10/16]	Time 0.084 (0.738)	Data 0.000 (0.652)	Class 7.6728 (6.0000)	Prec@1 0.000 (0.000)	Prec@5 0.000 (0.000)
 * Prec@1 0.000	Prec@5 0.000
Evaluating the EMA model:
Test: [0/16]	Time 2.897 (2.897)	Data 2.813 (2.813)	Class 6.2819 (6.0000)	Prec@1 0.000 (0.000)	Prec@5 0.000 (0.000)
Test: [10/16]	Time 0.083 (0.598)	Data 0.000 (0.515)	Class 7.7486 (6.0000)	Prec@1 0.000 (0.000)	Prec@5 0.000 (0.000)
 * Prec@1 0.000	Prec@5 0.000
--- validation in 20.916937589645386 seconds ---
Epoch: [17][0/52]	Time 4.497 (4.497)	Data 4.140 (4.140)	Class 6.4471 (6.4471)	Cons 0.0001 (0.0001)	Prec@1 0.000 (0.000)	Prec@5 0.000 (0.000)
Epoch: [17][10/52]	Time 0.589 (1.566)	Data 0.246 (1.217)	Class 6.5273 (6.4353)	Cons 0.0001 (0.0001)	Prec@1 0.000 (0.000)	Prec@5 0.000 (0.000)
Epoch: [17][20/52]	Time 0.345 (1.387)	Data 0.000 (1.039)	Class 6.4807 (6.4380)	Cons 0.0001 (0.0001)	Prec@1 0.000 (0.000)	Prec@5 0.000 (0.000)
Epoch: [17][30/52]	Time 2.997 (1.418)	Data 2.648 (1.070)	Class 6.5462 (6.4549)	Cons 0.0001 (0.0001)	Prec@1 0.000 (0.000)	Prec@5 0.000 (0.000)
Epoch: [17][40/52]	Time 0.345 (1.358)	Data 0.000 (1.010)	Class 6.5998 (6.4605)	Cons 0.0001 (0.0001)	Prec@1 0.000 (0.000)	Prec@5 0.000 (0.000)
Epoch: [17][50/52]	Time 0.352 (1.333)	Data 0.000 (0.985)	Class 6.5691 (6.4761)	Cons 0.0001 (0.0001)	Prec@1 0.000 (0.000)	Prec@5 0.000 (0.000)
--- training epoch in 71.28426551818848 seconds ---
Evaluating the primary model:
Test: [0/16]	Time 3.457 (3.457)	Data 3.361 (3.361)	Class 6.2902 (6.0000)	Prec@1 0.000 (0.000)	Prec@5 0.000 (0.000)
Test: [10/16]	Time 0.082 (0.686)	Data 0.000 (0.600)	Class 7.9696 (6.0000)	Prec@1 0.000 (0.000)	Prec@5 0.000 (0.000)
 * Prec@1 0.000	Prec@5 0.000
Evaluating the EMA model:
Test: [0/16]	Time 2.966 (2.966)	Data 2.875 (2.875)	Class 6.3004 (6.0000)	Prec@1 0.000 (0.000)	Prec@5 0.000 (0.000)
Test: [10/16]	Time 0.083 (0.582)	Data 0.000 (0.491)	Class 7.7292 (6.0000)	Prec@1 0.000 (0.000)	Prec@5 0.000 (0.000)
 * Prec@1 0.000	Prec@5 0.000
--- validation in 19.469417572021484 seconds ---
--- checkpoint saved to /scratch/ijh216/ssl//ssl_mt_shake_short/2019-05-01_15-43-05/10/transient/checkpoint.18.ckpt ---
Epoch: [18][0/52]	Time 4.317 (4.317)	Data 3.962 (3.962)	Class 6.3790 (6.3790)	Cons 0.0001 (0.0001)	Prec@1 0.000 (0.000)	Prec@5 0.000 (0.000)
Epoch: [18][10/52]	Time 0.349 (1.572)	Data 0.000 (1.224)	Class 6.4153 (6.3955)	Cons 0.0001 (0.0001)	Prec@1 0.000 (0.000)	Prec@5 0.000 (0.000)
Epoch: [18][20/52]	Time 0.345 (1.398)	Data 0.000 (1.051)	Class 6.4552 (6.4160)	Cons 0.0001 (0.0001)	Prec@1 0.000 (0.000)	Prec@5 0.000 (0.000)
Epoch: [18][30/52]	Time 2.372 (1.428)	Data 2.029 (1.082)	Class 6.4353 (6.4235)	Cons 0.0001 (0.0001)	Prec@1 0.000 (0.000)	Prec@5 0.000 (0.000)
Epoch: [18][40/52]	Time 0.873 (1.415)	Data 0.532 (1.069)	Class 6.4641 (6.4406)	Cons 0.0001 (0.0001)	Prec@1 0.000 (0.000)	Prec@5 0.000 (0.000)
Epoch: [18][50/52]	Time 0.727 (1.409)	Data 0.385 (1.063)	Class 6.5791 (6.4599)	Cons 0.0001 (0.0001)	Prec@1 0.000 (0.000)	Prec@5 0.000 (0.000)
--- training epoch in 73.19947409629822 seconds ---
Evaluating the primary model:
Test: [0/16]	Time 4.166 (4.166)	Data 4.083 (4.083)	Class 6.3268 (6.0000)	Prec@1 0.000 (0.000)	Prec@5 0.000 (0.000)
Test: [10/16]	Time 0.082 (0.765)	Data 0.000 (0.676)	Class 7.8648 (6.0000)	Prec@1 0.000 (0.000)	Prec@5 0.000 (0.000)
 * Prec@1 0.000	Prec@5 0.000
Evaluating the EMA model:
Test: [0/16]	Time 2.869 (2.869)	Data 2.785 (2.785)	Class 6.2973 (6.0000)	Prec@1 0.000 (0.000)	Prec@5 0.000 (0.000)
Test: [10/16]	Time 0.086 (0.671)	Data 0.001 (0.583)	Class 7.7548 (6.0000)	Prec@1 0.000 (0.000)	Prec@5 0.000 (0.000)
 * Prec@1 0.000	Prec@5 0.000
--- validation in 21.55768060684204 seconds ---
Evaluate fast-swa-3 at epoch 19
Updating SWA. Current num_params = 7
Test: [0/16]	Time 3.478 (3.478)	Data 3.395 (3.395)	Class 6.3581 (6.0000)	Prec@1 0.000 (0.000)	Prec@5 0.000 (0.000)
Test: [10/16]	Time 0.092 (0.692)	Data 0.000 (0.607)	Class 7.6354 (6.0000)	Prec@1 0.000 (0.000)	Prec@5 0.000 (0.000)
 * Prec@1 0.000	Prec@5 0.000
Epoch: [19][0/52]	Time 4.209 (4.209)	Data 3.858 (3.858)	Class 6.3803 (6.3803)	Cons 0.0001 (0.0001)	Prec@1 0.000 (0.000)	Prec@5 0.000 (0.000)
Epoch: [19][10/52]	Time 0.345 (1.613)	Data 0.000 (1.267)	Class 6.3933 (6.3954)	Cons 0.0001 (0.0001)	Prec@1 0.000 (0.000)	Prec@5 0.000 (0.000)
Epoch: [19][20/52]	Time 0.346 (1.407)	Data 0.000 (1.060)	Class 6.5138 (6.4168)	Cons 0.0001 (0.0001)	Prec@1 0.000 (0.000)	Prec@5 0.000 (0.000)
Epoch: [19][30/52]	Time 3.266 (1.442)	Data 2.921 (1.095)	Class 6.4325 (6.4223)	Cons 0.0001 (0.0001)	Prec@1 0.000 (0.000)	Prec@5 0.000 (0.000)
Epoch: [19][40/52]	Time 0.372 (1.398)	Data 0.029 (1.051)	Class 6.5238 (6.4339)	Cons 0.0001 (0.0001)	Prec@1 0.000 (0.000)	Prec@5 0.000 (0.000)
Epoch: [19][50/52]	Time 0.345 (1.340)	Data 0.000 (0.994)	Class 6.4905 (6.4424)	Cons 0.0001 (0.0001)	Prec@1 0.000 (0.000)	Prec@5 0.000 (0.000)
--- training epoch in 70.50161671638489 seconds ---
Evaluating the primary model:
Test: [0/16]	Time 3.339 (3.339)	Data 3.256 (3.256)	Class 6.3907 (6.0000)	Prec@1 0.000 (0.000)	Prec@5 0.000 (0.000)
Test: [10/16]	Time 0.084 (0.695)	Data 0.000 (0.611)	Class 7.4814 (6.0000)	Prec@1 0.000 (0.000)	Prec@5 0.000 (0.000)
 * Prec@1 0.000	Prec@5 0.000
Evaluating the EMA model:
Test: [0/16]	Time 3.328 (3.328)	Data 3.239 (3.239)	Class 6.3051 (6.0000)	Prec@1 0.000 (0.000)	Prec@5 0.000 (0.000)
Test: [10/16]	Time 0.084 (0.623)	Data 0.000 (0.535)	Class 7.6130 (6.0000)	Prec@1 0.000 (0.000)	Prec@5 0.000 (0.000)
 * Prec@1 0.000	Prec@5 0.000
--- validation in 19.527961254119873 seconds ---
Epoch: [20][0/52]	Time 4.517 (4.517)	Data 4.174 (4.174)	Class 6.4010 (6.4010)	Cons 0.0001 (0.0001)	Prec@1 0.000 (0.000)	Prec@5 0.000 (0.000)
Epoch: [20][10/52]	Time 0.409 (1.501)	Data 0.063 (1.154)	Class 6.3670 (6.3646)	Cons 0.0001 (0.0001)	Prec@1 0.000 (0.000)	Prec@5 0.000 (0.000)
Epoch: [20][20/52]	Time 0.359 (1.454)	Data 0.000 (1.107)	Class 6.3804 (6.3783)	Cons 0.0001 (0.0001)	Prec@1 0.000 (0.000)	Prec@5 0.000 (0.000)
Epoch: [20][30/52]	Time 3.884 (1.520)	Data 3.535 (1.173)	Class 6.5162 (6.3968)	Cons 0.0001 (0.0001)	Prec@1 0.000 (0.000)	Prec@5 0.000 (0.000)
Epoch: [20][40/52]	Time 0.360 (1.437)	Data 0.000 (1.090)	Class 6.4282 (6.4017)	Cons 0.0001 (0.0001)	Prec@1 0.000 (0.000)	Prec@5 0.000 (0.000)
Epoch: [20][50/52]	Time 0.345 (1.400)	Data 0.000 (1.053)	Class 6.5680 (6.4199)	Cons 0.0001 (0.0001)	Prec@1 0.000 (0.000)	Prec@5 0.000 (0.000)
--- training epoch in 74.61228322982788 seconds ---
Evaluating the primary model:
Test: [0/16]	Time 3.477 (3.477)	Data 3.392 (3.392)	Class 6.2598 (6.0000)	Prec@1 0.000 (0.000)	Prec@5 0.000 (0.000)
Test: [10/16]	Time 0.183 (0.745)	Data 0.098 (0.658)	Class 7.9296 (6.0000)	Prec@1 0.000 (0.000)	Prec@5 0.000 (0.000)
 * Prec@1 0.000	Prec@5 0.000
Evaluating the EMA model:
Test: [0/16]	Time 2.909 (2.909)	Data 2.817 (2.817)	Class 6.2660 (6.0000)	Prec@1 0.000 (0.000)	Prec@5 0.000 (0.000)
Test: [10/16]	Time 0.082 (0.642)	Data 0.000 (0.556)	Class 7.8486 (6.0000)	Prec@1 0.000 (0.000)	Prec@5 0.000 (0.000)
 * Prec@1 0.000	Prec@5 0.000
--- validation in 20.873576164245605 seconds ---
--- checkpoint saved to /scratch/ijh216/ssl//ssl_mt_shake_short/2019-05-01_15-43-05/10/transient/checkpoint.21.ckpt ---
Epoch: [21][0/52]	Time 4.303 (4.303)	Data 3.954 (3.954)	Class 6.4217 (6.4217)	Cons 0.0001 (0.0001)	Prec@1 0.000 (0.000)	Prec@5 0.000 (0.000)
Epoch: [21][10/52]	Time 0.346 (1.633)	Data 0.000 (1.286)	Class 6.3586 (6.3602)	Cons 0.0001 (0.0001)	Prec@1 0.000 (0.000)	Prec@5 0.000 (0.000)
Epoch: [21][20/52]	Time 0.347 (1.459)	Data 0.002 (1.111)	Class 6.4008 (6.3764)	Cons 0.0001 (0.0001)	Prec@1 0.000 (0.000)	Prec@5 0.000 (0.000)
Epoch: [21][30/52]	Time 2.798 (1.454)	Data 2.452 (1.106)	Class 6.4277 (6.4010)	Cons 0.0001 (0.0001)	Prec@1 0.000 (0.000)	Prec@5 0.000 (0.000)
Epoch: [21][40/52]	Time 1.603 (1.430)	Data 1.260 (1.082)	Class 6.5119 (6.4160)	Cons 0.0001 (0.0001)	Prec@1 0.000 (0.000)	Prec@5 0.000 (0.000)
Epoch: [21][50/52]	Time 0.345 (1.406)	Data 0.000 (1.059)	Class 6.4795 (6.4292)	Cons 0.0001 (0.0001)	Prec@1 0.000 (0.000)	Prec@5 0.000 (0.000)
--- training epoch in 73.70634937286377 seconds ---
Evaluating the primary model:
Test: [0/16]	Time 4.773 (4.773)	Data 4.681 (4.681)	Class 6.2670 (6.0000)	Prec@1 0.000 (0.000)	Prec@5 0.000 (0.000)
Test: [10/16]	Time 0.092 (0.788)	Data 0.000 (0.699)	Class 7.8151 (6.0000)	Prec@1 0.000 (0.000)	Prec@5 0.000 (0.000)
 * Prec@1 0.000	Prec@5 0.000
Evaluating the EMA model:
Test: [0/16]	Time 3.181 (3.181)	Data 3.093 (3.093)	Class 6.2417 (6.0000)	Prec@1 0.000 (0.000)	Prec@5 0.000 (0.000)
Test: [10/16]	Time 0.082 (0.724)	Data 0.000 (0.637)	Class 7.7718 (6.0000)	Prec@1 0.000 (0.000)	Prec@5 0.000 (0.000)
 * Prec@1 0.000	Prec@5 0.000
--- validation in 24.169443607330322 seconds ---
Evaluate fast-swa-3 at epoch 22
Updating SWA. Current num_params = 8
Test: [0/16]	Time 2.684 (2.684)	Data 2.601 (2.601)	Class 6.3372 (6.0000)	Prec@1 0.000 (0.000)	Prec@5 0.000 (0.000)
Test: [10/16]	Time 0.178 (0.649)	Data 0.088 (0.558)	Class 7.6379 (6.0000)	Prec@1 0.000 (0.000)	Prec@5 0.000 (0.000)
 * Prec@1 0.000	Prec@5 0.000
Epoch: [22][0/52]	Time 4.147 (4.147)	Data 3.786 (3.786)	Class 6.2294 (6.2294)	Cons 0.0001 (0.0001)	Prec@1 0.000 (0.000)	Prec@5 0.000 (0.000)
Epoch: [22][10/52]	Time 0.464 (1.446)	Data 0.108 (1.098)	Class 6.2783 (6.3352)	Cons 0.0001 (0.0001)	Prec@1 0.000 (0.000)	Prec@5 0.000 (0.000)
Epoch: [22][20/52]	Time 0.342 (1.350)	Data 0.000 (1.002)	Class 6.5148 (6.3526)	Cons 0.0001 (0.0001)	Prec@1 0.000 (0.000)	Prec@5 0.000 (0.000)
Epoch: [22][30/52]	Time 2.446 (1.402)	Data 2.101 (1.055)	Class 6.4384 (6.3693)	Cons 0.0001 (0.0001)	Prec@1 0.000 (0.000)	Prec@5 0.000 (0.000)
Epoch: [22][40/52]	Time 0.348 (1.390)	Data 0.000 (1.044)	Class 6.5362 (6.3952)	Cons 0.0001 (0.0001)	Prec@1 0.000 (0.000)	Prec@5 0.000 (0.000)
Epoch: [22][50/52]	Time 0.345 (1.364)	Data 0.000 (1.018)	Class 6.4739 (6.4008)	Cons 0.0001 (0.0001)	Prec@1 0.000 (0.000)	Prec@5 0.000 (0.000)
--- training epoch in 72.88784146308899 seconds ---
Evaluating the primary model:
Test: [0/16]	Time 3.626 (3.626)	Data 3.538 (3.538)	Class 6.2232 (6.0000)	Prec@1 0.000 (0.000)	Prec@5 0.000 (0.000)
Test: [10/16]	Time 0.541 (0.712)	Data 0.458 (0.624)	Class 7.8633 (6.0000)	Prec@1 0.000 (0.000)	Prec@5 0.000 (0.000)
 * Prec@1 0.000	Prec@5 0.000
Evaluating the EMA model:
Test: [0/16]	Time 2.717 (2.717)	Data 2.623 (2.623)	Class 6.2602 (6.0000)	Prec@1 0.000 (0.000)	Prec@5 0.000 (0.000)
Test: [10/16]	Time 0.249 (0.592)	Data 0.155 (0.500)	Class 7.6284 (6.0000)	Prec@1 0.000 (0.000)	Prec@5 0.000 (0.000)
 * Prec@1 0.000	Prec@5 0.000
--- validation in 19.019349098205566 seconds ---
Epoch: [23][0/52]	Time 4.397 (4.397)	Data 4.034 (4.034)	Class 6.3173 (6.3173)	Cons 0.0001 (0.0001)	Prec@1 0.000 (0.000)	Prec@5 0.000 (0.000)
Epoch: [23][10/52]	Time 0.347 (1.505)	Data 0.000 (1.156)	Class 6.3539 (6.3495)	Cons 0.0001 (0.0001)	Prec@1 0.000 (0.000)	Prec@5 0.000 (0.000)
Epoch: [23][20/52]	Time 0.345 (1.355)	Data 0.000 (1.007)	Class 6.4098 (6.3679)	Cons 0.0001 (0.0001)	Prec@1 0.000 (0.000)	Prec@5 0.000 (0.000)
Epoch: [23][30/52]	Time 3.834 (1.449)	Data 3.492 (1.101)	Class 6.3750 (6.3693)	Cons 0.0001 (0.0001)	Prec@1 0.000 (0.000)	Prec@5 0.000 (0.000)
Epoch: [23][40/52]	Time 0.349 (1.392)	Data 0.000 (1.044)	Class 6.3490 (6.3799)	Cons 0.0002 (0.0001)	Prec@1 0.000 (0.000)	Prec@5 0.000 (0.000)
Epoch: [23][50/52]	Time 0.351 (1.382)	Data 0.000 (1.035)	Class 6.4823 (6.3918)	Cons 0.0001 (0.0001)	Prec@1 0.000 (0.000)	Prec@5 0.000 (0.000)
--- training epoch in 74.02506828308105 seconds ---
Evaluating the primary model:
Test: [0/16]	Time 3.401 (3.401)	Data 3.316 (3.316)	Class 6.3376 (6.0000)	Prec@1 0.000 (0.000)	Prec@5 0.000 (0.000)
Test: [10/16]	Time 0.083 (0.746)	Data 0.000 (0.659)	Class 7.6035 (6.0000)	Prec@1 0.000 (0.000)	Prec@5 0.000 (0.000)
 * Prec@1 0.000	Prec@5 0.040
Evaluating the EMA model:
Test: [0/16]	Time 2.802 (2.802)	Data 2.699 (2.699)	Class 6.2206 (6.0000)	Prec@1 0.000 (0.000)	Prec@5 0.000 (0.000)
Test: [10/16]	Time 0.171 (0.465)	Data 0.053 (0.367)	Class 7.6693 (6.0000)	Prec@1 0.000 (0.000)	Prec@5 0.000 (0.000)
 * Prec@1 0.000	Prec@5 0.000
--- validation in 18.170715808868408 seconds ---
--- checkpoint saved to /scratch/ijh216/ssl//ssl_mt_shake_short/2019-05-01_15-43-05/10/transient/checkpoint.24.ckpt ---
Epoch: [24][0/52]	Time 3.647 (3.647)	Data 3.285 (3.285)	Class 6.3849 (6.3849)	Cons 0.0001 (0.0001)	Prec@1 0.000 (0.000)	Prec@5 0.000 (0.000)
Epoch: [24][10/52]	Time 0.345 (1.414)	Data 0.000 (1.067)	Class 6.3508 (6.3188)	Cons 0.0001 (0.0001)	Prec@1 0.000 (0.000)	Prec@5 0.000 (0.000)
Epoch: [24][20/52]	Time 0.345 (1.325)	Data 0.000 (0.977)	Class 6.3986 (6.3491)	Cons 0.0001 (0.0001)	Prec@1 0.000 (0.000)	Prec@5 0.000 (0.000)
Epoch: [24][30/52]	Time 3.865 (1.431)	Data 3.506 (1.082)	Class 6.5157 (6.3707)	Cons 0.0001 (0.0001)	Prec@1 0.000 (0.000)	Prec@5 0.000 (0.000)
Epoch: [24][40/52]	Time 0.348 (1.415)	Data 0.000 (1.066)	Class 6.4399 (6.3860)	Cons 0.0001 (0.0001)	Prec@1 0.000 (0.000)	Prec@5 0.000 (0.000)
Epoch: [24][50/52]	Time 0.346 (1.394)	Data 0.000 (1.046)	Class 6.4080 (6.3917)	Cons 0.0001 (0.0001)	Prec@1 0.000 (0.000)	Prec@5 0.000 (0.000)
--- training epoch in 74.36941719055176 seconds ---
Evaluating the primary model:
Test: [0/16]	Time 3.568 (3.568)	Data 3.457 (3.457)	Class 6.3128 (6.0000)	Prec@1 0.000 (0.000)	Prec@5 0.000 (0.000)
Test: [10/16]	Time 0.083 (0.697)	Data 0.000 (0.610)	Class 7.6937 (6.0000)	Prec@1 0.000 (0.000)	Prec@5 0.000 (0.000)
 * Prec@1 0.000	Prec@5 0.000
Evaluating the EMA model:
Test: [0/16]	Time 3.007 (3.007)	Data 2.921 (2.921)	Class 6.2771 (6.0000)	Prec@1 0.000 (0.000)	Prec@5 0.000 (0.000)
Test: [10/16]	Time 0.227 (0.608)	Data 0.119 (0.519)	Class 7.6659 (6.0000)	Prec@1 0.000 (0.000)	Prec@5 0.000 (0.000)
 * Prec@1 0.000	Prec@5 0.000
--- validation in 20.296117067337036 seconds ---
Evaluate fast-swa-3 at epoch 25
Updating SWA. Current num_params = 9
Test: [0/16]	Time 3.939 (3.939)	Data 3.852 (3.852)	Class 6.3204 (6.0000)	Prec@1 0.000 (0.000)	Prec@5 0.000 (0.000)
Test: [10/16]	Time 0.085 (0.739)	Data 0.000 (0.651)	Class 7.6379 (6.0000)	Prec@1 0.000 (0.000)	Prec@5 0.000 (0.000)
 * Prec@1 0.000	Prec@5 0.000
Epoch: [25][0/52]	Time 4.664 (4.664)	Data 4.320 (4.320)	Class 6.3193 (6.3193)	Cons 0.0001 (0.0001)	Prec@1 0.000 (0.000)	Prec@5 0.000 (0.000)
Epoch: [25][10/52]	Time 0.348 (1.668)	Data 0.000 (1.322)	Class 6.4164 (6.3462)	Cons 0.0001 (0.0001)	Prec@1 0.000 (0.000)	Prec@5 0.000 (0.000)
Epoch: [25][20/52]	Time 0.345 (1.448)	Data 0.000 (1.100)	Class 6.3787 (6.3463)	Cons 0.0001 (0.0001)	Prec@1 0.000 (0.000)	Prec@5 0.000 (0.000)
Epoch: [25][30/52]	Time 3.259 (1.534)	Data 2.908 (1.186)	Class 6.4124 (6.3498)	Cons 0.0001 (0.0001)	Prec@1 0.000 (0.000)	Prec@5 0.000 (0.000)
Epoch: [25][40/52]	Time 0.346 (1.470)	Data 0.000 (1.123)	Class 6.3151 (6.3562)	Cons 0.0001 (0.0001)	Prec@1 0.000 (0.000)	Prec@5 0.000 (0.000)
Epoch: [25][50/52]	Time 0.348 (1.422)	Data 0.000 (1.074)	Class 6.5114 (6.3652)	Cons 0.0001 (0.0001)	Prec@1 0.000 (0.000)	Prec@5 0.000 (0.000)
--- training epoch in 75.63653802871704 seconds ---
Evaluating the primary model:
Test: [0/16]	Time 3.472 (3.472)	Data 3.385 (3.385)	Class 6.3449 (6.0000)	Prec@1 0.000 (0.000)	Prec@5 0.000 (0.000)
Test: [10/16]	Time 0.082 (0.736)	Data 0.000 (0.648)	Class 7.4856 (6.0000)	Prec@1 0.000 (0.000)	Prec@5 0.000 (0.000)
 * Prec@1 0.000	Prec@5 0.000
Evaluating the EMA model:
Test: [0/16]	Time 2.981 (2.981)	Data 2.884 (2.884)	Class 6.2555 (6.0000)	Prec@1 0.000 (0.000)	Prec@5 0.000 (0.000)
Test: [10/16]	Time 0.083 (0.604)	Data 0.000 (0.516)	Class 7.5718 (6.0000)	Prec@1 0.000 (0.000)	Prec@5 0.000 (0.000)
 * Prec@1 0.000	Prec@5 0.000
--- validation in 20.59965753555298 seconds ---
Epoch: [26][0/52]	Time 4.270 (4.270)	Data 3.927 (3.927)	Class 6.3497 (6.3497)	Cons 0.0001 (0.0001)	Prec@1 0.000 (0.000)	Prec@5 0.000 (0.000)
Epoch: [26][10/52]	Time 0.350 (1.642)	Data 0.000 (1.294)	Class 6.3666 (6.3022)	Cons 0.0001 (0.0001)	Prec@1 0.000 (0.000)	Prec@5 0.000 (0.000)
Epoch: [26][20/52]	Time 0.345 (1.412)	Data 0.000 (1.065)	Class 6.3305 (6.3234)	Cons 0.0001 (0.0001)	Prec@1 0.000 (0.000)	Prec@5 0.000 (0.000)
Epoch: [26][30/52]	Time 3.684 (1.461)	Data 3.342 (1.114)	Class 6.5397 (6.3420)	Cons 0.0002 (0.0001)	Prec@1 0.000 (0.000)	Prec@5 0.000 (0.000)
Epoch: [26][40/52]	Time 0.354 (1.400)	Data 0.000 (1.053)	Class 6.3825 (6.3440)	Cons 0.0002 (0.0001)	Prec@1 0.000 (0.000)	Prec@5 0.000 (0.000)
Epoch: [26][50/52]	Time 0.694 (1.361)	Data 0.353 (1.014)	Class 6.5669 (6.3573)	Cons 0.0001 (0.0001)	Prec@1 0.000 (0.000)	Prec@5 0.000 (0.000)
--- training epoch in 72.53777718544006 seconds ---
Evaluating the primary model:
Test: [0/16]	Time 4.410 (4.410)	Data 4.326 (4.326)	Class 6.4402 (6.0000)	Prec@1 0.000 (0.000)	Prec@5 0.000 (0.000)
Test: [10/16]	Time 0.093 (0.728)	Data 0.000 (0.637)	Class 7.4534 (6.0000)	Prec@1 0.000 (0.000)	Prec@5 0.000 (0.000)
 * Prec@1 0.000	Prec@5 0.040
Evaluating the EMA model:
Test: [0/16]	Time 3.131 (3.131)	Data 3.048 (3.048)	Class 6.3039 (6.0000)	Prec@1 0.000 (0.000)	Prec@5 0.000 (0.000)
Test: [10/16]	Time 0.088 (0.598)	Data 0.000 (0.509)	Class 7.4814 (6.0000)	Prec@1 0.000 (0.000)	Prec@5 0.000 (0.000)
 * Prec@1 0.000	Prec@5 0.000
--- validation in 19.824324131011963 seconds ---
--- checkpoint saved to /scratch/ijh216/ssl//ssl_mt_shake_short/2019-05-01_15-43-05/10/transient/checkpoint.27.ckpt ---
Epoch: [27][0/52]	Time 4.176 (4.176)	Data 3.830 (3.830)	Class 6.2163 (6.2163)	Cons 0.0001 (0.0001)	Prec@1 0.000 (0.000)	Prec@5 0.000 (0.000)
Epoch: [27][10/52]	Time 0.859 (1.562)	Data 0.517 (1.217)	Class 6.3048 (6.3065)	Cons 0.0001 (0.0001)	Prec@1 0.000 (0.000)	Prec@5 0.000 (0.000)
Epoch: [27][20/52]	Time 0.346 (1.413)	Data 0.000 (1.067)	Class 6.2747 (6.3171)	Cons 0.0001 (0.0001)	Prec@1 0.000 (0.000)	Prec@5 0.000 (0.000)
Epoch: [27][30/52]	Time 2.246 (1.413)	Data 1.895 (1.068)	Class 6.3218 (6.3339)	Cons 0.0002 (0.0001)	Prec@1 0.000 (0.000)	Prec@5 0.000 (0.000)
Epoch: [27][40/52]	Time 1.456 (1.413)	Data 1.112 (1.067)	Class 6.3602 (6.3502)	Cons 0.0001 (0.0001)	Prec@1 0.000 (0.000)	Prec@5 0.000 (0.000)
Epoch: [27][50/52]	Time 0.345 (1.391)	Data 0.000 (1.045)	Class 6.2727 (6.3585)	Cons 0.0001 (0.0001)	Prec@1 0.000 (0.000)	Prec@5 0.000 (0.000)
--- training epoch in 73.06403636932373 seconds ---
Evaluating the primary model:
Test: [0/16]	Time 4.131 (4.131)	Data 4.037 (4.037)	Class 6.3921 (6.0000)	Prec@1 0.000 (0.000)	Prec@5 0.000 (0.000)
Test: [10/16]	Time 0.128 (0.716)	Data 0.031 (0.627)	Class 7.5683 (6.0000)	Prec@1 0.000 (0.000)	Prec@5 0.000 (0.000)
 * Prec@1 0.000	Prec@5 0.000
Evaluating the EMA model:
Test: [0/16]	Time 3.685 (3.685)	Data 3.593 (3.593)	Class 6.3116 (6.0000)	Prec@1 0.000 (0.000)	Prec@5 0.000 (0.000)
Test: [10/16]	Time 0.084 (0.609)	Data 0.000 (0.522)	Class 7.6292 (6.0000)	Prec@1 0.000 (0.000)	Prec@5 0.000 (0.000)
 * Prec@1 0.000	Prec@5 0.000
--- validation in 20.568628311157227 seconds ---
Evaluate fast-swa-3 at epoch 28
Updating SWA. Current num_params = 10
Test: [0/16]	Time 3.019 (3.019)	Data 2.936 (2.936)	Class 6.3120 (6.0000)	Prec@1 0.000 (0.000)	Prec@5 0.000 (0.000)
Test: [10/16]	Time 0.769 (0.695)	Data 0.685 (0.602)	Class 7.6288 (6.0000)	Prec@1 0.000 (0.000)	Prec@5 0.000 (0.000)
 * Prec@1 0.000	Prec@5 0.000
Epoch: [28][0/52]	Time 4.087 (4.087)	Data 3.728 (3.728)	Class 6.2499 (6.2499)	Cons 0.0001 (0.0001)	Prec@1 0.000 (0.000)	Prec@5 0.000 (0.000)
Epoch: [28][10/52]	Time 0.347 (1.452)	Data 0.000 (1.101)	Class 6.3612 (6.2853)	Cons 0.0001 (0.0001)	Prec@1 0.000 (0.000)	Prec@5 0.000 (0.000)
Epoch: [28][20/52]	Time 0.357 (1.378)	Data 0.000 (1.029)	Class 6.4389 (6.3158)	Cons 0.0002 (0.0001)	Prec@1 0.000 (0.000)	Prec@5 0.000 (0.000)
Epoch: [28][30/52]	Time 3.464 (1.421)	Data 3.119 (1.073)	Class 6.3468 (6.3173)	Cons 0.0001 (0.0001)	Prec@1 0.000 (0.000)	Prec@5 0.000 (0.000)
Epoch: [28][40/52]	Time 0.355 (1.379)	Data 0.000 (1.031)	Class 6.4141 (6.3278)	Cons 0.0001 (0.0001)	Prec@1 0.000 (0.000)	Prec@5 0.000 (0.000)
Epoch: [28][50/52]	Time 0.559 (1.344)	Data 0.216 (0.996)	Class 6.4568 (6.3468)	Cons 0.0002 (0.0001)	Prec@1 0.000 (0.000)	Prec@5 0.000 (0.000)
--- training epoch in 71.71950340270996 seconds ---
Evaluating the primary model:
Test: [0/16]	Time 2.756 (2.756)	Data 2.660 (2.660)	Class 6.4136 (6.0000)	Prec@1 0.000 (0.000)	Prec@5 0.000 (0.000)
Test: [10/16]	Time 1.089 (0.707)	Data 1.006 (0.617)	Class 7.5212 (6.0000)	Prec@1 0.000 (0.000)	Prec@5 0.000 (0.000)
 * Prec@1 0.000	Prec@5 0.000
Evaluating the EMA model:
Test: [0/16]	Time 3.264 (3.264)	Data 3.179 (3.179)	Class 6.3178 (6.0000)	Prec@1 0.000 (0.000)	Prec@5 0.000 (0.000)
Test: [10/16]	Time 0.087 (0.640)	Data 0.000 (0.556)	Class 7.5579 (6.0000)	Prec@1 0.000 (0.000)	Prec@5 0.000 (0.000)
 * Prec@1 0.000	Prec@5 0.000
--- validation in 19.283063411712646 seconds ---
Epoch: [29][0/52]	Time 4.593 (4.593)	Data 4.248 (4.248)	Class 6.3442 (6.3442)	Cons 0.0001 (0.0001)	Prec@1 0.000 (0.000)	Prec@5 0.000 (0.000)
Epoch: [29][10/52]	Time 0.349 (1.558)	Data 0.000 (1.210)	Class 6.3282 (6.3084)	Cons 0.0001 (0.0001)	Prec@1 0.000 (0.000)	Prec@5 0.000 (0.000)
Epoch: [29][20/52]	Time 0.345 (1.352)	Data 0.000 (1.004)	Class 6.3583 (6.3119)	Cons 0.0002 (0.0001)	Prec@1 0.000 (0.000)	Prec@5 0.000 (0.000)
Epoch: [29][30/52]	Time 3.521 (1.399)	Data 3.174 (1.051)	Class 6.3317 (6.3245)	Cons 0.0002 (0.0001)	Prec@1 0.000 (0.000)	Prec@5 0.000 (0.000)
Epoch: [29][40/52]	Time 0.362 (1.361)	Data 0.000 (1.012)	Class 6.4355 (6.3373)	Cons 0.0002 (0.0002)	Prec@1 0.000 (0.000)	Prec@5 0.000 (0.000)
Epoch: [29][50/52]	Time 0.346 (1.329)	Data 0.000 (0.981)	Class 6.3161 (6.3444)	Cons 0.0002 (0.0002)	Prec@1 0.000 (0.000)	Prec@5 0.000 (0.000)
--- training epoch in 70.73114562034607 seconds ---
Evaluating the primary model:
Test: [0/16]	Time 3.612 (3.612)	Data 3.524 (3.524)	Class 6.2879 (6.0000)	Prec@1 0.000 (0.000)	Prec@5 0.000 (0.000)
Test: [10/16]	Time 0.354 (0.715)	Data 0.272 (0.628)	Class 7.7995 (6.0000)	Prec@1 0.000 (0.000)	Prec@5 0.000 (0.000)
 * Prec@1 0.000	Prec@5 0.000
Evaluating the EMA model:
Test: [0/16]	Time 3.140 (3.140)	Data 3.056 (3.056)	Class 6.2838 (6.0000)	Prec@1 0.000 (0.000)	Prec@5 0.000 (0.000)
Test: [10/16]	Time 0.084 (0.603)	Data 0.000 (0.520)	Class 7.5220 (6.0000)	Prec@1 0.000 (0.000)	Prec@5 0.000 (0.000)
 * Prec@1 0.000	Prec@5 0.000
--- validation in 19.577606439590454 seconds ---
--- checkpoint saved to /scratch/ijh216/ssl//ssl_mt_shake_short/2019-05-01_15-43-05/10/transient/checkpoint.30.ckpt ---
Epoch: [30][0/52]	Time 3.611 (3.611)	Data 3.261 (3.261)	Class 6.3094 (6.3094)	Cons 0.0001 (0.0001)	Prec@1 0.000 (0.000)	Prec@5 0.000 (0.000)
Epoch: [30][10/52]	Time 0.622 (1.489)	Data 0.280 (1.143)	Class 6.3113 (6.2691)	Cons 0.0001 (0.0001)	Prec@1 0.000 (0.000)	Prec@5 0.000 (0.000)
Epoch: [30][20/52]	Time 0.563 (1.367)	Data 0.216 (1.020)	Class 6.3151 (6.2591)	Cons 0.0002 (0.0002)	Prec@1 0.000 (0.000)	Prec@5 0.000 (0.000)
Epoch: [30][30/52]	Time 3.055 (1.399)	Data 2.707 (1.052)	Class 6.4144 (6.2915)	Cons 0.0002 (0.0002)	Prec@1 0.000 (0.000)	Prec@5 0.000 (0.000)
Epoch: [30][40/52]	Time 0.492 (1.391)	Data 0.149 (1.045)	Class 6.4024 (6.3102)	Cons 0.0002 (0.0002)	Prec@1 0.000 (0.000)	Prec@5 0.000 (0.000)
Epoch: [30][50/52]	Time 0.347 (1.376)	Data 0.000 (1.030)	Class 6.4234 (6.3226)	Cons 0.0002 (0.0002)	Prec@1 0.000 (0.000)	Prec@5 0.000 (0.000)
--- training epoch in 73.11017394065857 seconds ---
Evaluating the primary model:
Test: [0/16]	Time 3.552 (3.552)	Data 3.466 (3.466)	Class 6.3765 (6.0000)	Prec@1 0.000 (0.000)	Prec@5 0.000 (0.000)
Test: [10/16]	Time 0.106 (0.743)	Data 0.000 (0.656)	Class 7.7766 (6.0000)	Prec@1 0.000 (0.000)	Prec@5 0.000 (0.000)
 * Prec@1 0.000	Prec@5 0.040
Evaluating the EMA model:
Test: [0/16]	Time 3.216 (3.216)	Data 3.126 (3.126)	Class 6.3008 (6.0000)	Prec@1 0.000 (0.000)	Prec@5 0.000 (0.000)
Test: [10/16]	Time 0.088 (0.627)	Data 0.000 (0.536)	Class 7.6154 (6.0000)	Prec@1 0.000 (0.000)	Prec@5 0.000 (0.000)
 * Prec@1 0.000	Prec@5 0.000
--- validation in 20.977416276931763 seconds ---
Evaluate fast-swa-3 at epoch 31
Updating SWA. Current num_params = 11
Test: [0/16]	Time 3.678 (3.678)	Data 3.589 (3.589)	Class 6.3040 (6.0000)	Prec@1 0.000 (0.000)	Prec@5 0.000 (0.000)
Test: [10/16]	Time 0.228 (0.735)	Data 0.144 (0.647)	Class 7.6136 (6.0000)	Prec@1 0.000 (0.000)	Prec@5 0.000 (0.000)
 * Prec@1 0.000	Prec@5 0.000
Epoch: [31][0/52]	Time 3.989 (3.989)	Data 3.647 (3.647)	Class 6.1935 (6.1935)	Cons 0.0002 (0.0002)	Prec@1 0.000 (0.000)	Prec@5 0.000 (0.000)
Epoch: [31][10/52]	Time 0.345 (1.449)	Data 0.000 (1.101)	Class 6.4120 (6.2625)	Cons 0.0002 (0.0002)	Prec@1 0.000 (0.000)	Prec@5 0.000 (0.000)
Epoch: [31][20/52]	Time 0.364 (1.357)	Data 0.000 (1.007)	Class 6.3610 (6.2744)	Cons 0.0002 (0.0002)	Prec@1 0.000 (0.000)	Prec@5 0.000 (0.000)
Epoch: [31][30/52]	Time 3.402 (1.430)	Data 3.056 (1.082)	Class 6.1774 (6.2785)	Cons 0.0002 (0.0002)	Prec@1 0.000 (0.000)	Prec@5 0.000 (0.000)
Epoch: [31][40/52]	Time 0.343 (1.361)	Data 0.000 (1.012)	Class 6.3043 (6.2932)	Cons 0.0002 (0.0002)	Prec@1 0.000 (0.000)	Prec@5 0.000 (0.000)
Epoch: [31][50/52]	Time 0.345 (1.348)	Data 0.000 (1.000)	Class 6.4163 (6.3112)	Cons 0.0002 (0.0002)	Prec@1 0.000 (0.000)	Prec@5 0.000 (0.000)
--- training epoch in 71.73417162895203 seconds ---
Evaluating the primary model:
Test: [0/16]	Time 3.660 (3.660)	Data 3.575 (3.575)	Class 6.3863 (6.0000)	Prec@1 0.000 (0.000)	Prec@5 0.000 (0.000)
Test: [10/16]	Time 0.519 (0.744)	Data 0.433 (0.651)	Class 7.4944 (6.0000)	Prec@1 0.000 (0.000)	Prec@5 0.000 (0.000)
 * Prec@1 0.000	Prec@5 0.040
Evaluating the EMA model:
Test: [0/16]	Time 2.094 (2.094)	Data 2.009 (2.009)	Class 6.3085 (6.0000)	Prec@1 0.000 (0.000)	Prec@5 0.000 (0.000)
Test: [10/16]	Time 0.364 (0.428)	Data 0.248 (0.339)	Class 7.5856 (6.0000)	Prec@1 0.000 (0.000)	Prec@5 0.000 (0.000)
 * Prec@1 0.000	Prec@5 0.000
--- validation in 16.652519941329956 seconds ---
Epoch: [32][0/52]	Time 3.393 (3.393)	Data 3.036 (3.036)	Class 6.3026 (6.3026)	Cons 0.0002 (0.0002)	Prec@1 0.000 (0.000)	Prec@5 0.000 (0.000)
Epoch: [32][10/52]	Time 1.304 (1.367)	Data 0.959 (1.021)	Class 6.3879 (6.2655)	Cons 0.0002 (0.0002)	Prec@1 0.000 (0.000)	Prec@5 0.000 (0.000)
slurmstepd: error: *** JOB 988832 ON gpu-65 CANCELLED AT 2019-05-01T16:49:49 ***
