Using these command line args: --workers 2 --checkpoint-epochs 3 --dataset ssl --train-subdir supervised/train --unsup-subdir unsupervised --eval-subdir supervised/val --arch cifar_shakeshake26 --ema-decay 0.97 --consistency-type mse --consistency-rampup 5 --consistency 100.0 --logit-distance-cost 0.01 --weight-decay 0.0002 --epochs 180 --lr-rampup 0 --lr-rampdown-epochs 210 --nesterov True --num-cycles 20 --cycle-interval 30 --start-epoch 0 --fastswa-frequencies 3 --device cuda --batch-size 512 --labeled-batch-size 130 --lr 0.2
=> creating model 'cifar_shakeshake26'
=> creating model 'cifar_shakeshake26'
=> creating model 'cifar_shakeshake26'
=> creating model 'cifar_shakeshake26'

List of model parameters:
=========================
module.conv1.weight                            16 * 3 * 3 * 3 =         432
module.layer1.0.conv_a1.weight                96 * 16 * 3 * 3 =      13,824
module.layer1.0.bn_a1.weight                               96 =          96
module.layer1.0.bn_a1.bias                                 96 =          96
module.layer1.0.conv_a2.weight                96 * 96 * 3 * 3 =      82,944
module.layer1.0.bn_a2.weight                               96 =          96
module.layer1.0.bn_a2.bias                                 96 =          96
module.layer1.0.conv_b1.weight                96 * 16 * 3 * 3 =      13,824
module.layer1.0.bn_b1.weight                               96 =          96
module.layer1.0.bn_b1.bias                                 96 =          96
module.layer1.0.conv_b2.weight                96 * 96 * 3 * 3 =      82,944
module.layer1.0.bn_b2.weight                               96 =          96
module.layer1.0.bn_b2.bias                                 96 =          96
module.layer1.0.downsample.0.weight           96 * 16 * 1 * 1 =       1,536
module.layer1.0.downsample.1.weight                        96 =          96
module.layer1.0.downsample.1.bias                          96 =          96
module.layer1.1.conv_a1.weight                96 * 96 * 3 * 3 =      82,944
module.layer1.1.bn_a1.weight                               96 =          96
module.layer1.1.bn_a1.bias                                 96 =          96
module.layer1.1.conv_a2.weight                96 * 96 * 3 * 3 =      82,944
module.layer1.1.bn_a2.weight                               96 =          96
module.layer1.1.bn_a2.bias                                 96 =          96
module.layer1.1.conv_b1.weight                96 * 96 * 3 * 3 =      82,944
module.layer1.1.bn_b1.weight                               96 =          96
module.layer1.1.bn_b1.bias                                 96 =          96
module.layer1.1.conv_b2.weight                96 * 96 * 3 * 3 =      82,944
module.layer1.1.bn_b2.weight                               96 =          96
module.layer1.1.bn_b2.bias                                 96 =          96
module.layer1.2.conv_a1.weight                96 * 96 * 3 * 3 =      82,944
module.layer1.2.bn_a1.weight                               96 =          96
module.layer1.2.bn_a1.bias                                 96 =          96
module.layer1.2.conv_a2.weight                96 * 96 * 3 * 3 =      82,944
module.layer1.2.bn_a2.weight                               96 =          96
module.layer1.2.bn_a2.bias                                 96 =          96
module.layer1.2.conv_b1.weight                96 * 96 * 3 * 3 =      82,944
module.layer1.2.bn_b1.weight                               96 =          96
module.layer1.2.bn_b1.bias                                 96 =          96
module.layer1.2.conv_b2.weight                96 * 96 * 3 * 3 =      82,944
module.layer1.2.bn_b2.weight                               96 =          96
module.layer1.2.bn_b2.bias                                 96 =          96
module.layer1.3.conv_a1.weight                96 * 96 * 3 * 3 =      82,944
module.layer1.3.bn_a1.weight                               96 =          96
module.layer1.3.bn_a1.bias                                 96 =          96
module.layer1.3.conv_a2.weight                96 * 96 * 3 * 3 =      82,944
module.layer1.3.bn_a2.weight                               96 =          96
module.layer1.3.bn_a2.bias                                 96 =          96
module.layer1.3.conv_b1.weight                96 * 96 * 3 * 3 =      82,944
module.layer1.3.bn_b1.weight                               96 =          96
module.layer1.3.bn_b1.bias                                 96 =          96
module.layer1.3.conv_b2.weight                96 * 96 * 3 * 3 =      82,944
module.layer1.3.bn_b2.weight                               96 =          96
module.layer1.3.bn_b2.bias                                 96 =          96
module.layer2.0.conv_a1.weight               192 * 96 * 3 * 3 =     165,888
module.layer2.0.bn_a1.weight                              192 =         192
module.layer2.0.bn_a1.bias                                192 =         192
module.layer2.0.conv_a2.weight              192 * 192 * 3 * 3 =     331,776
module.layer2.0.bn_a2.weight                              192 =         192
module.layer2.0.bn_a2.bias                                192 =         192
module.layer2.0.conv_b1.weight               192 * 96 * 3 * 3 =     165,888
module.layer2.0.bn_b1.weight                              192 =         192
module.layer2.0.bn_b1.bias                                192 =         192
module.layer2.0.conv_b2.weight              192 * 192 * 3 * 3 =     331,776
module.layer2.0.bn_b2.weight                              192 =         192
module.layer2.0.bn_b2.bias                                192 =         192
module.layer2.0.downsample.conv.weight       192 * 96 * 1 * 1 =      18,432
module.layer2.0.downsample.conv.bias                      192 =         192
module.layer2.0.downsample.bn.weight                      192 =         192
module.layer2.0.downsample.bn.bias                        192 =         192
module.layer2.1.conv_a1.weight              192 * 192 * 3 * 3 =     331,776
module.layer2.1.bn_a1.weight                              192 =         192
module.layer2.1.bn_a1.bias                                192 =         192
module.layer2.1.conv_a2.weight              192 * 192 * 3 * 3 =     331,776
module.layer2.1.bn_a2.weight                              192 =         192
module.layer2.1.bn_a2.bias                                192 =         192
module.layer2.1.conv_b1.weight              192 * 192 * 3 * 3 =     331,776
module.layer2.1.bn_b1.weight                              192 =         192
module.layer2.1.bn_b1.bias                                192 =         192
module.layer2.1.conv_b2.weight              192 * 192 * 3 * 3 =     331,776
module.layer2.1.bn_b2.weight                              192 =         192
module.layer2.1.bn_b2.bias                                192 =         192
module.layer2.2.conv_a1.weight              192 * 192 * 3 * 3 =     331,776
module.layer2.2.bn_a1.weight                              192 =         192
module.layer2.2.bn_a1.bias                                192 =         192
module.layer2.2.conv_a2.weight              192 * 192 * 3 * 3 =     331,776
module.layer2.2.bn_a2.weight                              192 =         192
module.layer2.2.bn_a2.bias                                192 =         192
module.layer2.2.conv_b1.weight              192 * 192 * 3 * 3 =     331,776
module.layer2.2.bn_b1.weight                              192 =         192
module.layer2.2.bn_b1.bias                                192 =         192
module.layer2.2.conv_b2.weight              192 * 192 * 3 * 3 =     331,776
module.layer2.2.bn_b2.weight                              192 =         192
module.layer2.2.bn_b2.bias                                192 =         192
module.layer2.3.conv_a1.weight              192 * 192 * 3 * 3 =     331,776
module.layer2.3.bn_a1.weight                              192 =         192
module.layer2.3.bn_a1.bias                                192 =         192
module.layer2.3.conv_a2.weight              192 * 192 * 3 * 3 =     331,776
module.layer2.3.bn_a2.weight                              192 =         192
module.layer2.3.bn_a2.bias                                192 =         192
module.layer2.3.conv_b1.weight              192 * 192 * 3 * 3 =     331,776
module.layer2.3.bn_b1.weight                              192 =         192
module.layer2.3.bn_b1.bias                                192 =         192
module.layer2.3.conv_b2.weight              192 * 192 * 3 * 3 =     331,776
module.layer2.3.bn_b2.weight                              192 =         192
module.layer2.3.bn_b2.bias                                192 =         192
module.layer3.0.conv_a1.weight              384 * 192 * 3 * 3 =     663,552
module.layer3.0.bn_a1.weight                              384 =         384
module.layer3.0.bn_a1.bias                                384 =         384
module.layer3.0.conv_a2.weight              384 * 384 * 3 * 3 =   1,327,104
module.layer3.0.bn_a2.weight                              384 =         384
module.layer3.0.bn_a2.bias                                384 =         384
module.layer3.0.conv_b1.weight              384 * 192 * 3 * 3 =     663,552
module.layer3.0.bn_b1.weight                              384 =         384
module.layer3.0.bn_b1.bias                                384 =         384
module.layer3.0.conv_b2.weight              384 * 384 * 3 * 3 =   1,327,104
module.layer3.0.bn_b2.weight                              384 =         384
module.layer3.0.bn_b2.bias                                384 =         384
module.layer3.0.downsample.conv.weight      384 * 192 * 1 * 1 =      73,728
module.layer3.0.downsample.conv.bias                      384 =         384
module.layer3.0.downsample.bn.weight                      384 =         384
module.layer3.0.downsample.bn.bias                        384 =         384
module.layer3.1.conv_a1.weight              384 * 384 * 3 * 3 =   1,327,104
module.layer3.1.bn_a1.weight                              384 =         384
module.layer3.1.bn_a1.bias                                384 =         384
module.layer3.1.conv_a2.weight              384 * 384 * 3 * 3 =   1,327,104
module.layer3.1.bn_a2.weight                              384 =         384
module.layer3.1.bn_a2.bias                                384 =         384
module.layer3.1.conv_b1.weight              384 * 384 * 3 * 3 =   1,327,104
module.layer3.1.bn_b1.weight                              384 =         384
module.layer3.1.bn_b1.bias                                384 =         384
module.layer3.1.conv_b2.weight              384 * 384 * 3 * 3 =   1,327,104
module.layer3.1.bn_b2.weight                              384 =         384
module.layer3.1.bn_b2.bias                                384 =         384
module.layer3.2.conv_a1.weight              384 * 384 * 3 * 3 =   1,327,104
module.layer3.2.bn_a1.weight                              384 =         384
module.layer3.2.bn_a1.bias                                384 =         384
module.layer3.2.conv_a2.weight              384 * 384 * 3 * 3 =   1,327,104
module.layer3.2.bn_a2.weight                              384 =         384
module.layer3.2.bn_a2.bias                                384 =         384
module.layer3.2.conv_b1.weight              384 * 384 * 3 * 3 =   1,327,104
module.layer3.2.bn_b1.weight                              384 =         384
module.layer3.2.bn_b1.bias                                384 =         384
module.layer3.2.conv_b2.weight              384 * 384 * 3 * 3 =   1,327,104
module.layer3.2.bn_b2.weight                              384 =         384
module.layer3.2.bn_b2.bias                                384 =         384
module.layer3.3.conv_a1.weight              384 * 384 * 3 * 3 =   1,327,104
module.layer3.3.bn_a1.weight                              384 =         384
module.layer3.3.bn_a1.bias                                384 =         384
module.layer3.3.conv_a2.weight              384 * 384 * 3 * 3 =   1,327,104
module.layer3.3.bn_a2.weight                              384 =         384
module.layer3.3.bn_a2.bias                                384 =         384
module.layer3.3.conv_b1.weight              384 * 384 * 3 * 3 =   1,327,104
module.layer3.3.bn_b1.weight                              384 =         384
module.layer3.3.bn_b1.bias                                384 =         384
module.layer3.3.conv_b2.weight              384 * 384 * 3 * 3 =   1,327,104
module.layer3.3.bn_b2.weight                              384 =         384
module.layer3.3.bn_b2.bias                                384 =         384
module.fc1.weight                                  1000 * 384 =     384,000
module.fc1.bias                                          1000 =       1,000
module.fc2.weight                                  1000 * 384 =     384,000
module.fc2.bias                                          1000 =       1,000
===========================================================================
all parameters                                   sum of above =  26,959,616

--- checkpoint saved to /scratch/ijh216/ssl//ssl_mt_shake_short/2019-04-30_23-46-03/10/transient/checkpoint.0.ckpt ---
Frequent SWAs with frequencies = [3]
/home/ijh216/pytorch/py3.6.3/lib/python3.6/site-packages/torch/nn/_reduction.py:49: UserWarning: size_average and reduce args will be deprecated, please use reduction='sum' instead.
  warnings.warn(warning.format(ret))
Epoch: [0][0/1340]	Time 25.514 (25.514)	Data 18.040 (18.040)	Class 7.0062 (7.0062)	Cons 0.0000 (0.0000)	Prec@1 0.000 (0.000)	Prec@5 0.000 (0.000)
Epoch: [0][10/1340]	Time 15.458 (9.167)	Data 14.422 (7.556)	Class 7.0042 (7.0207)	Cons 0.0000 (0.0000)	Prec@1 0.000 (0.000)	Prec@5 0.000 (0.000)
Epoch: [0][20/1340]	Time 12.762 (8.484)	Data 11.750 (7.158)	Class 7.0528 (7.0365)	Cons 0.0000 (0.0000)	Prec@1 0.000 (0.000)	Prec@5 0.000 (0.000)
Epoch: [0][30/1340]	Time 15.873 (8.366)	Data 14.861 (7.141)	Class 7.0048 (7.0358)	Cons 0.0000 (0.0000)	Prec@1 0.000 (0.000)	Prec@5 0.000 (0.000)
Epoch: [0][40/1340]	Time 13.353 (8.229)	Data 12.341 (7.057)	Class 6.9345 (7.0201)	Cons 0.0000 (0.0000)	Prec@1 0.000 (0.000)	Prec@5 0.000 (0.000)
Epoch: [0][50/1340]	Time 13.460 (8.130)	Data 12.454 (6.990)	Class 6.8562 (6.9935)	Cons 0.0000 (0.0000)	Prec@1 0.000 (0.000)	Prec@5 0.000 (0.000)
Epoch: [0][60/1340]	Time 20.070 (8.180)	Data 19.052 (7.061)	Class 6.7500 (6.9601)	Cons 0.0000 (0.0000)	Prec@1 0.000 (0.000)	Prec@5 0.000 (0.000)
Epoch: [0][70/1340]	Time 14.332 (8.181)	Data 13.337 (7.079)	Class 6.7149 (6.9284)	Cons 0.0000 (0.0000)	Prec@1 0.000 (0.000)	Prec@5 0.000 (0.000)
Epoch: [0][80/1340]	Time 14.680 (8.130)	Data 13.680 (7.040)	Class 6.6770 (6.9009)	Cons 0.0000 (0.0000)	Prec@1 0.000 (0.000)	Prec@5 0.000 (0.000)
Epoch: [0][90/1340]	Time 14.783 (8.084)	Data 13.771 (7.003)	Class 6.6473 (6.8774)	Cons 0.0000 (0.0000)	Prec@1 0.000 (0.000)	Prec@5 0.000 (0.000)
Epoch: [0][100/1340]	Time 21.681 (8.374)	Data 20.699 (7.302)	Class 6.6418 (6.8582)	Cons 0.0000 (0.0000)	Prec@1 0.000 (0.000)	Prec@5 0.000 (0.000)
Epoch: [0][110/1340]	Time 16.391 (8.521)	Data 15.414 (7.457)	Class 6.6656 (6.8408)	Cons 0.0000 (0.0000)	Prec@1 0.000 (0.000)	Prec@5 0.000 (0.000)
Epoch: [0][120/1340]	Time 15.049 (8.618)	Data 14.076 (7.561)	Class 6.6523 (6.8263)	Cons 0.0000 (0.0000)	Prec@1 0.000 (0.000)	Prec@5 0.000 (0.000)
Epoch: [0][130/1340]	Time 11.471 (8.662)	Data 10.489 (7.612)	Class 6.6928 (6.8141)	Cons 0.0000 (0.0000)	Prec@1 0.000 (0.000)	Prec@5 0.000 (0.000)
Epoch: [0][140/1340]	Time 10.614 (8.660)	Data 9.646 (7.615)	Class 6.6299 (6.8022)	Cons 0.0000 (0.0000)	Prec@1 0.000 (0.000)	Prec@5 0.000 (0.000)
Epoch: [0][150/1340]	Time 8.603 (8.612)	Data 7.618 (7.570)	Class 6.7026 (6.7925)	Cons 0.0000 (0.0000)	Prec@1 0.000 (0.000)	Prec@5 0.000 (0.000)
Epoch: [0][160/1340]	Time 9.273 (8.547)	Data 8.288 (7.509)	Class 6.6588 (6.7832)	Cons 0.0000 (0.0000)	Prec@1 0.000 (0.000)	Prec@5 0.000 (0.000)
Epoch: [0][170/1340]	Time 14.297 (8.550)	Data 13.300 (7.515)	Class 6.6463 (6.7751)	Cons 0.0000 (0.0000)	Prec@1 0.000 (0.000)	Prec@5 0.000 (0.000)
Epoch: [0][180/1340]	Time 17.682 (8.684)	Data 16.693 (7.653)	Class 6.6609 (6.7677)	Cons 0.0000 (0.0000)	Prec@1 0.000 (0.000)	Prec@5 0.000 (0.000)
Epoch: [0][190/1340]	Time 12.348 (8.706)	Data 11.369 (7.677)	Class 6.5924 (6.7605)	Cons 0.0000 (0.0000)	Prec@1 0.000 (0.000)	Prec@5 0.000 (0.000)
Epoch: [0][200/1340]	Time 18.979 (8.721)	Data 18.002 (7.695)	Class 6.6133 (6.7540)	Cons 0.0000 (0.0000)	Prec@1 0.000 (0.000)	Prec@5 0.000 (0.000)
Epoch: [0][210/1340]	Time 15.531 (8.739)	Data 14.543 (7.715)	Class 6.6367 (6.7480)	Cons 0.0000 (0.0000)	Prec@1 0.000 (0.000)	Prec@5 0.000 (0.000)
Epoch: [0][220/1340]	Time 22.309 (8.793)	Data 21.325 (7.771)	Class 6.6583 (6.7432)	Cons 0.0000 (0.0000)	Prec@1 0.000 (0.000)	Prec@5 0.000 (0.000)
Epoch: [0][230/1340]	Time 25.537 (9.055)	Data 24.542 (8.035)	Class 6.6466 (6.7387)	Cons 0.0000 (0.0000)	Prec@1 0.000 (0.000)	Prec@5 0.000 (0.000)
Epoch: [0][240/1340]	Time 19.218 (9.200)	Data 18.237 (8.182)	Class 6.6291 (6.7343)	Cons 0.0000 (0.0000)	Prec@1 0.000 (0.000)	Prec@5 0.000 (0.000)
Epoch: [0][250/1340]	Time 22.021 (9.345)	Data 21.020 (8.328)	Class 6.6052 (6.7299)	Cons 0.0000 (0.0000)	Prec@1 0.000 (0.000)	Prec@5 0.000 (0.000)
Epoch: [0][260/1340]	Time 25.500 (9.491)	Data 24.509 (8.475)	Class 6.6169 (6.7260)	Cons 0.0000 (0.0000)	Prec@1 0.000 (0.000)	Prec@5 0.000 (0.000)
Epoch: [0][270/1340]	Time 15.440 (9.485)	Data 14.447 (8.470)	Class 6.6143 (6.7230)	Cons 0.0000 (0.0000)	Prec@1 0.000 (0.000)	Prec@5 0.000 (0.000)
Epoch: [0][280/1340]	Time 15.760 (9.436)	Data 14.775 (8.423)	Class 6.6212 (6.7196)	Cons 0.0000 (0.0000)	Prec@1 0.000 (0.000)	Prec@5 0.000 (0.000)
Epoch: [0][290/1340]	Time 15.120 (9.406)	Data 14.140 (8.394)	Class 6.6113 (6.7164)	Cons 0.0000 (0.0000)	Prec@1 0.000 (0.000)	Prec@5 0.000 (0.000)
Epoch: [0][300/1340]	Time 17.284 (9.380)	Data 16.304 (8.370)	Class 6.5927 (6.7132)	Cons 0.0000 (0.0000)	Prec@1 0.000 (0.000)	Prec@5 0.000 (0.000)
Epoch: [0][310/1340]	Time 18.769 (9.409)	Data 17.781 (8.399)	Class 6.5906 (6.7099)	Cons 0.0000 (0.0000)	Prec@1 0.000 (0.000)	Prec@5 0.000 (0.000)
Epoch: [0][320/1340]	Time 16.840 (9.389)	Data 15.856 (8.380)	Class 6.6438 (6.7074)	Cons 0.0000 (0.0000)	Prec@1 0.000 (0.000)	Prec@5 0.000 (0.000)
Epoch: [0][330/1340]	Time 13.918 (9.357)	Data 12.941 (8.349)	Class 6.6530 (6.7050)	Cons 0.0000 (0.0000)	Prec@1 0.000 (0.000)	Prec@5 0.000 (0.000)
Epoch: [0][340/1340]	Time 14.207 (9.323)	Data 13.222 (8.316)	Class 6.5999 (6.7026)	Cons 0.0000 (0.0000)	Prec@1 0.000 (0.000)	Prec@5 0.000 (0.000)
Epoch: [0][350/1340]	Time 17.842 (9.339)	Data 16.845 (8.332)	Class 6.6195 (6.7003)	Cons 0.0000 (0.0000)	Prec@1 0.000 (0.000)	Prec@5 0.000 (0.000)
Epoch: [0][360/1340]	Time 27.745 (9.378)	Data 26.746 (8.372)	Class 6.6150 (6.6980)	Cons 0.0000 (0.0000)	Prec@1 0.000 (0.000)	Prec@5 0.000 (0.000)
Epoch: [0][370/1340]	Time 23.560 (9.443)	Data 22.566 (8.438)	Class 6.5824 (6.6956)	Cons 0.0000 (0.0000)	Prec@1 0.000 (0.000)	Prec@5 0.000 (0.000)
Epoch: [0][380/1340]	Time 20.216 (9.453)	Data 19.236 (8.449)	Class 6.6132 (6.6933)	Cons 0.0000 (0.0000)	Prec@1 0.000 (0.000)	Prec@5 0.000 (0.000)
Epoch: [0][390/1340]	Time 22.219 (9.501)	Data 21.228 (8.497)	Class 6.6213 (6.6916)	Cons 0.0000 (0.0000)	Prec@1 0.000 (0.000)	Prec@5 0.000 (0.000)
Epoch: [0][400/1340]	Time 22.193 (9.571)	Data 21.216 (8.568)	Class 6.6088 (6.6896)	Cons 0.0000 (0.0000)	Prec@1 0.000 (0.000)	Prec@5 0.000 (0.000)
Epoch: [0][410/1340]	Time 16.245 (9.540)	Data 15.255 (8.537)	Class 6.6015 (6.6877)	Cons 0.0000 (0.0000)	Prec@1 0.000 (0.000)	Prec@5 0.000 (0.000)
Epoch: [0][420/1340]	Time 13.918 (9.501)	Data 12.935 (8.499)	Class 6.5970 (6.6858)	Cons 0.0000 (0.0000)	Prec@1 0.000 (0.000)	Prec@5 0.000 (0.000)
Epoch: [0][430/1340]	Time 16.114 (9.470)	Data 15.121 (8.468)	Class 6.5743 (6.6838)	Cons 0.0000 (0.0000)	Prec@1 0.000 (0.000)	Prec@5 0.000 (0.000)
Epoch: [0][440/1340]	Time 18.175 (9.469)	Data 17.188 (8.467)	Class 6.6009 (6.6822)	Cons 0.0000 (0.0000)	Prec@1 0.000 (0.000)	Prec@5 0.000 (0.000)
Epoch: [0][450/1340]	Time 15.669 (9.453)	Data 14.697 (8.452)	Class 6.5618 (6.6805)	Cons 0.0000 (0.0000)	Prec@1 0.000 (0.000)	Prec@5 0.000 (0.000)
Epoch: [0][460/1340]	Time 15.906 (9.433)	Data 14.922 (8.433)	Class 6.6101 (6.6788)	Cons 0.0000 (0.0000)	Prec@1 0.000 (0.000)	Prec@5 0.000 (0.000)
Epoch: [0][470/1340]	Time 14.580 (9.403)	Data 13.610 (8.404)	Class 6.6197 (6.6774)	Cons 0.0000 (0.0000)	Prec@1 0.000 (0.000)	Prec@5 0.000 (0.000)
Epoch: [0][480/1340]	Time 22.859 (9.466)	Data 21.858 (8.467)	Class 6.5714 (6.6758)	Cons 0.0000 (0.0000)	Prec@1 0.000 (0.000)	Prec@5 0.000 (0.000)
Epoch: [0][490/1340]	Time 18.956 (9.512)	Data 17.966 (8.513)	Class 6.5682 (6.6745)	Cons 0.0000 (0.0000)	Prec@1 0.000 (0.000)	Prec@5 0.000 (0.000)
Epoch: [0][500/1340]	Time 14.886 (9.526)	Data 13.913 (8.528)	Class 6.6032 (6.6732)	Cons 0.0000 (0.0000)	Prec@1 0.000 (0.000)	Prec@5 0.000 (0.000)
Epoch: [0][510/1340]	Time 19.750 (9.545)	Data 18.761 (8.547)	Class 6.6119 (6.6717)	Cons 0.0000 (0.0000)	Prec@1 0.000 (0.000)	Prec@5 0.000 (0.000)
Epoch: [0][520/1340]	Time 19.178 (9.559)	Data 18.198 (8.561)	Class 6.6073 (6.6702)	Cons 0.0000 (0.0000)	Prec@1 0.000 (0.000)	Prec@5 0.000 (0.000)
Epoch: [0][530/1340]	Time 16.272 (9.548)	Data 15.299 (8.550)	Class 6.6419 (6.6689)	Cons 0.0000 (0.0000)	Prec@1 0.000 (0.000)	Prec@5 0.000 (0.000)
Epoch: [0][540/1340]	Time 15.077 (9.521)	Data 14.065 (8.524)	Class 6.5918 (6.6676)	Cons 0.0000 (0.0000)	Prec@1 0.000 (0.000)	Prec@5 0.000 (0.000)
Epoch: [0][550/1340]	Time 18.711 (9.500)	Data 17.716 (8.503)	Class 6.5832 (6.6662)	Cons 0.0000 (0.0000)	Prec@1 0.000 (0.000)	Prec@5 0.000 (0.000)
Epoch: [0][560/1340]	Time 15.203 (9.475)	Data 14.225 (8.479)	Class 6.5706 (6.6651)	Cons 0.0000 (0.0000)	Prec@1 0.000 (0.000)	Prec@5 0.000 (0.000)
Epoch: [0][570/1340]	Time 14.517 (9.450)	Data 13.550 (8.454)	Class 6.6068 (6.6637)	Cons 0.0000 (0.0000)	Prec@1 0.000 (0.000)	Prec@5 0.000 (0.000)
Epoch: [0][580/1340]	Time 15.149 (9.430)	Data 14.164 (8.434)	Class 6.6160 (6.6626)	Cons 0.0000 (0.0000)	Prec@1 0.000 (0.000)	Prec@5 0.000 (0.000)
Epoch: [0][590/1340]	Time 15.046 (9.405)	Data 14.054 (8.410)	Class 6.5608 (6.6614)	Cons 0.0000 (0.0000)	Prec@1 0.000 (0.000)	Prec@5 0.000 (0.000)
Epoch: [0][600/1340]	Time 15.413 (9.389)	Data 14.415 (8.395)	Class 6.6058 (6.6604)	Cons 0.0000 (0.0000)	Prec@1 0.000 (0.000)	Prec@5 0.000 (0.000)
Epoch: [0][610/1340]	Time 14.587 (9.364)	Data 13.611 (8.370)	Class 6.5880 (6.6592)	Cons 0.0000 (0.0000)	Prec@1 0.000 (0.000)	Prec@5 0.000 (0.000)
Epoch: [0][620/1340]	Time 14.764 (9.347)	Data 13.790 (8.353)	Class 6.5785 (6.6582)	Cons 0.0000 (0.0000)	Prec@1 0.000 (0.000)	Prec@5 0.000 (0.000)
Epoch: [0][630/1340]	Time 15.671 (9.326)	Data 14.667 (8.332)	Class 6.5787 (6.6570)	Cons 0.0000 (0.0000)	Prec@1 0.000 (0.000)	Prec@5 0.000 (0.000)
Epoch: [0][640/1340]	Time 17.455 (9.316)	Data 16.459 (8.322)	Class 6.5599 (6.6559)	Cons 0.0000 (0.0000)	Prec@1 0.000 (0.000)	Prec@5 0.000 (0.000)
Epoch: [0][650/1340]	Time 23.207 (9.343)	Data 22.215 (8.349)	Class 6.6165 (6.6548)	Cons 0.0000 (0.0000)	Prec@1 0.000 (0.000)	Prec@5 0.000 (0.000)
Epoch: [0][660/1340]	Time 18.538 (9.363)	Data 17.563 (8.370)	Class 6.5314 (6.6538)	Cons 0.0000 (0.0000)	Prec@1 0.000 (0.000)	Prec@5 0.000 (0.000)
Epoch: [0][670/1340]	Time 19.571 (9.381)	Data 18.588 (8.388)	Class 6.5875 (6.6529)	Cons 0.0000 (0.0000)	Prec@1 0.000 (0.000)	Prec@5 0.000 (0.000)
Epoch: [0][680/1340]	Time 15.448 (9.390)	Data 14.437 (8.397)	Class 6.5535 (6.6518)	Cons 0.0000 (0.0000)	Prec@1 0.000 (0.000)	Prec@5 0.000 (0.000)
Epoch: [0][690/1340]	Time 20.050 (9.411)	Data 19.066 (8.418)	Class 6.5782 (6.6508)	Cons 0.0000 (0.0000)	Prec@1 0.000 (0.000)	Prec@5 0.000 (0.000)
Epoch: [0][700/1340]	Time 14.547 (9.395)	Data 13.550 (8.403)	Class 6.5897 (6.6499)	Cons 0.0000 (0.0000)	Prec@1 0.000 (0.000)	Prec@5 0.000 (0.000)
Epoch: [0][710/1340]	Time 14.456 (9.375)	Data 13.478 (8.382)	Class 6.6019 (6.6492)	Cons 0.0000 (0.0000)	Prec@1 0.000 (0.000)	Prec@5 0.000 (0.000)
Epoch: [0][720/1340]	Time 15.294 (9.359)	Data 14.312 (8.367)	Class 6.6180 (6.6483)	Cons 0.0000 (0.0000)	Prec@1 0.000 (0.000)	Prec@5 0.000 (0.000)
Epoch: [0][730/1340]	Time 13.404 (9.338)	Data 12.427 (8.346)	Class 6.5576 (6.6473)	Cons 0.0000 (0.0000)	Prec@1 0.000 (0.000)	Prec@5 0.000 (0.000)
Epoch: [0][740/1340]	Time 16.871 (9.325)	Data 15.872 (8.333)	Class 6.5877 (6.6465)	Cons 0.0000 (0.0000)	Prec@1 0.000 (0.000)	Prec@5 0.000 (0.000)
Epoch: [0][750/1340]	Time 14.690 (9.303)	Data 13.694 (8.311)	Class 6.5992 (6.6457)	Cons 0.0000 (0.0000)	Prec@1 0.000 (0.000)	Prec@5 0.000 (0.000)
Epoch: [0][760/1340]	Time 20.110 (9.311)	Data 19.113 (8.320)	Class 6.5744 (6.6449)	Cons 0.0000 (0.0000)	Prec@1 0.000 (0.000)	Prec@5 0.000 (0.000)
Epoch: [0][770/1340]	Time 18.040 (9.326)	Data 17.047 (8.334)	Class 6.5923 (6.6440)	Cons 0.0000 (0.0000)	Prec@1 0.000 (0.000)	Prec@5 0.000 (0.000)
Epoch: [0][780/1340]	Time 19.503 (9.329)	Data 18.521 (8.338)	Class 6.5638 (6.6432)	Cons 0.0000 (0.0000)	Prec@1 0.000 (0.000)	Prec@5 0.000 (0.000)
Epoch: [0][790/1340]	Time 16.544 (9.326)	Data 15.577 (8.335)	Class 6.5190 (6.6425)	Cons 0.0000 (0.0000)	Prec@1 0.000 (0.000)	Prec@5 0.000 (0.000)
Epoch: [0][800/1340]	Time 21.433 (9.334)	Data 20.459 (8.344)	Class 6.5775 (6.6417)	Cons 0.0000 (0.0000)	Prec@1 0.000 (0.000)	Prec@5 0.000 (0.000)
Epoch: [0][810/1340]	Time 14.064 (9.313)	Data 13.097 (8.322)	Class 6.5679 (6.6407)	Cons 0.0000 (0.0000)	Prec@1 0.000 (0.000)	Prec@5 0.000 (0.000)
Epoch: [0][820/1340]	Time 15.904 (9.306)	Data 14.928 (8.316)	Class 6.5550 (6.6399)	Cons 0.0000 (0.0000)	Prec@1 0.000 (0.000)	Prec@5 0.000 (0.000)
Epoch: [0][830/1340]	Time 14.005 (9.288)	Data 13.020 (8.297)	Class 6.5883 (6.6393)	Cons 0.0000 (0.0000)	Prec@1 0.000 (0.000)	Prec@5 0.000 (0.000)
Epoch: [0][840/1340]	Time 20.554 (9.288)	Data 19.579 (8.298)	Class 6.5606 (6.6386)	Cons 0.0000 (0.0000)	Prec@1 0.000 (0.000)	Prec@5 0.000 (0.000)
Epoch: [0][850/1340]	Time 12.684 (9.271)	Data 11.714 (8.281)	Class 6.5912 (6.6380)	Cons 0.0000 (0.0000)	Prec@1 0.000 (0.000)	Prec@5 0.000 (0.000)
Epoch: [0][860/1340]	Time 16.338 (9.261)	Data 15.364 (8.271)	Class 6.5725 (6.6372)	Cons 0.0000 (0.0000)	Prec@1 0.000 (0.000)	Prec@5 0.000 (0.000)
Epoch: [0][870/1340]	Time 14.314 (9.245)	Data 13.337 (8.255)	Class 6.5836 (6.6365)	Cons 0.0000 (0.0000)	Prec@1 0.000 (0.000)	Prec@5 0.000 (0.000)
Epoch: [0][880/1340]	Time 15.200 (9.232)	Data 14.222 (8.243)	Class 6.5946 (6.6358)	Cons 0.0000 (0.0000)	Prec@1 0.000 (0.000)	Prec@5 0.000 (0.000)
Epoch: [0][890/1340]	Time 14.469 (9.219)	Data 13.489 (8.230)	Class 6.5317 (6.6350)	Cons 0.0000 (0.0000)	Prec@1 0.000 (0.000)	Prec@5 0.000 (0.000)
Epoch: [0][900/1340]	Time 17.269 (9.208)	Data 16.276 (8.219)	Class 6.5435 (6.6342)	Cons 0.0000 (0.0000)	Prec@1 0.000 (0.000)	Prec@5 0.000 (0.000)
Epoch: [0][910/1340]	Time 12.992 (9.193)	Data 12.006 (8.204)	Class 6.5716 (6.6335)	Cons 0.0000 (0.0000)	Prec@1 0.000 (0.000)	Prec@5 0.000 (0.000)
Epoch: [0][920/1340]	Time 15.538 (9.182)	Data 14.559 (8.193)	Class 6.5550 (6.6329)	Cons 0.0000 (0.0000)	Prec@1 0.000 (0.000)	Prec@5 0.000 (0.000)
Epoch: [0][930/1340]	Time 15.234 (9.177)	Data 14.256 (8.188)	Class 6.5740 (6.6322)	Cons 0.0000 (0.0000)	Prec@1 0.000 (0.000)	Prec@5 0.000 (0.000)
Epoch: [0][940/1340]	Time 16.097 (9.172)	Data 15.125 (8.183)	Class 6.5671 (6.6315)	Cons 0.0000 (0.0000)	Prec@1 0.000 (0.000)	Prec@5 0.000 (0.000)
Epoch: [0][950/1340]	Time 18.842 (9.180)	Data 17.864 (8.191)	Class 6.5540 (6.6309)	Cons 0.0000 (0.0000)	Prec@1 0.000 (0.000)	Prec@5 0.000 (0.000)
Epoch: [0][960/1340]	Time 23.060 (9.201)	Data 22.073 (8.212)	Class 6.5709 (6.6302)	Cons 0.0000 (0.0000)	Prec@1 0.000 (0.000)	Prec@5 0.000 (0.000)
Epoch: [0][970/1340]	Time 18.799 (9.215)	Data 17.825 (8.227)	Class 6.6090 (6.6296)	Cons 0.0000 (0.0000)	Prec@1 0.000 (0.000)	Prec@5 0.000 (0.000)
Epoch: [0][980/1340]	Time 9.300 (9.224)	Data 8.331 (8.235)	Class 6.5854 (6.6288)	Cons 0.0000 (0.0000)	Prec@1 0.000 (0.000)	Prec@5 0.000 (0.000)
Epoch: [0][990/1340]	Time 5.586 (9.221)	Data 4.618 (8.233)	Class 6.5816 (6.6284)	Cons 0.0000 (0.0000)	Prec@1 0.000 (0.000)	Prec@5 0.000 (0.000)
Epoch: [0][1000/1340]	Time 5.288 (9.211)	Data 4.315 (8.222)	Class 6.5670 (6.6277)	Cons 0.0000 (0.0000)	Prec@1 0.000 (0.000)	Prec@5 0.000 (0.000)
Epoch: [0][1010/1340]	Time 4.196 (9.195)	Data 3.227 (8.207)	Class 6.5928 (6.6272)	Cons 0.0000 (0.0000)	Prec@1 0.000 (0.000)	Prec@5 0.000 (0.000)
Epoch: [0][1020/1340]	Time 4.241 (9.184)	Data 3.263 (8.196)	Class 6.5798 (6.6267)	Cons 0.0000 (0.0000)	Prec@1 0.000 (0.000)	Prec@5 0.000 (0.000)
Epoch: [0][1030/1340]	Time 5.276 (9.172)	Data 4.288 (8.184)	Class 6.5813 (6.6259)	Cons 0.0000 (0.0000)	Prec@1 0.000 (0.000)	Prec@5 0.000 (0.000)
Epoch: [0][1040/1340]	Time 11.667 (9.179)	Data 10.685 (8.191)	Class 6.5691 (6.6253)	Cons 0.0000 (0.0000)	Prec@1 0.000 (0.000)	Prec@5 0.000 (0.000)
Epoch: [0][1050/1340]	Time 7.926 (9.184)	Data 6.936 (8.196)	Class 6.5659 (6.6246)	Cons 0.0000 (0.0000)	Prec@1 0.000 (0.000)	Prec@5 0.000 (0.000)
Epoch: [0][1060/1340]	Time 13.074 (9.196)	Data 12.105 (8.208)	Class 6.5716 (6.6241)	Cons 0.0000 (0.0000)	Prec@1 0.000 (0.000)	Prec@5 0.000 (0.000)
Epoch: [0][1070/1340]	Time 12.380 (9.206)	Data 11.395 (8.219)	Class 6.5408 (6.6234)	Cons 0.0000 (0.0000)	Prec@1 0.000 (0.000)	Prec@5 0.000 (0.000)
Epoch: [0][1080/1340]	Time 14.196 (9.213)	Data 13.200 (8.225)	Class 6.5711 (6.6229)	Cons 0.0000 (0.0000)	Prec@1 0.000 (0.000)	Prec@5 0.000 (0.000)
Epoch: [0][1090/1340]	Time 10.609 (9.206)	Data 9.637 (8.218)	Class 6.6046 (6.6223)	Cons 0.0000 (0.0000)	Prec@1 0.000 (0.000)	Prec@5 0.000 (0.000)
Epoch: [0][1100/1340]	Time 11.786 (9.197)	Data 10.801 (8.209)	Class 6.5267 (6.6218)	Cons 0.0000 (0.0000)	Prec@1 0.000 (0.000)	Prec@5 0.000 (0.000)
Epoch: [0][1110/1340]	Time 9.920 (9.182)	Data 8.936 (8.194)	Class 6.5909 (6.6213)	Cons 0.0000 (0.0000)	Prec@1 0.000 (0.000)	Prec@5 0.000 (0.000)
Epoch: [0][1120/1340]	Time 8.888 (9.171)	Data 7.908 (8.183)	Class 6.5419 (6.6207)	Cons 0.0000 (0.0000)	Prec@1 0.000 (0.000)	Prec@5 0.000 (0.000)
Epoch: [0][1130/1340]	Time 7.691 (9.161)	Data 6.697 (8.173)	Class 6.5694 (6.6202)	Cons 0.0000 (0.0000)	Prec@1 0.000 (0.000)	Prec@5 0.000 (0.000)
Epoch: [0][1140/1340]	Time 7.213 (9.148)	Data 6.242 (8.160)	Class 6.5794 (6.6197)	Cons 0.0000 (0.0000)	Prec@1 0.000 (0.000)	Prec@5 0.000 (0.000)
Epoch: [0][1150/1340]	Time 5.479 (9.136)	Data 4.480 (8.149)	Class 6.5729 (6.6192)	Cons 0.0000 (0.0000)	Prec@1 0.000 (0.000)	Prec@5 0.000 (0.000)
Epoch: [0][1160/1340]	Time 6.193 (9.124)	Data 5.212 (8.137)	Class 6.5757 (6.6189)	Cons 0.0000 (0.0000)	Prec@1 0.000 (0.000)	Prec@5 0.000 (0.000)
Epoch: [0][1170/1340]	Time 7.093 (9.116)	Data 6.107 (8.129)	Class 6.5673 (6.6183)	Cons 0.0000 (0.0000)	Prec@1 0.000 (0.000)	Prec@5 0.000 (0.000)
Epoch: [0][1180/1340]	Time 7.684 (9.106)	Data 6.683 (8.119)	Class 6.5311 (6.6179)	Cons 0.0000 (0.0000)	Prec@1 0.000 (0.000)	Prec@5 0.000 (0.000)
Epoch: [0][1190/1340]	Time 11.529 (9.101)	Data 10.542 (8.114)	Class 6.5102 (6.6173)	Cons 0.0000 (0.0000)	Prec@1 0.000 (0.000)	Prec@5 0.000 (0.000)
Epoch: [0][1200/1340]	Time 12.181 (9.094)	Data 11.210 (8.107)	Class 6.5432 (6.6167)	Cons 0.0000 (0.0000)	Prec@1 0.000 (0.000)	Prec@5 0.000 (0.000)
Epoch: [0][1210/1340]	Time 13.461 (9.089)	Data 12.490 (8.102)	Class 6.5978 (6.6163)	Cons 0.0000 (0.0000)	Prec@1 0.000 (0.000)	Prec@5 0.000 (0.000)
Epoch: [0][1220/1340]	Time 10.243 (9.074)	Data 9.260 (8.087)	Class 6.5574 (6.6159)	Cons 0.0000 (0.0000)	Prec@1 0.000 (0.000)	Prec@5 0.000 (0.000)
Epoch: [0][1230/1340]	Time 13.245 (9.063)	Data 12.276 (8.076)	Class 6.5706 (6.6154)	Cons 0.0000 (0.0000)	Prec@1 0.000 (0.000)	Prec@5 0.000 (0.000)
Epoch: [0][1240/1340]	Time 16.777 (9.055)	Data 15.775 (8.068)	Class 6.5644 (6.6149)	Cons 0.0000 (0.0000)	Prec@1 0.000 (0.000)	Prec@5 0.000 (0.000)
Epoch: [0][1250/1340]	Time 21.530 (9.061)	Data 20.524 (8.074)	Class 6.5101 (6.6145)	Cons 0.0000 (0.0000)	Prec@1 0.000 (0.000)	Prec@5 0.000 (0.000)
Epoch: [0][1260/1340]	Time 17.538 (9.065)	Data 16.557 (8.078)	Class 6.5620 (6.6141)	Cons 0.0000 (0.0000)	Prec@1 0.000 (0.000)	Prec@5 0.000 (0.000)
Epoch: [0][1270/1340]	Time 19.459 (9.068)	Data 18.461 (8.082)	Class 6.5457 (6.6137)	Cons 0.0000 (0.0000)	Prec@1 0.000 (0.000)	Prec@5 0.000 (0.000)
Epoch: [0][1280/1340]	Time 17.003 (9.070)	Data 16.014 (8.083)	Class 6.5911 (6.6133)	Cons 0.0000 (0.0000)	Prec@1 0.000 (0.000)	Prec@5 0.000 (0.000)
Epoch: [0][1290/1340]	Time 17.728 (9.069)	Data 16.749 (8.083)	Class 6.5623 (6.6129)	Cons 0.0000 (0.0000)	Prec@1 0.000 (0.000)	Prec@5 0.000 (0.000)
Epoch: [0][1300/1340]	Time 15.372 (9.069)	Data 14.404 (8.082)	Class 6.5373 (6.6124)	Cons 0.0000 (0.0000)	Prec@1 0.000 (0.000)	Prec@5 0.000 (0.000)
Epoch: [0][1310/1340]	Time 14.444 (9.059)	Data 13.474 (8.073)	Class 6.5625 (6.6120)	Cons 0.0000 (0.0000)	Prec@1 0.000 (0.000)	Prec@5 0.000 (0.000)
Epoch: [0][1320/1340]	Time 16.596 (9.050)	Data 15.615 (8.064)	Class 6.5955 (6.6116)	Cons 0.0000 (0.0000)	Prec@1 0.000 (0.000)	Prec@5 0.000 (0.000)
Epoch: [0][1330/1340]	Time 19.538 (9.054)	Data 18.567 (8.068)	Class 6.5521 (6.6112)	Cons 0.0000 (0.0000)	Prec@1 0.000 (0.000)	Prec@5 0.000 (0.000)
--- training epoch in 12141.531449317932 seconds ---
Evaluating the primary model:
Test: [0/125]	Time 15.682 (15.682)	Data 15.407 (15.407)	Class 6.3256 (6.0000)	Prec@1 0.000 (0.000)	Prec@5 0.000 (0.000)
Traceback (most recent call last):
  File "experiments/ssl_mt_shake_short.py", line 77, in <module>
    run(**parameters())
  File "experiments/ssl_mt_shake_short.py", line 73, in run
    main.main(context)
  File "./main.py", line 161, in main
    prec1 = validate(eval_loader, model, validation_log, global_step, epoch + 1, device=device)
  File "./main.py", line 416, in validate
    output1, output2 = model(input_var)
  File "/home/ijh216/pytorch/py3.6.3/lib/python3.6/site-packages/torch/nn/modules/module.py", line 489, in __call__
    result = self.forward(*input, **kwargs)
  File "/home/ijh216/pytorch/py3.6.3/lib/python3.6/site-packages/torch/nn/parallel/data_parallel.py", line 143, in forward
    outputs = self.parallel_apply(replicas, inputs, kwargs)
  File "/home/ijh216/pytorch/py3.6.3/lib/python3.6/site-packages/torch/nn/parallel/data_parallel.py", line 153, in parallel_apply
    return parallel_apply(replicas, inputs, kwargs, self.device_ids[:len(replicas)])
  File "/home/ijh216/pytorch/py3.6.3/lib/python3.6/site-packages/torch/nn/parallel/parallel_apply.py", line 83, in parallel_apply
    raise output
  File "/home/ijh216/pytorch/py3.6.3/lib/python3.6/site-packages/torch/nn/parallel/parallel_apply.py", line 59, in _worker
    output = module(*input, **kwargs)
  File "/home/ijh216/pytorch/py3.6.3/lib/python3.6/site-packages/torch/nn/modules/module.py", line 489, in __call__
    result = self.forward(*input, **kwargs)
  File "./mean_teacher/architectures.py", line 172, in forward
    x = self.layer1(x)
  File "/home/ijh216/pytorch/py3.6.3/lib/python3.6/site-packages/torch/nn/modules/module.py", line 489, in __call__
    result = self.forward(*input, **kwargs)
  File "/home/ijh216/pytorch/py3.6.3/lib/python3.6/site-packages/torch/nn/modules/container.py", line 92, in forward
    input = module(input)
  File "/home/ijh216/pytorch/py3.6.3/lib/python3.6/site-packages/torch/nn/modules/module.py", line 489, in __call__
    result = self.forward(*input, **kwargs)
  File "./mean_teacher/architectures.py", line 261, in forward
    b = self.conv_b1(b)
  File "/home/ijh216/pytorch/py3.6.3/lib/python3.6/site-packages/torch/nn/modules/module.py", line 489, in __call__
    result = self.forward(*input, **kwargs)
  File "/home/ijh216/pytorch/py3.6.3/lib/python3.6/site-packages/torch/nn/modules/conv.py", line 320, in forward
    self.padding, self.dilation, self.groups)
RuntimeError: CUDA out of memory. Tried to allocate 96.00 MiB (GPU 0; 7.93 GiB total capacity; 7.10 GiB already allocated; 66.56 MiB free; 124.70 MiB cached)
